nohup: ignoring input
Nettoyage du port 8090...
Port déjà libre.
[2m2026-03-30T14:38:59.645553Z[0m [32m INFO[0m [2mmoshi_server[0m[2m:[0m [2m/root/.cargo/registry/src/index.crates.io-1949cf8c6b5b557f/moshi-server-0.6.4/src/main.rs[0m[2m:[0m[2m475:[0m [3mbuild_info[0m[2m=[0mBuildInfo { build_timestamp: "2026-03-30T10:16:10.186070131Z", build_date: "2026-03-30", git_branch: "VERGEN_IDEMPOTENT_OUTPUT", git_timestamp: "VERGEN_IDEMPOTENT_OUTPUT", git_date: "VERGEN_IDEMPOTENT_OUTPUT", git_hash: "VERGEN_IDEMPOTENT_OUTPUT", git_describe: "VERGEN_IDEMPOTENT_OUTPUT", rustc_host_triple: "x86_64-unknown-linux-gnu", rustc_version: "1.94.1", cargo_target_triple: "x86_64-unknown-linux-gnu" }
[2m2026-03-30T14:38:59.645599Z[0m [32m INFO[0m [2mmoshi_server[0m[2m:[0m [2m/root/.cargo/registry/src/index.crates.io-1949cf8c6b5b557f/moshi-server-0.6.4/src/main.rs[0m[2m:[0m[2m549:[0m starting worker [3mnum_workers[0m[2m=[0m5
[2m2026-03-30T14:39:00.757448Z[0m [32m INFO[0m [2mmoshi_server[0m[2m:[0m [2m/root/.cargo/registry/src/index.crates.io-1949cf8c6b5b557f/moshi-server-0.6.4/src/main.rs[0m[2m:[0m[2m576:[0m listening on http://0.0.0.0:8090
[2m2026-03-30T14:39:00.757505Z[0m [32m INFO[0m [2mmoshi_server::batched_asr[0m[2m:[0m [2m/root/.cargo/registry/src/index.crates.io-1949cf8c6b5b557f/moshi-server-0.6.4/src/batched_asr.rs[0m[2m:[0m[2m226:[0m warming-up the asr
[2m2026-03-30T14:39:00.962921Z[0m [32m INFO[0m [2mmoshi_server::batched_asr[0m[2m:[0m [2m/root/.cargo/registry/src/index.crates.io-1949cf8c6b5b557f/moshi-server-0.6.4/src/batched_asr.rs[0m[2m:[0m[2m228:[0m starting asr loop 1
[2m2026-03-30T14:39:24.999418Z[0m [32m INFO[0m [2mmoshi_server[0m[2m:[0m [2m/root/.cargo/registry/src/index.crates.io-1949cf8c6b5b557f/moshi-server-0.6.4/src/main.rs[0m[2m:[0m[2m884:[0m handling batched asr-streaming query
[2m2026-03-30T14:39:24.999539Z[0m [32m INFO[0m [2mmoshi_server::batched_asr[0m[2m:[0m [2m/root/.cargo/registry/src/index.crates.io-1949cf8c6b5b557f/moshi-server-0.6.4/src/batched_asr.rs[0m[2m:[0m[2m570:[0m batched-asr ws query [3mquery[0m[2m=[0mAsrStreamingQuery { auth_id: None }
[2m2026-03-30T14:39:24.999668Z[0m [32m INFO[0m [2mmoshi_server::batched_asr[0m[2m:[0m [2m/root/.cargo/registry/src/index.crates.io-1949cf8c6b5b557f/moshi-server-0.6.4/src/batched_asr.rs[0m[2m:[0m[2m589:[0m batched-asr channel [3mbatch_idx[0m[2m=[0m0
[2m2026-03-30T14:39:25.229623Z[0m [32m INFO[0m [2mmoshi_server::batched_asr[0m[2m:[0m [2m/root/.cargo/registry/src/index.crates.io-1949cf8c6b5b557f/moshi-server-0.6.4/src/batched_asr.rs[0m[2m:[0m[2m268:[0m 13.65ms [3mstep_idx[0m[2m=[0m0 [3mwith_data[0m[2m=[0m1
[2m2026-03-30T14:39:25.244944Z[0m [32m INFO[0m [2mmoshi_server::batched_asr[0m[2m:[0m [2m/root/.cargo/registry/src/index.crates.io-1949cf8c6b5b557f/moshi-server-0.6.4/src/batched_asr.rs[0m[2m:[0m[2m268:[0m 13.17ms [3mstep_idx[0m[2m=[0m1 [3mwith_data[0m[2m=[0m1
[2m2026-03-30T14:39:25.272631Z[0m [32m INFO[0m [2mmoshi_server::batched_asr[0m[2m:[0m [2m/root/.cargo/registry/src/index.crates.io-1949cf8c6b5b557f/moshi-server-0.6.4/src/batched_asr.rs[0m[2m:[0m[2m268:[0m 13.18ms [3mstep_idx[0m[2m=[0m2 [3mwith_data[0m[2m=[0m1
[2m2026-03-30T14:39:25.368398Z[0m [32m INFO[0m [2mmoshi_server::batched_asr[0m[2m:[0m [2m/root/.cargo/registry/src/index.crates.io-1949cf8c6b5b557f/moshi-server-0.6.4/src/batched_asr.rs[0m[2m:[0m[2m268:[0m 13.29ms [3mstep_idx[0m[2m=[0m3 [3mwith_data[0m[2m=[0m1
[2m2026-03-30T14:39:25.412534Z[0m [32m INFO[0m [2mmoshi_server::batched_asr[0m[2m:[0m [2m/root/.cargo/registry/src/index.crates.io-1949cf8c6b5b557f/moshi-server-0.6.4/src/batched_asr.rs[0m[2m:[0m[2m268:[0m 13.14ms [3mstep_idx[0m[2m=[0m4 [3mwith_data[0m[2m=[0m1
[2m2026-03-30T14:39:25.491694Z[0m [32m INFO[0m [2mmoshi_server::batched_asr[0m[2m:[0m [2m/root/.cargo/registry/src/index.crates.io-1949cf8c6b5b557f/moshi-server-0.6.4/src/batched_asr.rs[0m[2m:[0m[2m268:[0m 13.16ms [3mstep_idx[0m[2m=[0m5 [3mwith_data[0m[2m=[0m1
[2m2026-03-30T14:39:25.572901Z[0m [32m INFO[0m [2mmoshi_server::batched_asr[0m[2m:[0m [2m/root/.cargo/registry/src/index.crates.io-1949cf8c6b5b557f/moshi-server-0.6.4/src/batched_asr.rs[0m[2m:[0m[2m268:[0m 13.13ms [3mstep_idx[0m[2m=[0m6 [3mwith_data[0m[2m=[0m1
[2m2026-03-30T14:39:25.652042Z[0m [32m INFO[0m [2mmoshi_server::batched_asr[0m[2m:[0m [2m/root/.cargo/registry/src/index.crates.io-1949cf8c6b5b557f/moshi-server-0.6.4/src/batched_asr.rs[0m[2m:[0m[2m268:[0m 13.14ms [3mstep_idx[0m[2m=[0m7 [3mwith_data[0m[2m=[0m1
[2m2026-03-30T14:39:25.731234Z[0m [32m INFO[0m [2mmoshi_server::batched_asr[0m[2m:[0m [2m/root/.cargo/registry/src/index.crates.io-1949cf8c6b5b557f/moshi-server-0.6.4/src/batched_asr.rs[0m[2m:[0m[2m268:[0m 13.19ms [3mstep_idx[0m[2m=[0m8 [3mwith_data[0m[2m=[0m1
[2m2026-03-30T14:39:25.812457Z[0m [32m INFO[0m [2mmoshi_server::batched_asr[0m[2m:[0m [2m/root/.cargo/registry/src/index.crates.io-1949cf8c6b5b557f/moshi-server-0.6.4/src/batched_asr.rs[0m[2m:[0m[2m268:[0m 13.17ms [3mstep_idx[0m[2m=[0m9 [3mwith_data[0m[2m=[0m1
[2m2026-03-30T14:39:25.893688Z[0m [32m INFO[0m [2mmoshi_server::batched_asr[0m[2m:[0m [2m/root/.cargo/registry/src/index.crates.io-1949cf8c6b5b557f/moshi-server-0.6.4/src/batched_asr.rs[0m[2m:[0m[2m268:[0m 13.15ms [3mstep_idx[0m[2m=[0m10 [3mwith_data[0m[2m=[0m1
[2m2026-03-30T14:39:25.972837Z[0m [32m INFO[0m [2mmoshi_server::batched_asr[0m[2m:[0m [2m/root/.cargo/registry/src/index.crates.io-1949cf8c6b5b557f/moshi-server-0.6.4/src/batched_asr.rs[0m[2m:[0m[2m268:[0m 13.13ms [3mstep_idx[0m[2m=[0m11 [3mwith_data[0m[2m=[0m1
[2m2026-03-30T14:39:26.051931Z[0m [32m INFO[0m [2mmoshi_server::batched_asr[0m[2m:[0m [2m/root/.cargo/registry/src/index.crates.io-1949cf8c6b5b557f/moshi-server-0.6.4/src/batched_asr.rs[0m[2m:[0m[2m268:[0m 13.09ms [3mstep_idx[0m[2m=[0m12 [3mwith_data[0m[2m=[0m1
[2m2026-03-30T14:39:26.133111Z[0m [32m INFO[0m [2mmoshi_server::batched_asr[0m[2m:[0m [2m/root/.cargo/registry/src/index.crates.io-1949cf8c6b5b557f/moshi-server-0.6.4/src/batched_asr.rs[0m[2m:[0m[2m268:[0m 13.14ms [3mstep_idx[0m[2m=[0m13 [3mwith_data[0m[2m=[0m1
[2m2026-03-30T14:39:26.216382Z[0m [32m INFO[0m [2mmoshi_server::batched_asr[0m[2m:[0m [2m/root/.cargo/registry/src/index.crates.io-1949cf8c6b5b557f/moshi-server-0.6.4/src/batched_asr.rs[0m[2m:[0m[2m268:[0m 13.13ms [3mstep_idx[0m[2m=[0m14 [3mwith_data[0m[2m=[0m1
[2m2026-03-30T14:39:26.295579Z[0m [32m INFO[0m [2mmoshi_server::batched_asr[0m[2m:[0m [2m/root/.cargo/registry/src/index.crates.io-1949cf8c6b5b557f/moshi-server-0.6.4/src/batched_asr.rs[0m[2m:[0m[2m268:[0m 13.19ms [3mstep_idx[0m[2m=[0m15 [3mwith_data[0m[2m=[0m1
[2m2026-03-30T14:39:26.374759Z[0m [32m INFO[0m [2mmoshi_server::batched_asr[0m[2m:[0m [2m/root/.cargo/registry/src/index.crates.io-1949cf8c6b5b557f/moshi-server-0.6.4/src/batched_asr.rs[0m[2m:[0m[2m268:[0m 13.17ms [3mstep_idx[0m[2m=[0m16 [3mwith_data[0m[2m=[0m1
[2m2026-03-30T14:39:26.451869Z[0m [32m INFO[0m [2mmoshi_server::batched_asr[0m[2m:[0m [2m/root/.cargo/registry/src/index.crates.io-1949cf8c6b5b557f/moshi-server-0.6.4/src/batched_asr.rs[0m[2m:[0m[2m268:[0m 13.17ms [3mstep_idx[0m[2m=[0m17 [3mwith_data[0m[2m=[0m1
[2m2026-03-30T14:39:26.533153Z[0m [32m INFO[0m [2mmoshi_server::batched_asr[0m[2m:[0m [2m/root/.cargo/registry/src/index.crates.io-1949cf8c6b5b557f/moshi-server-0.6.4/src/batched_asr.rs[0m[2m:[0m[2m268:[0m 13.21ms [3mstep_idx[0m[2m=[0m18 [3mwith_data[0m[2m=[0m1
[2m2026-03-30T14:39:26.615941Z[0m [32m INFO[0m [2mmoshi_server::batched_asr[0m[2m:[0m [2m/root/.cargo/registry/src/index.crates.io-1949cf8c6b5b557f/moshi-server-0.6.4/src/batched_asr.rs[0m[2m:[0m[2m268:[0m 12.66ms [3mstep_idx[0m[2m=[0m19 [3mwith_data[0m[2m=[0m1
[2m2026-03-30T14:39:26.691355Z[0m [32m INFO[0m [2mmoshi_server::batched_asr[0m[2m:[0m [2m/root/.cargo/registry/src/index.crates.io-1949cf8c6b5b557f/moshi-server-0.6.4/src/batched_asr.rs[0m[2m:[0m[2m268:[0m 11.58ms [3mstep_idx[0m[2m=[0m20 [3mwith_data[0m[2m=[0m1
[2m2026-03-30T14:39:26.770782Z[0m [32m INFO[0m [2mmoshi_server::batched_asr[0m[2m:[0m [2m/root/.cargo/registry/src/index.crates.io-1949cf8c6b5b557f/moshi-server-0.6.4/src/batched_asr.rs[0m[2m:[0m[2m268:[0m 11.44ms [3mstep_idx[0m[2m=[0m21 [3mwith_data[0m[2m=[0m1
[2m2026-03-30T14:39:26.850140Z[0m [32m INFO[0m [2mmoshi_server::batched_asr[0m[2m:[0m [2m/root/.cargo/registry/src/index.crates.io-1949cf8c6b5b557f/moshi-server-0.6.4/src/batched_asr.rs[0m[2m:[0m[2m268:[0m 11.39ms [3mstep_idx[0m[2m=[0m22 [3mwith_data[0m[2m=[0m1
[2m2026-03-30T14:39:26.929504Z[0m [32m INFO[0m [2mmoshi_server::batched_asr[0m[2m:[0m [2m/root/.cargo/registry/src/index.crates.io-1949cf8c6b5b557f/moshi-server-0.6.4/src/batched_asr.rs[0m[2m:[0m[2m268:[0m 11.40ms [3mstep_idx[0m[2m=[0m23 [3mwith_data[0m[2m=[0m1
[2m2026-03-30T14:39:27.010952Z[0m [32m INFO[0m [2mmoshi_server::batched_asr[0m[2m:[0m [2m/root/.cargo/registry/src/index.crates.io-1949cf8c6b5b557f/moshi-server-0.6.4/src/batched_asr.rs[0m[2m:[0m[2m268:[0m 11.42ms [3mstep_idx[0m[2m=[0m24 [3mwith_data[0m[2m=[0m1
[2m2026-03-30T14:39:27.090311Z[0m [32m INFO[0m [2mmoshi_server::batched_asr[0m[2m:[0m [2m/root/.cargo/registry/src/index.crates.io-1949cf8c6b5b557f/moshi-server-0.6.4/src/batched_asr.rs[0m[2m:[0m[2m268:[0m 11.38ms [3mstep_idx[0m[2m=[0m25 [3mwith_data[0m[2m=[0m1
[2m2026-03-30T14:39:27.171789Z[0m [32m INFO[0m [2mmoshi_server::batched_asr[0m[2m:[0m [2m/root/.cargo/registry/src/index.crates.io-1949cf8c6b5b557f/moshi-server-0.6.4/src/batched_asr.rs[0m[2m:[0m[2m268:[0m 11.45ms [3mstep_idx[0m[2m=[0m26 [3mwith_data[0m[2m=[0m1
[2m2026-03-30T14:39:27.250749Z[0m [32m INFO[0m [2mmoshi_server::batched_asr[0m[2m:[0m [2m/root/.cargo/registry/src/index.crates.io-1949cf8c6b5b557f/moshi-server-0.6.4/src/batched_asr.rs[0m[2m:[0m[2m268:[0m 12.93ms [3mstep_idx[0m[2m=[0m27 [3mwith_data[0m[2m=[0m1
[2m2026-03-30T14:39:27.331767Z[0m [32m INFO[0m [2mmoshi_server::batched_asr[0m[2m:[0m [2m/root/.cargo/registry/src/index.crates.io-1949cf8c6b5b557f/moshi-server-0.6.4/src/batched_asr.rs[0m[2m:[0m[2m268:[0m 12.91ms [3mstep_idx[0m[2m=[0m28 [3mwith_data[0m[2m=[0m1
[2m2026-03-30T14:39:27.411664Z[0m [32m INFO[0m [2mmoshi_server::batched_asr[0m[2m:[0m [2m/root/.cargo/registry/src/index.crates.io-1949cf8c6b5b557f/moshi-server-0.6.4/src/batched_asr.rs[0m[2m:[0m[2m268:[0m 11.86ms [3mstep_idx[0m[2m=[0m29 [3mwith_data[0m[2m=[0m1
[2m2026-03-30T14:39:27.491325Z[0m [32m INFO[0m [2mmoshi_server::batched_asr[0m[2m:[0m [2m/root/.cargo/registry/src/index.crates.io-1949cf8c6b5b557f/moshi-server-0.6.4/src/batched_asr.rs[0m[2m:[0m[2m268:[0m 11.63ms [3mstep_idx[0m[2m=[0m30 [3mwith_data[0m[2m=[0m1
[2m2026-03-30T14:39:27.572331Z[0m [32m INFO[0m [2mmoshi_server::batched_asr[0m[2m:[0m [2m/root/.cargo/registry/src/index.crates.io-1949cf8c6b5b557f/moshi-server-0.6.4/src/batched_asr.rs[0m[2m:[0m[2m268:[0m 12.95ms [3mstep_idx[0m[2m=[0m31 [3mwith_data[0m[2m=[0m1
[2m2026-03-30T14:39:27.651317Z[0m [32m INFO[0m [2mmoshi_server::batched_asr[0m[2m:[0m [2m/root/.cargo/registry/src/index.crates.io-1949cf8c6b5b557f/moshi-server-0.6.4/src/batched_asr.rs[0m[2m:[0m[2m268:[0m 12.98ms [3mstep_idx[0m[2m=[0m32 [3mwith_data[0m[2m=[0m1
[2m2026-03-30T14:39:27.736425Z[0m [32m INFO[0m [2mmoshi_server::batched_asr[0m[2m:[0m [2m/root/.cargo/registry/src/index.crates.io-1949cf8c6b5b557f/moshi-server-0.6.4/src/batched_asr.rs[0m[2m:[0m[2m268:[0m 12.93ms [3mstep_idx[0m[2m=[0m33 [3mwith_data[0m[2m=[0m1
[2m2026-03-30T14:39:27.817444Z[0m [32m INFO[0m [2mmoshi_server::batched_asr[0m[2m:[0m [2m/root/.cargo/registry/src/index.crates.io-1949cf8c6b5b557f/moshi-server-0.6.4/src/batched_asr.rs[0m[2m:[0m[2m268:[0m 12.92ms [3mstep_idx[0m[2m=[0m34 [3mwith_data[0m[2m=[0m1
[2m2026-03-30T14:39:27.889522Z[0m [32m INFO[0m [2mmoshi_server::batched_asr[0m[2m:[0m [2m/root/.cargo/registry/src/index.crates.io-1949cf8c6b5b557f/moshi-server-0.6.4/src/batched_asr.rs[0m[2m:[0m[2m268:[0m 10.27ms [3mstep_idx[0m[2m=[0m35 [3mwith_data[0m[2m=[0m1
[2m2026-03-30T14:39:27.971025Z[0m [32m INFO[0m [2mmoshi_server::batched_asr[0m[2m:[0m [2m/root/.cargo/registry/src/index.crates.io-1949cf8c6b5b557f/moshi-server-0.6.4/src/batched_asr.rs[0m[2m:[0m[2m268:[0m 11.48ms [3mstep_idx[0m[2m=[0m36 [3mwith_data[0m[2m=[0m1
[2m2026-03-30T14:39:28.050428Z[0m [32m INFO[0m [2mmoshi_server::batched_asr[0m[2m:[0m [2m/root/.cargo/registry/src/index.crates.io-1949cf8c6b5b557f/moshi-server-0.6.4/src/batched_asr.rs[0m[2m:[0m[2m268:[0m 11.42ms [3mstep_idx[0m[2m=[0m37 [3mwith_data[0m[2m=[0m1
[2m2026-03-30T14:39:28.131803Z[0m [32m INFO[0m [2mmoshi_server::batched_asr[0m[2m:[0m [2m/root/.cargo/registry/src/index.crates.io-1949cf8c6b5b557f/moshi-server-0.6.4/src/batched_asr.rs[0m[2m:[0m[2m268:[0m 13.36ms [3mstep_idx[0m[2m=[0m38 [3mwith_data[0m[2m=[0m1
[2m2026-03-30T14:39:28.213143Z[0m [32m INFO[0m [2mmoshi_server::batched_asr[0m[2m:[0m [2m/root/.cargo/registry/src/index.crates.io-1949cf8c6b5b557f/moshi-server-0.6.4/src/batched_asr.rs[0m[2m:[0m[2m268:[0m 13.26ms [3mstep_idx[0m[2m=[0m39 [3mwith_data[0m[2m=[0m1
[2m2026-03-30T14:39:28.296483Z[0m [32m INFO[0m [2mmoshi_server::batched_asr[0m[2m:[0m [2m/root/.cargo/registry/src/index.crates.io-1949cf8c6b5b557f/moshi-server-0.6.4/src/batched_asr.rs[0m[2m:[0m[2m268:[0m 13.24ms [3mstep_idx[0m[2m=[0m40 [3mwith_data[0m[2m=[0m1
[2m2026-03-30T14:39:28.371600Z[0m [32m INFO[0m [2mmoshi_server::batched_asr[0m[2m:[0m [2m/root/.cargo/registry/src/index.crates.io-1949cf8c6b5b557f/moshi-server-0.6.4/src/batched_asr.rs[0m[2m:[0m[2m268:[0m 13.24ms [3mstep_idx[0m[2m=[0m41 [3mwith_data[0m[2m=[0m1
[2m2026-03-30T14:39:28.449138Z[0m [32m INFO[0m [2mmoshi_server::batched_asr[0m[2m:[0m [2m/root/.cargo/registry/src/index.crates.io-1949cf8c6b5b557f/moshi-server-0.6.4/src/batched_asr.rs[0m[2m:[0m[2m268:[0m 11.62ms [3mstep_idx[0m[2m=[0m42 [3mwith_data[0m[2m=[0m1
[2m2026-03-30T14:39:28.530811Z[0m [32m INFO[0m [2mmoshi_server::batched_asr[0m[2m:[0m [2m/root/.cargo/registry/src/index.crates.io-1949cf8c6b5b557f/moshi-server-0.6.4/src/batched_asr.rs[0m[2m:[0m[2m268:[0m 11.65ms [3mstep_idx[0m[2m=[0m43 [3mwith_data[0m[2m=[0m1
[2m2026-03-30T14:39:28.573362Z[0m [32m INFO[0m [2mmoshi_server::batched_asr[0m[2m:[0m [2m/root/.cargo/registry/src/index.crates.io-1949cf8c6b5b557f/moshi-server-0.6.4/src/batched_asr.rs[0m[2m:[0m[2m268:[0m 11.61ms [3mstep_idx[0m[2m=[0m44 [3mwith_data[0m[2m=[0m1
[2m2026-03-30T14:39:28.585049Z[0m [32m INFO[0m [2mmoshi_server::batched_asr[0m[2m:[0m [2m/root/.cargo/registry/src/index.crates.io-1949cf8c6b5b557f/moshi-server-0.6.4/src/batched_asr.rs[0m[2m:[0m[2m268:[0m 11.63ms [3mstep_idx[0m[2m=[0m45 [3mwith_data[0m[2m=[0m1
[2m2026-03-30T14:39:28.596739Z[0m [32m INFO[0m [2mmoshi_server::batched_asr[0m[2m:[0m [2m/root/.cargo/registry/src/index.crates.io-1949cf8c6b5b557f/moshi-server-0.6.4/src/batched_asr.rs[0m[2m:[0m[2m268:[0m 11.63ms [3mstep_idx[0m[2m=[0m46 [3mwith_data[0m[2m=[0m1
[2m2026-03-30T14:39:28.607689Z[0m [32m INFO[0m [2mmoshi_server::batched_asr[0m[2m:[0m [2m/root/.cargo/registry/src/index.crates.io-1949cf8c6b5b557f/moshi-server-0.6.4/src/batched_asr.rs[0m[2m:[0m[2m268:[0m 10.90ms [3mstep_idx[0m[2m=[0m47 [3mwith_data[0m[2m=[0m1
[2m2026-03-30T14:39:28.617817Z[0m [32m INFO[0m [2mmoshi_server::batched_asr[0m[2m:[0m [2m/root/.cargo/registry/src/index.crates.io-1949cf8c6b5b557f/moshi-server-0.6.4/src/batched_asr.rs[0m[2m:[0m[2m268:[0m 10.09ms [3mstep_idx[0m[2m=[0m48 [3mwith_data[0m[2m=[0m1
[2m2026-03-30T14:39:28.627950Z[0m [32m INFO[0m [2mmoshi_server::batched_asr[0m[2m:[0m [2m/root/.cargo/registry/src/index.crates.io-1949cf8c6b5b557f/moshi-server-0.6.4/src/batched_asr.rs[0m[2m:[0m[2m268:[0m 10.10ms [3mstep_idx[0m[2m=[0m49 [3mwith_data[0m[2m=[0m1
[2m2026-03-30T14:39:28.638087Z[0m [32m INFO[0m [2mmoshi_server::batched_asr[0m[2m:[0m [2m/root/.cargo/registry/src/index.crates.io-1949cf8c6b5b557f/moshi-server-0.6.4/src/batched_asr.rs[0m[2m:[0m[2m268:[0m 10.09ms [3mstep_idx[0m[2m=[0m50 [3mwith_data[0m[2m=[0m1
[2m2026-03-30T14:39:28.648276Z[0m [32m INFO[0m [2mmoshi_server::batched_asr[0m[2m:[0m [2m/root/.cargo/registry/src/index.crates.io-1949cf8c6b5b557f/moshi-server-0.6.4/src/batched_asr.rs[0m[2m:[0m[2m268:[0m 10.14ms [3mstep_idx[0m[2m=[0m51 [3mwith_data[0m[2m=[0m1
[2m2026-03-30T14:39:28.658437Z[0m [32m INFO[0m [2mmoshi_server::batched_asr[0m[2m:[0m [2m/root/.cargo/registry/src/index.crates.io-1949cf8c6b5b557f/moshi-server-0.6.4/src/batched_asr.rs[0m[2m:[0m[2m268:[0m 10.12ms [3mstep_idx[0m[2m=[0m52 [3mwith_data[0m[2m=[0m1
[2m2026-03-30T14:39:28.690925Z[0m [32m INFO[0m [2mmoshi_server::batched_asr[0m[2m:[0m [2m/root/.cargo/registry/src/index.crates.io-1949cf8c6b5b557f/moshi-server-0.6.4/src/batched_asr.rs[0m[2m:[0m[2m268:[0m 9.83ms [3mstep_idx[0m[2m=[0m53 [3mwith_data[0m[2m=[0m1
[2m2026-03-30T14:39:28.771150Z[0m [32m INFO[0m [2mmoshi_server::batched_asr[0m[2m:[0m [2m/root/.cargo/registry/src/index.crates.io-1949cf8c6b5b557f/moshi-server-0.6.4/src/batched_asr.rs[0m[2m:[0m[2m268:[0m 12.23ms [3mstep_idx[0m[2m=[0m54 [3mwith_data[0m[2m=[0m1
[2m2026-03-30T14:39:28.849117Z[0m [32m INFO[0m [2mmoshi_server::batched_asr[0m[2m:[0m [2m/root/.cargo/registry/src/index.crates.io-1949cf8c6b5b557f/moshi-server-0.6.4/src/batched_asr.rs[0m[2m:[0m[2m268:[0m 11.97ms [3mstep_idx[0m[2m=[0m55 [3mwith_data[0m[2m=[0m1
[2m2026-03-30T14:39:28.933430Z[0m [32m INFO[0m [2mmoshi_server::batched_asr[0m[2m:[0m [2m/root/.cargo/registry/src/index.crates.io-1949cf8c6b5b557f/moshi-server-0.6.4/src/batched_asr.rs[0m[2m:[0m[2m268:[0m 12.19ms [3mstep_idx[0m[2m=[0m56 [3mwith_data[0m[2m=[0m1
[2m2026-03-30T14:39:29.009085Z[0m [32m INFO[0m [2mmoshi_server::batched_asr[0m[2m:[0m [2m/root/.cargo/registry/src/index.crates.io-1949cf8c6b5b557f/moshi-server-0.6.4/src/batched_asr.rs[0m[2m:[0m[2m268:[0m 11.81ms [3mstep_idx[0m[2m=[0m57 [3mwith_data[0m[2m=[0m1
[2m2026-03-30T14:39:29.090899Z[0m [32m INFO[0m [2mmoshi_server::batched_asr[0m[2m:[0m [2m/root/.cargo/registry/src/index.crates.io-1949cf8c6b5b557f/moshi-server-0.6.4/src/batched_asr.rs[0m[2m:[0m[2m268:[0m 11.80ms [3mstep_idx[0m[2m=[0m58 [3mwith_data[0m[2m=[0m1
[2m2026-03-30T14:39:29.172558Z[0m [32m INFO[0m [2mmoshi_server::batched_asr[0m[2m:[0m [2m/root/.cargo/registry/src/index.crates.io-1949cf8c6b5b557f/moshi-server-0.6.4/src/batched_asr.rs[0m[2m:[0m[2m268:[0m 13.60ms [3mstep_idx[0m[2m=[0m59 [3mwith_data[0m[2m=[0m1
[2m2026-03-30T14:39:29.266564Z[0m [32m INFO[0m [2mmoshi_server::batched_asr[0m[2m:[0m [2m/root/.cargo/registry/src/index.crates.io-1949cf8c6b5b557f/moshi-server-0.6.4/src/batched_asr.rs[0m[2m:[0m[2m268:[0m 19.79ms [3mstep_idx[0m[2m=[0m60 [3mwith_data[0m[2m=[0m1
[2m2026-03-30T14:39:29.341582Z[0m [32m INFO[0m [2mmoshi_server::batched_asr[0m[2m:[0m [2m/root/.cargo/registry/src/index.crates.io-1949cf8c6b5b557f/moshi-server-0.6.4/src/batched_asr.rs[0m[2m:[0m[2m268:[0m 19.46ms [3mstep_idx[0m[2m=[0m61 [3mwith_data[0m[2m=[0m1
[2m2026-03-30T14:39:29.425143Z[0m [32m INFO[0m [2mmoshi_server::batched_asr[0m[2m:[0m [2m/root/.cargo/registry/src/index.crates.io-1949cf8c6b5b557f/moshi-server-0.6.4/src/batched_asr.rs[0m[2m:[0m[2m268:[0m 28.00ms [3mstep_idx[0m[2m=[0m62 [3mwith_data[0m[2m=[0m1
[2m2026-03-30T14:39:29.510859Z[0m [32m INFO[0m [2mmoshi_server::batched_asr[0m[2m:[0m [2m/root/.cargo/registry/src/index.crates.io-1949cf8c6b5b557f/moshi-server-0.6.4/src/batched_asr.rs[0m[2m:[0m[2m268:[0m 32.21ms [3mstep_idx[0m[2m=[0m63 [3mwith_data[0m[2m=[0m1
[2m2026-03-30T14:39:29.586034Z[0m [32m INFO[0m [2mmoshi_server::batched_asr[0m[2m:[0m [2m/root/.cargo/registry/src/index.crates.io-1949cf8c6b5b557f/moshi-server-0.6.4/src/batched_asr.rs[0m[2m:[0m[2m268:[0m 25.81ms [3mstep_idx[0m[2m=[0m64 [3mwith_data[0m[2m=[0m1
[2m2026-03-30T14:39:29.660745Z[0m [32m INFO[0m [2mmoshi_server::batched_asr[0m[2m:[0m [2m/root/.cargo/registry/src/index.crates.io-1949cf8c6b5b557f/moshi-server-0.6.4/src/batched_asr.rs[0m[2m:[0m[2m268:[0m 21.20ms [3mstep_idx[0m[2m=[0m65 [3mwith_data[0m[2m=[0m1
[2m2026-03-30T14:39:29.739840Z[0m [32m INFO[0m [2mmoshi_server::batched_asr[0m[2m:[0m [2m/root/.cargo/registry/src/index.crates.io-1949cf8c6b5b557f/moshi-server-0.6.4/src/batched_asr.rs[0m[2m:[0m[2m268:[0m 21.48ms [3mstep_idx[0m[2m=[0m66 [3mwith_data[0m[2m=[0m1
[2m2026-03-30T14:39:29.829548Z[0m [32m INFO[0m [2mmoshi_server::batched_asr[0m[2m:[0m [2m/root/.cargo/registry/src/index.crates.io-1949cf8c6b5b557f/moshi-server-0.6.4/src/batched_asr.rs[0m[2m:[0m[2m268:[0m 30.04ms [3mstep_idx[0m[2m=[0m67 [3mwith_data[0m[2m=[0m1
[2m2026-03-30T14:39:29.908768Z[0m [32m INFO[0m [2mmoshi_server::batched_asr[0m[2m:[0m [2m/root/.cargo/registry/src/index.crates.io-1949cf8c6b5b557f/moshi-server-0.6.4/src/batched_asr.rs[0m[2m:[0m[2m268:[0m 29.83ms [3mstep_idx[0m[2m=[0m68 [3mwith_data[0m[2m=[0m1
[2m2026-03-30T14:39:29.992494Z[0m [32m INFO[0m [2mmoshi_server::batched_asr[0m[2m:[0m [2m/root/.cargo/registry/src/index.crates.io-1949cf8c6b5b557f/moshi-server-0.6.4/src/batched_asr.rs[0m[2m:[0m[2m268:[0m 32.28ms [3mstep_idx[0m[2m=[0m69 [3mwith_data[0m[2m=[0m1
[2m2026-03-30T14:39:30.071816Z[0m [32m INFO[0m [2mmoshi_server::batched_asr[0m[2m:[0m [2m/root/.cargo/registry/src/index.crates.io-1949cf8c6b5b557f/moshi-server-0.6.4/src/batched_asr.rs[0m[2m:[0m[2m268:[0m 19.65ms [3mstep_idx[0m[2m=[0m70 [3mwith_data[0m[2m=[0m1
[2m2026-03-30T14:39:30.150988Z[0m [32m INFO[0m [2mmoshi_server::batched_asr[0m[2m:[0m [2m/root/.cargo/registry/src/index.crates.io-1949cf8c6b5b557f/moshi-server-0.6.4/src/batched_asr.rs[0m[2m:[0m[2m268:[0m 21.56ms [3mstep_idx[0m[2m=[0m71 [3mwith_data[0m[2m=[0m1
[2m2026-03-30T14:39:30.219362Z[0m [32m INFO[0m [2mmoshi_server::batched_asr[0m[2m:[0m [2m/root/.cargo/registry/src/index.crates.io-1949cf8c6b5b557f/moshi-server-0.6.4/src/batched_asr.rs[0m[2m:[0m[2m268:[0m 20.77ms [3mstep_idx[0m[2m=[0m72 [3mwith_data[0m[2m=[0m1
[2m2026-03-30T14:39:30.300146Z[0m [32m INFO[0m [2mmoshi_server::batched_asr[0m[2m:[0m [2m/root/.cargo/registry/src/index.crates.io-1949cf8c6b5b557f/moshi-server-0.6.4/src/batched_asr.rs[0m[2m:[0m[2m268:[0m 21.12ms [3mstep_idx[0m[2m=[0m73 [3mwith_data[0m[2m=[0m1
[2m2026-03-30T14:39:30.394134Z[0m [32m INFO[0m [2mmoshi_server::batched_asr[0m[2m:[0m [2m/root/.cargo/registry/src/index.crates.io-1949cf8c6b5b557f/moshi-server-0.6.4/src/batched_asr.rs[0m[2m:[0m[2m268:[0m 30.21ms [3mstep_idx[0m[2m=[0m74 [3mwith_data[0m[2m=[0m1
[2m2026-03-30T14:39:30.474019Z[0m [32m INFO[0m [2mmoshi_server::batched_asr[0m[2m:[0m [2m/root/.cargo/registry/src/index.crates.io-1949cf8c6b5b557f/moshi-server-0.6.4/src/batched_asr.rs[0m[2m:[0m[2m268:[0m 30.50ms [3mstep_idx[0m[2m=[0m75 [3mwith_data[0m[2m=[0m1
[2m2026-03-30T14:39:30.549319Z[0m [32m INFO[0m [2mmoshi_server::batched_asr[0m[2m:[0m [2m/root/.cargo/registry/src/index.crates.io-1949cf8c6b5b557f/moshi-server-0.6.4/src/batched_asr.rs[0m[2m:[0m[2m268:[0m 30.03ms [3mstep_idx[0m[2m=[0m76 [3mwith_data[0m[2m=[0m1
[2m2026-03-30T14:39:30.630702Z[0m [32m INFO[0m [2mmoshi_server::batched_asr[0m[2m:[0m [2m/root/.cargo/registry/src/index.crates.io-1949cf8c6b5b557f/moshi-server-0.6.4/src/batched_asr.rs[0m[2m:[0m[2m268:[0m 21.71ms [3mstep_idx[0m[2m=[0m77 [3mwith_data[0m[2m=[0m1
[2m2026-03-30T14:39:30.638752Z[0m [32m INFO[0m [2mmoshi_server::utils[0m[2m:[0m [2m/root/.cargo/registry/src/index.crates.io-1949cf8c6b5b557f/moshi-server-0.6.4/src/utils.rs[0m[2m:[0m[2m188:[0m task completed successfully [3mname[0m[2m=[0m"recv_loop"
[2m2026-03-30T14:39:30.639014Z[0m [32m INFO[0m [2mmoshi_server::utils[0m[2m:[0m [2m/root/.cargo/registry/src/index.crates.io-1949cf8c6b5b557f/moshi-server-0.6.4/src/utils.rs[0m[2m:[0m[2m188:[0m task completed successfully [3mname[0m[2m=[0m"send_loop"
[2m2026-03-30T14:39:41.794660Z[0m [32m INFO[0m [2mmoshi_server[0m[2m:[0m [2m/root/.cargo/registry/src/index.crates.io-1949cf8c6b5b557f/moshi-server-0.6.4/src/main.rs[0m[2m:[0m[2m884:[0m handling batched asr-streaming query
[2m2026-03-30T14:39:41.794773Z[0m [32m INFO[0m [2mmoshi_server::batched_asr[0m[2m:[0m [2m/root/.cargo/registry/src/index.crates.io-1949cf8c6b5b557f/moshi-server-0.6.4/src/batched_asr.rs[0m[2m:[0m[2m570:[0m batched-asr ws query [3mquery[0m[2m=[0mAsrStreamingQuery { auth_id: None }
[2m2026-03-30T14:39:41.794834Z[0m [32m INFO[0m [2mmoshi_server::batched_asr[0m[2m:[0m [2m/root/.cargo/registry/src/index.crates.io-1949cf8c6b5b557f/moshi-server-0.6.4/src/batched_asr.rs[0m[2m:[0m[2m589:[0m batched-asr channel [3mbatch_idx[0m[2m=[0m0
[2m2026-03-30T14:39:42.013049Z[0m [32m INFO[0m [2mmoshi_server::batched_asr[0m[2m:[0m [2m/root/.cargo/registry/src/index.crates.io-1949cf8c6b5b557f/moshi-server-0.6.4/src/batched_asr.rs[0m[2m:[0m[2m268:[0m 13.51ms [3mstep_idx[0m[2m=[0m78 [3mwith_data[0m[2m=[0m1
[2m2026-03-30T14:39:42.028358Z[0m [32m INFO[0m [2mmoshi_server::batched_asr[0m[2m:[0m [2m/root/.cargo/registry/src/index.crates.io-1949cf8c6b5b557f/moshi-server-0.6.4/src/batched_asr.rs[0m[2m:[0m[2m268:[0m 13.16ms [3mstep_idx[0m[2m=[0m79 [3mwith_data[0m[2m=[0m1
[2m2026-03-30T14:39:42.043616Z[0m [32m INFO[0m [2mmoshi_server::batched_asr[0m[2m:[0m [2m/root/.cargo/registry/src/index.crates.io-1949cf8c6b5b557f/moshi-server-0.6.4/src/batched_asr.rs[0m[2m:[0m[2m268:[0m 13.12ms [3mstep_idx[0m[2m=[0m80 [3mwith_data[0m[2m=[0m1
[2m2026-03-30T14:39:42.114506Z[0m [32m INFO[0m [2mmoshi_server::batched_asr[0m[2m:[0m [2m/root/.cargo/registry/src/index.crates.io-1949cf8c6b5b557f/moshi-server-0.6.4/src/batched_asr.rs[0m[2m:[0m[2m268:[0m 13.12ms [3mstep_idx[0m[2m=[0m81 [3mwith_data[0m[2m=[0m1
[2m2026-03-30T14:39:42.181404Z[0m [32m INFO[0m [2mmoshi_server::batched_asr[0m[2m:[0m [2m/root/.cargo/registry/src/index.crates.io-1949cf8c6b5b557f/moshi-server-0.6.4/src/batched_asr.rs[0m[2m:[0m[2m268:[0m 13.25ms [3mstep_idx[0m[2m=[0m82 [3mwith_data[0m[2m=[0m1
[2m2026-03-30T14:39:42.262614Z[0m [32m INFO[0m [2mmoshi_server::batched_asr[0m[2m:[0m [2m/root/.cargo/registry/src/index.crates.io-1949cf8c6b5b557f/moshi-server-0.6.4/src/batched_asr.rs[0m[2m:[0m[2m268:[0m 13.16ms [3mstep_idx[0m[2m=[0m83 [3mwith_data[0m[2m=[0m1
[2m2026-03-30T14:39:42.331426Z[0m [32m INFO[0m [2mmoshi_server::batched_asr[0m[2m:[0m [2m/root/.cargo/registry/src/index.crates.io-1949cf8c6b5b557f/moshi-server-0.6.4/src/batched_asr.rs[0m[2m:[0m[2m268:[0m 13.11ms [3mstep_idx[0m[2m=[0m84 [3mwith_data[0m[2m=[0m1
[2m2026-03-30T14:39:42.441446Z[0m [32m INFO[0m [2mmoshi_server::batched_asr[0m[2m:[0m [2m/root/.cargo/registry/src/index.crates.io-1949cf8c6b5b557f/moshi-server-0.6.4/src/batched_asr.rs[0m[2m:[0m[2m268:[0m 13.14ms [3mstep_idx[0m[2m=[0m85 [3mwith_data[0m[2m=[0m1
[2m2026-03-30T14:39:42.534981Z[0m [32m INFO[0m [2mmoshi_server::batched_asr[0m[2m:[0m [2m/root/.cargo/registry/src/index.crates.io-1949cf8c6b5b557f/moshi-server-0.6.4/src/batched_asr.rs[0m[2m:[0m[2m268:[0m 13.14ms [3mstep_idx[0m[2m=[0m86 [3mwith_data[0m[2m=[0m1
[2m2026-03-30T14:39:42.579095Z[0m [32m INFO[0m [2mmoshi_server::batched_asr[0m[2m:[0m [2m/root/.cargo/registry/src/index.crates.io-1949cf8c6b5b557f/moshi-server-0.6.4/src/batched_asr.rs[0m[2m:[0m[2m268:[0m 13.12ms [3mstep_idx[0m[2m=[0m87 [3mwith_data[0m[2m=[0m1
[2m2026-03-30T14:39:42.662363Z[0m [32m INFO[0m [2mmoshi_server::batched_asr[0m[2m:[0m [2m/root/.cargo/registry/src/index.crates.io-1949cf8c6b5b557f/moshi-server-0.6.4/src/batched_asr.rs[0m[2m:[0m[2m268:[0m 13.17ms [3mstep_idx[0m[2m=[0m88 [3mwith_data[0m[2m=[0m1
[2m2026-03-30T14:39:42.745589Z[0m [32m INFO[0m [2mmoshi_server::batched_asr[0m[2m:[0m [2m/root/.cargo/registry/src/index.crates.io-1949cf8c6b5b557f/moshi-server-0.6.4/src/batched_asr.rs[0m[2m:[0m[2m268:[0m 13.11ms [3mstep_idx[0m[2m=[0m89 [3mwith_data[0m[2m=[0m1
[2m2026-03-30T14:39:42.820628Z[0m [32m INFO[0m [2mmoshi_server::batched_asr[0m[2m:[0m [2m/root/.cargo/registry/src/index.crates.io-1949cf8c6b5b557f/moshi-server-0.6.4/src/batched_asr.rs[0m[2m:[0m[2m268:[0m 13.17ms [3mstep_idx[0m[2m=[0m90 [3mwith_data[0m[2m=[0m1
[2m2026-03-30T14:39:42.926531Z[0m [32m INFO[0m [2mmoshi_server::batched_asr[0m[2m:[0m [2m/root/.cargo/registry/src/index.crates.io-1949cf8c6b5b557f/moshi-server-0.6.4/src/batched_asr.rs[0m[2m:[0m[2m268:[0m 13.14ms [3mstep_idx[0m[2m=[0m91 [3mwith_data[0m[2m=[0m1
[2m2026-03-30T14:39:42.985069Z[0m [32m INFO[0m [2mmoshi_server::batched_asr[0m[2m:[0m [2m/root/.cargo/registry/src/index.crates.io-1949cf8c6b5b557f/moshi-server-0.6.4/src/batched_asr.rs[0m[2m:[0m[2m268:[0m 13.16ms [3mstep_idx[0m[2m=[0m92 [3mwith_data[0m[2m=[0m1
[2m2026-03-30T14:39:43.084804Z[0m [32m INFO[0m [2mmoshi_server::batched_asr[0m[2m:[0m [2m/root/.cargo/registry/src/index.crates.io-1949cf8c6b5b557f/moshi-server-0.6.4/src/batched_asr.rs[0m[2m:[0m[2m268:[0m 13.16ms [3mstep_idx[0m[2m=[0m93 [3mwith_data[0m[2m=[0m1
[2m2026-03-30T14:39:43.128872Z[0m [32m INFO[0m [2mmoshi_server::batched_asr[0m[2m:[0m [2m/root/.cargo/registry/src/index.crates.io-1949cf8c6b5b557f/moshi-server-0.6.4/src/batched_asr.rs[0m[2m:[0m[2m268:[0m 13.08ms [3mstep_idx[0m[2m=[0m94 [3mwith_data[0m[2m=[0m1
[2m2026-03-30T14:39:43.234879Z[0m [32m INFO[0m [2mmoshi_server::batched_asr[0m[2m:[0m [2m/root/.cargo/registry/src/index.crates.io-1949cf8c6b5b557f/moshi-server-0.6.4/src/batched_asr.rs[0m[2m:[0m[2m268:[0m 13.14ms [3mstep_idx[0m[2m=[0m95 [3mwith_data[0m[2m=[0m1
[2m2026-03-30T14:39:43.299620Z[0m [32m INFO[0m [2mmoshi_server::batched_asr[0m[2m:[0m [2m/root/.cargo/registry/src/index.crates.io-1949cf8c6b5b557f/moshi-server-0.6.4/src/batched_asr.rs[0m[2m:[0m[2m268:[0m 13.16ms [3mstep_idx[0m[2m=[0m96 [3mwith_data[0m[2m=[0m1
[2m2026-03-30T14:39:43.382884Z[0m [32m INFO[0m [2mmoshi_server::batched_asr[0m[2m:[0m [2m/root/.cargo/registry/src/index.crates.io-1949cf8c6b5b557f/moshi-server-0.6.4/src/batched_asr.rs[0m[2m:[0m[2m268:[0m 13.14ms [3mstep_idx[0m[2m=[0m97 [3mwith_data[0m[2m=[0m1
[2m2026-03-30T14:39:43.459995Z[0m [32m INFO[0m [2mmoshi_server::batched_asr[0m[2m:[0m [2m/root/.cargo/registry/src/index.crates.io-1949cf8c6b5b557f/moshi-server-0.6.4/src/batched_asr.rs[0m[2m:[0m[2m268:[0m 13.18ms [3mstep_idx[0m[2m=[0m98 [3mwith_data[0m[2m=[0m1
[2m2026-03-30T14:39:43.537126Z[0m [32m INFO[0m [2mmoshi_server::batched_asr[0m[2m:[0m [2m/root/.cargo/registry/src/index.crates.io-1949cf8c6b5b557f/moshi-server-0.6.4/src/batched_asr.rs[0m[2m:[0m[2m268:[0m 13.17ms [3mstep_idx[0m[2m=[0m99 [3mwith_data[0m[2m=[0m1
[2m2026-03-30T14:39:43.622393Z[0m [32m INFO[0m [2mmoshi_server::batched_asr[0m[2m:[0m [2m/root/.cargo/registry/src/index.crates.io-1949cf8c6b5b557f/moshi-server-0.6.4/src/batched_asr.rs[0m[2m:[0m[2m268:[0m 13.11ms [3mstep_idx[0m[2m=[0m100 [3mwith_data[0m[2m=[0m1
[2m2026-03-30T14:39:43.704666Z[0m [32m INFO[0m [2mmoshi_server::batched_asr[0m[2m:[0m [2m/root/.cargo/registry/src/index.crates.io-1949cf8c6b5b557f/moshi-server-0.6.4/src/batched_asr.rs[0m[2m:[0m[2m268:[0m 10.20ms [3mstep_idx[0m[2m=[0m101 [3mwith_data[0m[2m=[0m1
[2m2026-03-30T14:39:43.764249Z[0m [32m INFO[0m [2mmoshi_server::batched_asr[0m[2m:[0m [2m/root/.cargo/registry/src/index.crates.io-1949cf8c6b5b557f/moshi-server-0.6.4/src/batched_asr.rs[0m[2m:[0m[2m268:[0m 10.18ms [3mstep_idx[0m[2m=[0m102 [3mwith_data[0m[2m=[0m1
[2m2026-03-30T14:39:43.863604Z[0m [32m INFO[0m [2mmoshi_server::batched_asr[0m[2m:[0m [2m/root/.cargo/registry/src/index.crates.io-1949cf8c6b5b557f/moshi-server-0.6.4/src/batched_asr.rs[0m[2m:[0m[2m268:[0m 12.93ms [3mstep_idx[0m[2m=[0m103 [3mwith_data[0m[2m=[0m1
[2m2026-03-30T14:39:43.934265Z[0m [32m INFO[0m [2mmoshi_server::batched_asr[0m[2m:[0m [2m/root/.cargo/registry/src/index.crates.io-1949cf8c6b5b557f/moshi-server-0.6.4/src/batched_asr.rs[0m[2m:[0m[2m268:[0m 12.90ms [3mstep_idx[0m[2m=[0m104 [3mwith_data[0m[2m=[0m1
[2m2026-03-30T14:39:44.025465Z[0m [32m INFO[0m [2mmoshi_server::batched_asr[0m[2m:[0m [2m/root/.cargo/registry/src/index.crates.io-1949cf8c6b5b557f/moshi-server-0.6.4/src/batched_asr.rs[0m[2m:[0m[2m268:[0m 12.86ms [3mstep_idx[0m[2m=[0m105 [3mwith_data[0m[2m=[0m1
[2m2026-03-30T14:39:44.110568Z[0m [32m INFO[0m [2mmoshi_server::batched_asr[0m[2m:[0m [2m/root/.cargo/registry/src/index.crates.io-1949cf8c6b5b557f/moshi-server-0.6.4/src/batched_asr.rs[0m[2m:[0m[2m268:[0m 13.00ms [3mstep_idx[0m[2m=[0m106 [3mwith_data[0m[2m=[0m1
[2m2026-03-30T14:39:44.166792Z[0m [32m INFO[0m [2mmoshi_server::batched_asr[0m[2m:[0m [2m/root/.cargo/registry/src/index.crates.io-1949cf8c6b5b557f/moshi-server-0.6.4/src/batched_asr.rs[0m[2m:[0m[2m268:[0m 12.87ms [3mstep_idx[0m[2m=[0m107 [3mwith_data[0m[2m=[0m1
[2m2026-03-30T14:39:44.253938Z[0m [32m INFO[0m [2mmoshi_server::batched_asr[0m[2m:[0m [2m/root/.cargo/registry/src/index.crates.io-1949cf8c6b5b557f/moshi-server-0.6.4/src/batched_asr.rs[0m[2m:[0m[2m268:[0m 12.91ms [3mstep_idx[0m[2m=[0m108 [3mwith_data[0m[2m=[0m1
[2m2026-03-30T14:39:44.326654Z[0m [32m INFO[0m [2mmoshi_server::batched_asr[0m[2m:[0m [2m/root/.cargo/registry/src/index.crates.io-1949cf8c6b5b557f/moshi-server-0.6.4/src/batched_asr.rs[0m[2m:[0m[2m268:[0m 12.89ms [3mstep_idx[0m[2m=[0m109 [3mwith_data[0m[2m=[0m1
[2m2026-03-30T14:39:44.407694Z[0m [32m INFO[0m [2mmoshi_server::batched_asr[0m[2m:[0m [2m/root/.cargo/registry/src/index.crates.io-1949cf8c6b5b557f/moshi-server-0.6.4/src/batched_asr.rs[0m[2m:[0m[2m268:[0m 10.48ms [3mstep_idx[0m[2m=[0m110 [3mwith_data[0m[2m=[0m1
[2m2026-03-30T14:39:44.483919Z[0m [32m INFO[0m [2mmoshi_server::batched_asr[0m[2m:[0m [2m/root/.cargo/registry/src/index.crates.io-1949cf8c6b5b557f/moshi-server-0.6.4/src/batched_asr.rs[0m[2m:[0m[2m268:[0m 10.39ms [3mstep_idx[0m[2m=[0m111 [3mwith_data[0m[2m=[0m1
[2m2026-03-30T14:39:44.564309Z[0m [32m INFO[0m [2mmoshi_server::batched_asr[0m[2m:[0m [2m/root/.cargo/registry/src/index.crates.io-1949cf8c6b5b557f/moshi-server-0.6.4/src/batched_asr.rs[0m[2m:[0m[2m268:[0m 10.44ms [3mstep_idx[0m[2m=[0m112 [3mwith_data[0m[2m=[0m1
[2m2026-03-30T14:39:44.644518Z[0m [32m INFO[0m [2mmoshi_server::batched_asr[0m[2m:[0m [2m/root/.cargo/registry/src/index.crates.io-1949cf8c6b5b557f/moshi-server-0.6.4/src/batched_asr.rs[0m[2m:[0m[2m268:[0m 10.20ms [3mstep_idx[0m[2m=[0m113 [3mwith_data[0m[2m=[0m1
[2m2026-03-30T14:39:44.722917Z[0m [32m INFO[0m [2mmoshi_server::batched_asr[0m[2m:[0m [2m/root/.cargo/registry/src/index.crates.io-1949cf8c6b5b557f/moshi-server-0.6.4/src/batched_asr.rs[0m[2m:[0m[2m268:[0m 10.43ms [3mstep_idx[0m[2m=[0m114 [3mwith_data[0m[2m=[0m1
[2m2026-03-30T14:39:44.806306Z[0m [32m INFO[0m [2mmoshi_server::batched_asr[0m[2m:[0m [2m/root/.cargo/registry/src/index.crates.io-1949cf8c6b5b557f/moshi-server-0.6.4/src/batched_asr.rs[0m[2m:[0m[2m268:[0m 11.33ms [3mstep_idx[0m[2m=[0m115 [3mwith_data[0m[2m=[0m1
[2m2026-03-30T14:39:44.883392Z[0m [32m INFO[0m [2mmoshi_server::batched_asr[0m[2m:[0m [2m/root/.cargo/registry/src/index.crates.io-1949cf8c6b5b557f/moshi-server-0.6.4/src/batched_asr.rs[0m[2m:[0m[2m268:[0m 11.18ms [3mstep_idx[0m[2m=[0m116 [3mwith_data[0m[2m=[0m1
[2m2026-03-30T14:39:44.972801Z[0m [32m INFO[0m [2mmoshi_server::batched_asr[0m[2m:[0m [2m/root/.cargo/registry/src/index.crates.io-1949cf8c6b5b557f/moshi-server-0.6.4/src/batched_asr.rs[0m[2m:[0m[2m268:[0m 11.16ms [3mstep_idx[0m[2m=[0m117 [3mwith_data[0m[2m=[0m1
[2m2026-03-30T14:39:45.050128Z[0m [32m INFO[0m [2mmoshi_server::batched_asr[0m[2m:[0m [2m/root/.cargo/registry/src/index.crates.io-1949cf8c6b5b557f/moshi-server-0.6.4/src/batched_asr.rs[0m[2m:[0m[2m268:[0m 11.42ms [3mstep_idx[0m[2m=[0m118 [3mwith_data[0m[2m=[0m1
[2m2026-03-30T14:39:45.125176Z[0m [32m INFO[0m [2mmoshi_server::batched_asr[0m[2m:[0m [2m/root/.cargo/registry/src/index.crates.io-1949cf8c6b5b557f/moshi-server-0.6.4/src/batched_asr.rs[0m[2m:[0m[2m268:[0m 11.21ms [3mstep_idx[0m[2m=[0m119 [3mwith_data[0m[2m=[0m1
[2m2026-03-30T14:39:45.204511Z[0m [32m INFO[0m [2mmoshi_server::batched_asr[0m[2m:[0m [2m/root/.cargo/registry/src/index.crates.io-1949cf8c6b5b557f/moshi-server-0.6.4/src/batched_asr.rs[0m[2m:[0m[2m268:[0m 11.38ms [3mstep_idx[0m[2m=[0m120 [3mwith_data[0m[2m=[0m1
[2m2026-03-30T14:39:45.291644Z[0m [32m INFO[0m [2mmoshi_server::batched_asr[0m[2m:[0m [2m/root/.cargo/registry/src/index.crates.io-1949cf8c6b5b557f/moshi-server-0.6.4/src/batched_asr.rs[0m[2m:[0m[2m268:[0m 12.97ms [3mstep_idx[0m[2m=[0m121 [3mwith_data[0m[2m=[0m1
[2m2026-03-30T14:39:45.366395Z[0m [32m INFO[0m [2mmoshi_server::batched_asr[0m[2m:[0m [2m/root/.cargo/registry/src/index.crates.io-1949cf8c6b5b557f/moshi-server-0.6.4/src/batched_asr.rs[0m[2m:[0m[2m268:[0m 12.88ms [3mstep_idx[0m[2m=[0m122 [3mwith_data[0m[2m=[0m1
[2m2026-03-30T14:39:45.449412Z[0m [32m INFO[0m [2mmoshi_server::batched_asr[0m[2m:[0m [2m/root/.cargo/registry/src/index.crates.io-1949cf8c6b5b557f/moshi-server-0.6.4/src/batched_asr.rs[0m[2m:[0m[2m268:[0m 12.92ms [3mstep_idx[0m[2m=[0m123 [3mwith_data[0m[2m=[0m1
[2m2026-03-30T14:39:45.538586Z[0m [32m INFO[0m [2mmoshi_server::batched_asr[0m[2m:[0m [2m/root/.cargo/registry/src/index.crates.io-1949cf8c6b5b557f/moshi-server-0.6.4/src/batched_asr.rs[0m[2m:[0m[2m268:[0m 12.90ms [3mstep_idx[0m[2m=[0m124 [3mwith_data[0m[2m=[0m1
[2m2026-03-30T14:39:45.607150Z[0m [32m INFO[0m [2mmoshi_server::batched_asr[0m[2m:[0m [2m/root/.cargo/registry/src/index.crates.io-1949cf8c6b5b557f/moshi-server-0.6.4/src/batched_asr.rs[0m[2m:[0m[2m268:[0m 12.88ms [3mstep_idx[0m[2m=[0m125 [3mwith_data[0m[2m=[0m1
[2m2026-03-30T14:39:45.686031Z[0m [32m INFO[0m [2mmoshi_server::batched_asr[0m[2m:[0m [2m/root/.cargo/registry/src/index.crates.io-1949cf8c6b5b557f/moshi-server-0.6.4/src/batched_asr.rs[0m[2m:[0m[2m268:[0m 12.92ms [3mstep_idx[0m[2m=[0m126 [3mwith_data[0m[2m=[0m1
[2m2026-03-30T14:39:45.766999Z[0m [32m INFO[0m [2mmoshi_server::batched_asr[0m[2m:[0m [2m/root/.cargo/registry/src/index.crates.io-1949cf8c6b5b557f/moshi-server-0.6.4/src/batched_asr.rs[0m[2m:[0m[2m268:[0m 12.90ms [3mstep_idx[0m[2m=[0m127 [3mwith_data[0m[2m=[0m1
[2m2026-03-30T14:39:45.858251Z[0m [32m INFO[0m [2mmoshi_server::batched_asr[0m[2m:[0m [2m/root/.cargo/registry/src/index.crates.io-1949cf8c6b5b557f/moshi-server-0.6.4/src/batched_asr.rs[0m[2m:[0m[2m268:[0m 12.89ms [3mstep_idx[0m[2m=[0m128 [3mwith_data[0m[2m=[0m1
[2m2026-03-30T14:39:45.928803Z[0m [32m INFO[0m [2mmoshi_server::batched_asr[0m[2m:[0m [2m/root/.cargo/registry/src/index.crates.io-1949cf8c6b5b557f/moshi-server-0.6.4/src/batched_asr.rs[0m[2m:[0m[2m268:[0m 14.84ms [3mstep_idx[0m[2m=[0m129 [3mwith_data[0m[2m=[0m1
[2m2026-03-30T14:39:46.009756Z[0m [32m INFO[0m [2mmoshi_server::batched_asr[0m[2m:[0m [2m/root/.cargo/registry/src/index.crates.io-1949cf8c6b5b557f/moshi-server-0.6.4/src/batched_asr.rs[0m[2m:[0m[2m268:[0m 12.89ms [3mstep_idx[0m[2m=[0m130 [3mwith_data[0m[2m=[0m1
[2m2026-03-30T14:39:46.086641Z[0m [32m INFO[0m [2mmoshi_server::batched_asr[0m[2m:[0m [2m/root/.cargo/registry/src/index.crates.io-1949cf8c6b5b557f/moshi-server-0.6.4/src/batched_asr.rs[0m[2m:[0m[2m268:[0m 12.92ms [3mstep_idx[0m[2m=[0m131 [3mwith_data[0m[2m=[0m1
[2m2026-03-30T14:39:46.167594Z[0m [32m INFO[0m [2mmoshi_server::batched_asr[0m[2m:[0m [2m/root/.cargo/registry/src/index.crates.io-1949cf8c6b5b557f/moshi-server-0.6.4/src/batched_asr.rs[0m[2m:[0m[2m268:[0m 12.91ms [3mstep_idx[0m[2m=[0m132 [3mwith_data[0m[2m=[0m1
[2m2026-03-30T14:39:46.232080Z[0m [32m INFO[0m [2mmoshi_server::batched_asr[0m[2m:[0m [2m/root/.cargo/registry/src/index.crates.io-1949cf8c6b5b557f/moshi-server-0.6.4/src/batched_asr.rs[0m[2m:[0m[2m268:[0m 12.88ms [3mstep_idx[0m[2m=[0m133 [3mwith_data[0m[2m=[0m1
[2m2026-03-30T14:39:46.245288Z[0m [32m INFO[0m [2mmoshi_server::batched_asr[0m[2m:[0m [2m/root/.cargo/registry/src/index.crates.io-1949cf8c6b5b557f/moshi-server-0.6.4/src/batched_asr.rs[0m[2m:[0m[2m268:[0m 13.13ms [3mstep_idx[0m[2m=[0m134 [3mwith_data[0m[2m=[0m1
[2m2026-03-30T14:39:46.258419Z[0m [32m INFO[0m [2mmoshi_server::batched_asr[0m[2m:[0m [2m/root/.cargo/registry/src/index.crates.io-1949cf8c6b5b557f/moshi-server-0.6.4/src/batched_asr.rs[0m[2m:[0m[2m268:[0m 13.01ms [3mstep_idx[0m[2m=[0m135 [3mwith_data[0m[2m=[0m1
[2m2026-03-30T14:39:46.270318Z[0m [32m INFO[0m [2mmoshi_server::batched_asr[0m[2m:[0m [2m/root/.cargo/registry/src/index.crates.io-1949cf8c6b5b557f/moshi-server-0.6.4/src/batched_asr.rs[0m[2m:[0m[2m268:[0m 11.81ms [3mstep_idx[0m[2m=[0m136 [3mwith_data[0m[2m=[0m1
[2m2026-03-30T14:39:46.280867Z[0m [32m INFO[0m [2mmoshi_server::batched_asr[0m[2m:[0m [2m/root/.cargo/registry/src/index.crates.io-1949cf8c6b5b557f/moshi-server-0.6.4/src/batched_asr.rs[0m[2m:[0m[2m268:[0m 10.49ms [3mstep_idx[0m[2m=[0m137 [3mwith_data[0m[2m=[0m1
[2m2026-03-30T14:39:46.291005Z[0m [32m INFO[0m [2mmoshi_server::batched_asr[0m[2m:[0m [2m/root/.cargo/registry/src/index.crates.io-1949cf8c6b5b557f/moshi-server-0.6.4/src/batched_asr.rs[0m[2m:[0m[2m268:[0m 10.09ms [3mstep_idx[0m[2m=[0m138 [3mwith_data[0m[2m=[0m1
[2m2026-03-30T14:39:46.301143Z[0m [32m INFO[0m [2mmoshi_server::batched_asr[0m[2m:[0m [2m/root/.cargo/registry/src/index.crates.io-1949cf8c6b5b557f/moshi-server-0.6.4/src/batched_asr.rs[0m[2m:[0m[2m268:[0m 10.10ms [3mstep_idx[0m[2m=[0m139 [3mwith_data[0m[2m=[0m1
[2m2026-03-30T14:39:46.311283Z[0m [32m INFO[0m [2mmoshi_server::batched_asr[0m[2m:[0m [2m/root/.cargo/registry/src/index.crates.io-1949cf8c6b5b557f/moshi-server-0.6.4/src/batched_asr.rs[0m[2m:[0m[2m268:[0m 10.09ms [3mstep_idx[0m[2m=[0m140 [3mwith_data[0m[2m=[0m1
[2m2026-03-30T14:39:46.321418Z[0m [32m INFO[0m [2mmoshi_server::batched_asr[0m[2m:[0m [2m/root/.cargo/registry/src/index.crates.io-1949cf8c6b5b557f/moshi-server-0.6.4/src/batched_asr.rs[0m[2m:[0m[2m268:[0m 10.10ms [3mstep_idx[0m[2m=[0m141 [3mwith_data[0m[2m=[0m1
[2m2026-03-30T14:39:46.344680Z[0m [32m INFO[0m [2mmoshi_server::batched_asr[0m[2m:[0m [2m/root/.cargo/registry/src/index.crates.io-1949cf8c6b5b557f/moshi-server-0.6.4/src/batched_asr.rs[0m[2m:[0m[2m268:[0m 21.16ms [3mstep_idx[0m[2m=[0m142 [3mwith_data[0m[2m=[0m1
[2m2026-03-30T14:39:46.418895Z[0m [32m INFO[0m [2mmoshi_server::batched_asr[0m[2m:[0m [2m/root/.cargo/registry/src/index.crates.io-1949cf8c6b5b557f/moshi-server-0.6.4/src/batched_asr.rs[0m[2m:[0m[2m268:[0m 24.71ms [3mstep_idx[0m[2m=[0m143 [3mwith_data[0m[2m=[0m1
[2m2026-03-30T14:39:46.485101Z[0m [32m INFO[0m [2mmoshi_server::batched_asr[0m[2m:[0m [2m/root/.cargo/registry/src/index.crates.io-1949cf8c6b5b557f/moshi-server-0.6.4/src/batched_asr.rs[0m[2m:[0m[2m268:[0m 12.63ms [3mstep_idx[0m[2m=[0m144 [3mwith_data[0m[2m=[0m1
[2m2026-03-30T14:39:46.555454Z[0m [32m INFO[0m [2mmoshi_server::batched_asr[0m[2m:[0m [2m/root/.cargo/registry/src/index.crates.io-1949cf8c6b5b557f/moshi-server-0.6.4/src/batched_asr.rs[0m[2m:[0m[2m268:[0m 10.57ms [3mstep_idx[0m[2m=[0m145 [3mwith_data[0m[2m=[0m1
[2m2026-03-30T14:39:46.566216Z[0m [32m INFO[0m [2mmoshi_server::batched_asr[0m[2m:[0m [2m/root/.cargo/registry/src/index.crates.io-1949cf8c6b5b557f/moshi-server-0.6.4/src/batched_asr.rs[0m[2m:[0m[2m268:[0m 10.69ms [3mstep_idx[0m[2m=[0m146 [3mwith_data[0m[2m=[0m1
[2m2026-03-30T14:39:46.576596Z[0m [32m INFO[0m [2mmoshi_server::batched_asr[0m[2m:[0m [2m/root/.cargo/registry/src/index.crates.io-1949cf8c6b5b557f/moshi-server-0.6.4/src/batched_asr.rs[0m[2m:[0m[2m268:[0m 10.33ms [3mstep_idx[0m[2m=[0m147 [3mwith_data[0m[2m=[0m1
[2m2026-03-30T14:39:46.586311Z[0m [32m INFO[0m [2mmoshi_server::batched_asr[0m[2m:[0m [2m/root/.cargo/registry/src/index.crates.io-1949cf8c6b5b557f/moshi-server-0.6.4/src/batched_asr.rs[0m[2m:[0m[2m268:[0m 9.66ms [3mstep_idx[0m[2m=[0m148 [3mwith_data[0m[2m=[0m1
[2m2026-03-30T14:39:46.596019Z[0m [32m INFO[0m [2mmoshi_server::batched_asr[0m[2m:[0m [2m/root/.cargo/registry/src/index.crates.io-1949cf8c6b5b557f/moshi-server-0.6.4/src/batched_asr.rs[0m[2m:[0m[2m268:[0m 9.66ms [3mstep_idx[0m[2m=[0m149 [3mwith_data[0m[2m=[0m1
[2m2026-03-30T14:39:46.605689Z[0m [32m INFO[0m [2mmoshi_server::batched_asr[0m[2m:[0m [2m/root/.cargo/registry/src/index.crates.io-1949cf8c6b5b557f/moshi-server-0.6.4/src/batched_asr.rs[0m[2m:[0m[2m268:[0m 9.63ms [3mstep_idx[0m[2m=[0m150 [3mwith_data[0m[2m=[0m1
[2m2026-03-30T14:39:46.615258Z[0m [32m INFO[0m [2mmoshi_server::batched_asr[0m[2m:[0m [2m/root/.cargo/registry/src/index.crates.io-1949cf8c6b5b557f/moshi-server-0.6.4/src/batched_asr.rs[0m[2m:[0m[2m268:[0m 9.53ms [3mstep_idx[0m[2m=[0m151 [3mwith_data[0m[2m=[0m1
[2m2026-03-30T14:39:46.624857Z[0m [32m INFO[0m [2mmoshi_server::batched_asr[0m[2m:[0m [2m/root/.cargo/registry/src/index.crates.io-1949cf8c6b5b557f/moshi-server-0.6.4/src/batched_asr.rs[0m[2m:[0m[2m268:[0m 9.56ms [3mstep_idx[0m[2m=[0m152 [3mwith_data[0m[2m=[0m1
[2m2026-03-30T14:39:46.634436Z[0m [32m INFO[0m [2mmoshi_server::batched_asr[0m[2m:[0m [2m/root/.cargo/registry/src/index.crates.io-1949cf8c6b5b557f/moshi-server-0.6.4/src/batched_asr.rs[0m[2m:[0m[2m268:[0m 9.54ms [3mstep_idx[0m[2m=[0m153 [3mwith_data[0m[2m=[0m1
[2m2026-03-30T14:39:46.646285Z[0m [32m INFO[0m [2mmoshi_server::batched_asr[0m[2m:[0m [2m/root/.cargo/registry/src/index.crates.io-1949cf8c6b5b557f/moshi-server-0.6.4/src/batched_asr.rs[0m[2m:[0m[2m268:[0m 9.75ms [3mstep_idx[0m[2m=[0m154 [3mwith_data[0m[2m=[0m1
[2m2026-03-30T14:39:46.743684Z[0m [32m INFO[0m [2mmoshi_server::batched_asr[0m[2m:[0m [2m/root/.cargo/registry/src/index.crates.io-1949cf8c6b5b557f/moshi-server-0.6.4/src/batched_asr.rs[0m[2m:[0m[2m268:[0m 29.36ms [3mstep_idx[0m[2m=[0m155 [3mwith_data[0m[2m=[0m1
[2m2026-03-30T14:39:46.750972Z[0m [32m INFO[0m [2mmoshi_server::utils[0m[2m:[0m [2m/root/.cargo/registry/src/index.crates.io-1949cf8c6b5b557f/moshi-server-0.6.4/src/utils.rs[0m[2m:[0m[2m188:[0m task completed successfully [3mname[0m[2m=[0m"recv_loop"
[2m2026-03-30T14:39:46.752022Z[0m [32m INFO[0m [2mmoshi_server::utils[0m[2m:[0m [2m/root/.cargo/registry/src/index.crates.io-1949cf8c6b5b557f/moshi-server-0.6.4/src/utils.rs[0m[2m:[0m[2m188:[0m task completed successfully [3mname[0m[2m=[0m"send_loop"
[2m2026-03-30T14:39:58.614827Z[0m [32m INFO[0m [2mmoshi_server[0m[2m:[0m [2m/root/.cargo/registry/src/index.crates.io-1949cf8c6b5b557f/moshi-server-0.6.4/src/main.rs[0m[2m:[0m[2m884:[0m handling batched asr-streaming query
[2m2026-03-30T14:39:58.614928Z[0m [32m INFO[0m [2mmoshi_server::batched_asr[0m[2m:[0m [2m/root/.cargo/registry/src/index.crates.io-1949cf8c6b5b557f/moshi-server-0.6.4/src/batched_asr.rs[0m[2m:[0m[2m570:[0m batched-asr ws query [3mquery[0m[2m=[0mAsrStreamingQuery { auth_id: None }
[2m2026-03-30T14:39:58.615318Z[0m [32m INFO[0m [2mmoshi_server::batched_asr[0m[2m:[0m [2m/root/.cargo/registry/src/index.crates.io-1949cf8c6b5b557f/moshi-server-0.6.4/src/batched_asr.rs[0m[2m:[0m[2m589:[0m batched-asr channel [3mbatch_idx[0m[2m=[0m0
[2m2026-03-30T14:39:58.831787Z[0m [32m INFO[0m [2mmoshi_server::batched_asr[0m[2m:[0m [2m/root/.cargo/registry/src/index.crates.io-1949cf8c6b5b557f/moshi-server-0.6.4/src/batched_asr.rs[0m[2m:[0m[2m268:[0m 13.48ms [3mstep_idx[0m[2m=[0m156 [3mwith_data[0m[2m=[0m1
[2m2026-03-30T14:39:58.847084Z[0m [32m INFO[0m [2mmoshi_server::batched_asr[0m[2m:[0m [2m/root/.cargo/registry/src/index.crates.io-1949cf8c6b5b557f/moshi-server-0.6.4/src/batched_asr.rs[0m[2m:[0m[2m268:[0m 13.15ms [3mstep_idx[0m[2m=[0m157 [3mwith_data[0m[2m=[0m1
[2m2026-03-30T14:39:58.862399Z[0m [32m INFO[0m [2mmoshi_server::batched_asr[0m[2m:[0m [2m/root/.cargo/registry/src/index.crates.io-1949cf8c6b5b557f/moshi-server-0.6.4/src/batched_asr.rs[0m[2m:[0m[2m268:[0m 13.17ms [3mstep_idx[0m[2m=[0m158 [3mwith_data[0m[2m=[0m1
[2m2026-03-30T14:39:58.877744Z[0m [32m INFO[0m [2mmoshi_server::batched_asr[0m[2m:[0m [2m/root/.cargo/registry/src/index.crates.io-1949cf8c6b5b557f/moshi-server-0.6.4/src/batched_asr.rs[0m[2m:[0m[2m268:[0m 13.20ms [3mstep_idx[0m[2m=[0m159 [3mwith_data[0m[2m=[0m1
[2m2026-03-30T14:39:58.938368Z[0m [32m INFO[0m [2mmoshi_server::batched_asr[0m[2m:[0m [2m/root/.cargo/registry/src/index.crates.io-1949cf8c6b5b557f/moshi-server-0.6.4/src/batched_asr.rs[0m[2m:[0m[2m268:[0m 13.17ms [3mstep_idx[0m[2m=[0m160 [3mwith_data[0m[2m=[0m1
[2m2026-03-30T14:39:59.025774Z[0m [32m INFO[0m [2mmoshi_server::batched_asr[0m[2m:[0m [2m/root/.cargo/registry/src/index.crates.io-1949cf8c6b5b557f/moshi-server-0.6.4/src/batched_asr.rs[0m[2m:[0m[2m268:[0m 13.18ms [3mstep_idx[0m[2m=[0m161 [3mwith_data[0m[2m=[0m1
[2m2026-03-30T14:39:59.092547Z[0m [32m INFO[0m [2mmoshi_server::batched_asr[0m[2m:[0m [2m/root/.cargo/registry/src/index.crates.io-1949cf8c6b5b557f/moshi-server-0.6.4/src/batched_asr.rs[0m[2m:[0m[2m268:[0m 13.14ms [3mstep_idx[0m[2m=[0m162 [3mwith_data[0m[2m=[0m1
[2m2026-03-30T14:39:59.159309Z[0m [32m INFO[0m [2mmoshi_server::batched_asr[0m[2m:[0m [2m/root/.cargo/registry/src/index.crates.io-1949cf8c6b5b557f/moshi-server-0.6.4/src/batched_asr.rs[0m[2m:[0m[2m268:[0m 13.14ms [3mstep_idx[0m[2m=[0m163 [3mwith_data[0m[2m=[0m1
[2m2026-03-30T14:39:59.259110Z[0m [32m INFO[0m [2mmoshi_server::batched_asr[0m[2m:[0m [2m/root/.cargo/registry/src/index.crates.io-1949cf8c6b5b557f/moshi-server-0.6.4/src/batched_asr.rs[0m[2m:[0m[2m268:[0m 13.22ms [3mstep_idx[0m[2m=[0m164 [3mwith_data[0m[2m=[0m1
[2m2026-03-30T14:39:59.336323Z[0m [32m INFO[0m [2mmoshi_server::batched_asr[0m[2m:[0m [2m/root/.cargo/registry/src/index.crates.io-1949cf8c6b5b557f/moshi-server-0.6.4/src/batched_asr.rs[0m[2m:[0m[2m268:[0m 13.20ms [3mstep_idx[0m[2m=[0m165 [3mwith_data[0m[2m=[0m1
[2m2026-03-30T14:39:59.408371Z[0m [32m INFO[0m [2mmoshi_server::batched_asr[0m[2m:[0m [2m/root/.cargo/registry/src/index.crates.io-1949cf8c6b5b557f/moshi-server-0.6.4/src/batched_asr.rs[0m[2m:[0m[2m268:[0m 12.22ms [3mstep_idx[0m[2m=[0m166 [3mwith_data[0m[2m=[0m1
[2m2026-03-30T14:39:59.491636Z[0m [32m INFO[0m [2mmoshi_server::batched_asr[0m[2m:[0m [2m/root/.cargo/registry/src/index.crates.io-1949cf8c6b5b557f/moshi-server-0.6.4/src/batched_asr.rs[0m[2m:[0m[2m268:[0m 13.14ms [3mstep_idx[0m[2m=[0m167 [3mwith_data[0m[2m=[0m1
[2m2026-03-30T14:39:59.564618Z[0m [32m INFO[0m [2mmoshi_server::batched_asr[0m[2m:[0m [2m/root/.cargo/registry/src/index.crates.io-1949cf8c6b5b557f/moshi-server-0.6.4/src/batched_asr.rs[0m[2m:[0m[2m268:[0m 13.17ms [3mstep_idx[0m[2m=[0m168 [3mwith_data[0m[2m=[0m1
[2m2026-03-30T14:39:59.649889Z[0m [32m INFO[0m [2mmoshi_server::batched_asr[0m[2m:[0m [2m/root/.cargo/registry/src/index.crates.io-1949cf8c6b5b557f/moshi-server-0.6.4/src/batched_asr.rs[0m[2m:[0m[2m268:[0m 13.15ms [3mstep_idx[0m[2m=[0m169 [3mwith_data[0m[2m=[0m1
[2m2026-03-30T14:39:59.737373Z[0m [32m INFO[0m [2mmoshi_server::batched_asr[0m[2m:[0m [2m/root/.cargo/registry/src/index.crates.io-1949cf8c6b5b557f/moshi-server-0.6.4/src/batched_asr.rs[0m[2m:[0m[2m268:[0m 13.23ms [3mstep_idx[0m[2m=[0m170 [3mwith_data[0m[2m=[0m1
[2m2026-03-30T14:39:59.824652Z[0m [32m INFO[0m [2mmoshi_server::batched_asr[0m[2m:[0m [2m/root/.cargo/registry/src/index.crates.io-1949cf8c6b5b557f/moshi-server-0.6.4/src/batched_asr.rs[0m[2m:[0m[2m268:[0m 13.12ms [3mstep_idx[0m[2m=[0m171 [3mwith_data[0m[2m=[0m1
[2m2026-03-30T14:39:59.897648Z[0m [32m INFO[0m [2mmoshi_server::batched_asr[0m[2m:[0m [2m/root/.cargo/registry/src/index.crates.io-1949cf8c6b5b557f/moshi-server-0.6.4/src/batched_asr.rs[0m[2m:[0m[2m268:[0m 13.17ms [3mstep_idx[0m[2m=[0m172 [3mwith_data[0m[2m=[0m1
[2m2026-03-30T14:39:59.980953Z[0m [32m INFO[0m [2mmoshi_server::batched_asr[0m[2m:[0m [2m/root/.cargo/registry/src/index.crates.io-1949cf8c6b5b557f/moshi-server-0.6.4/src/batched_asr.rs[0m[2m:[0m[2m268:[0m 13.18ms [3mstep_idx[0m[2m=[0m173 [3mwith_data[0m[2m=[0m1
[2m2026-03-30T14:40:00.059400Z[0m [32m INFO[0m [2mmoshi_server::batched_asr[0m[2m:[0m [2m/root/.cargo/registry/src/index.crates.io-1949cf8c6b5b557f/moshi-server-0.6.4/src/batched_asr.rs[0m[2m:[0m[2m268:[0m 10.47ms [3mstep_idx[0m[2m=[0m174 [3mwith_data[0m[2m=[0m1
[2m2026-03-30T14:40:00.115140Z[0m [32m INFO[0m [2mmoshi_server::batched_asr[0m[2m:[0m [2m/root/.cargo/registry/src/index.crates.io-1949cf8c6b5b557f/moshi-server-0.6.4/src/batched_asr.rs[0m[2m:[0m[2m268:[0m 10.45ms [3mstep_idx[0m[2m=[0m175 [3mwith_data[0m[2m=[0m1
[2m2026-03-30T14:40:00.193644Z[0m [32m INFO[0m [2mmoshi_server::batched_asr[0m[2m:[0m [2m/root/.cargo/registry/src/index.crates.io-1949cf8c6b5b557f/moshi-server-0.6.4/src/batched_asr.rs[0m[2m:[0m[2m268:[0m 10.41ms [3mstep_idx[0m[2m=[0m176 [3mwith_data[0m[2m=[0m1
[2m2026-03-30T14:40:00.275479Z[0m [32m INFO[0m [2mmoshi_server::batched_asr[0m[2m:[0m [2m/root/.cargo/registry/src/index.crates.io-1949cf8c6b5b557f/moshi-server-0.6.4/src/batched_asr.rs[0m[2m:[0m[2m268:[0m 11.40ms [3mstep_idx[0m[2m=[0m177 [3mwith_data[0m[2m=[0m1
[2m2026-03-30T14:40:00.373357Z[0m [32m INFO[0m [2mmoshi_server::batched_asr[0m[2m:[0m [2m/root/.cargo/registry/src/index.crates.io-1949cf8c6b5b557f/moshi-server-0.6.4/src/batched_asr.rs[0m[2m:[0m[2m268:[0m 11.40ms [3mstep_idx[0m[2m=[0m178 [3mwith_data[0m[2m=[0m1
[2m2026-03-30T14:40:00.434211Z[0m [32m INFO[0m [2mmoshi_server::batched_asr[0m[2m:[0m [2m/root/.cargo/registry/src/index.crates.io-1949cf8c6b5b557f/moshi-server-0.6.4/src/batched_asr.rs[0m[2m:[0m[2m268:[0m 11.41ms [3mstep_idx[0m[2m=[0m179 [3mwith_data[0m[2m=[0m1
[2m2026-03-30T14:40:00.515179Z[0m [32m INFO[0m [2mmoshi_server::batched_asr[0m[2m:[0m [2m/root/.cargo/registry/src/index.crates.io-1949cf8c6b5b557f/moshi-server-0.6.4/src/batched_asr.rs[0m[2m:[0m[2m268:[0m 12.94ms [3mstep_idx[0m[2m=[0m180 [3mwith_data[0m[2m=[0m1
[2m2026-03-30T14:40:00.596153Z[0m [32m INFO[0m [2mmoshi_server::batched_asr[0m[2m:[0m [2m/root/.cargo/registry/src/index.crates.io-1949cf8c6b5b557f/moshi-server-0.6.4/src/batched_asr.rs[0m[2m:[0m[2m268:[0m 12.93ms [3mstep_idx[0m[2m=[0m181 [3mwith_data[0m[2m=[0m1
[2m2026-03-30T14:40:00.691495Z[0m [32m INFO[0m [2mmoshi_server::batched_asr[0m[2m:[0m [2m/root/.cargo/registry/src/index.crates.io-1949cf8c6b5b557f/moshi-server-0.6.4/src/batched_asr.rs[0m[2m:[0m[2m268:[0m 12.93ms [3mstep_idx[0m[2m=[0m182 [3mwith_data[0m[2m=[0m1
[2m2026-03-30T14:40:00.755974Z[0m [32m INFO[0m [2mmoshi_server::batched_asr[0m[2m:[0m [2m/root/.cargo/registry/src/index.crates.io-1949cf8c6b5b557f/moshi-server-0.6.4/src/batched_asr.rs[0m[2m:[0m[2m268:[0m 12.90ms [3mstep_idx[0m[2m=[0m183 [3mwith_data[0m[2m=[0m1
[2m2026-03-30T14:40:00.843256Z[0m [32m INFO[0m [2mmoshi_server::batched_asr[0m[2m:[0m [2m/root/.cargo/registry/src/index.crates.io-1949cf8c6b5b557f/moshi-server-0.6.4/src/batched_asr.rs[0m[2m:[0m[2m268:[0m 13.03ms [3mstep_idx[0m[2m=[0m184 [3mwith_data[0m[2m=[0m1
[2m2026-03-30T14:40:00.915967Z[0m [32m INFO[0m [2mmoshi_server::batched_asr[0m[2m:[0m [2m/root/.cargo/registry/src/index.crates.io-1949cf8c6b5b557f/moshi-server-0.6.4/src/batched_asr.rs[0m[2m:[0m[2m268:[0m 12.89ms [3mstep_idx[0m[2m=[0m185 [3mwith_data[0m[2m=[0m1
[2m2026-03-30T14:40:00.994811Z[0m [32m INFO[0m [2mmoshi_server::batched_asr[0m[2m:[0m [2m/root/.cargo/registry/src/index.crates.io-1949cf8c6b5b557f/moshi-server-0.6.4/src/batched_asr.rs[0m[2m:[0m[2m268:[0m 12.86ms [3mstep_idx[0m[2m=[0m186 [3mwith_data[0m[2m=[0m1
[2m2026-03-30T14:40:01.078431Z[0m [32m INFO[0m [2mmoshi_server::batched_asr[0m[2m:[0m [2m/root/.cargo/registry/src/index.crates.io-1949cf8c6b5b557f/moshi-server-0.6.4/src/batched_asr.rs[0m[2m:[0m[2m268:[0m 11.60ms [3mstep_idx[0m[2m=[0m187 [3mwith_data[0m[2m=[0m1
[2m2026-03-30T14:40:01.157846Z[0m [32m INFO[0m [2mmoshi_server::batched_asr[0m[2m:[0m [2m/root/.cargo/registry/src/index.crates.io-1949cf8c6b5b557f/moshi-server-0.6.4/src/batched_asr.rs[0m[2m:[0m[2m268:[0m 11.41ms [3mstep_idx[0m[2m=[0m188 [3mwith_data[0m[2m=[0m1
[2m2026-03-30T14:40:01.236766Z[0m [32m INFO[0m [2mmoshi_server::batched_asr[0m[2m:[0m [2m/root/.cargo/registry/src/index.crates.io-1949cf8c6b5b557f/moshi-server-0.6.4/src/batched_asr.rs[0m[2m:[0m[2m268:[0m 12.96ms [3mstep_idx[0m[2m=[0m189 [3mwith_data[0m[2m=[0m1
[2m2026-03-30T14:40:01.315744Z[0m [32m INFO[0m [2mmoshi_server::batched_asr[0m[2m:[0m [2m/root/.cargo/registry/src/index.crates.io-1949cf8c6b5b557f/moshi-server-0.6.4/src/batched_asr.rs[0m[2m:[0m[2m268:[0m 12.94ms [3mstep_idx[0m[2m=[0m190 [3mwith_data[0m[2m=[0m1
[2m2026-03-30T14:40:01.394717Z[0m [32m INFO[0m [2mmoshi_server::batched_asr[0m[2m:[0m [2m/root/.cargo/registry/src/index.crates.io-1949cf8c6b5b557f/moshi-server-0.6.4/src/batched_asr.rs[0m[2m:[0m[2m268:[0m 12.94ms [3mstep_idx[0m[2m=[0m191 [3mwith_data[0m[2m=[0m1
[2m2026-03-30T14:40:01.471996Z[0m [32m INFO[0m [2mmoshi_server::batched_asr[0m[2m:[0m [2m/root/.cargo/registry/src/index.crates.io-1949cf8c6b5b557f/moshi-server-0.6.4/src/batched_asr.rs[0m[2m:[0m[2m268:[0m 11.34ms [3mstep_idx[0m[2m=[0m192 [3mwith_data[0m[2m=[0m1
[2m2026-03-30T14:40:01.553447Z[0m [32m INFO[0m [2mmoshi_server::batched_asr[0m[2m:[0m [2m/root/.cargo/registry/src/index.crates.io-1949cf8c6b5b557f/moshi-server-0.6.4/src/batched_asr.rs[0m[2m:[0m[2m268:[0m 11.41ms [3mstep_idx[0m[2m=[0m193 [3mwith_data[0m[2m=[0m1
[2m2026-03-30T14:40:01.660160Z[0m [32m INFO[0m [2mmoshi_server::batched_asr[0m[2m:[0m [2m/root/.cargo/registry/src/index.crates.io-1949cf8c6b5b557f/moshi-server-0.6.4/src/batched_asr.rs[0m[2m:[0m[2m268:[0m 11.90ms [3mstep_idx[0m[2m=[0m194 [3mwith_data[0m[2m=[0m1
[2m2026-03-30T14:40:01.715101Z[0m [32m INFO[0m [2mmoshi_server::batched_asr[0m[2m:[0m [2m/root/.cargo/registry/src/index.crates.io-1949cf8c6b5b557f/moshi-server-0.6.4/src/batched_asr.rs[0m[2m:[0m[2m268:[0m 11.65ms [3mstep_idx[0m[2m=[0m195 [3mwith_data[0m[2m=[0m1
[2m2026-03-30T14:40:01.797311Z[0m [32m INFO[0m [2mmoshi_server::batched_asr[0m[2m:[0m [2m/root/.cargo/registry/src/index.crates.io-1949cf8c6b5b557f/moshi-server-0.6.4/src/batched_asr.rs[0m[2m:[0m[2m268:[0m 12.18ms [3mstep_idx[0m[2m=[0m196 [3mwith_data[0m[2m=[0m1
[2m2026-03-30T14:40:01.873906Z[0m [32m INFO[0m [2mmoshi_server::batched_asr[0m[2m:[0m [2m/root/.cargo/registry/src/index.crates.io-1949cf8c6b5b557f/moshi-server-0.6.4/src/batched_asr.rs[0m[2m:[0m[2m268:[0m 10.66ms [3mstep_idx[0m[2m=[0m197 [3mwith_data[0m[2m=[0m1
[2m2026-03-30T14:40:01.958891Z[0m [32m INFO[0m [2mmoshi_server::batched_asr[0m[2m:[0m [2m/root/.cargo/registry/src/index.crates.io-1949cf8c6b5b557f/moshi-server-0.6.4/src/batched_asr.rs[0m[2m:[0m[2m268:[0m 10.86ms [3mstep_idx[0m[2m=[0m198 [3mwith_data[0m[2m=[0m1
[2m2026-03-30T14:40:02.033175Z[0m [32m INFO[0m [2mmoshi_server::batched_asr[0m[2m:[0m [2m/root/.cargo/registry/src/index.crates.io-1949cf8c6b5b557f/moshi-server-0.6.4/src/batched_asr.rs[0m[2m:[0m[2m268:[0m 10.36ms [3mstep_idx[0m[2m=[0m199 [3mwith_data[0m[2m=[0m1
[2m2026-03-30T14:40:02.117039Z[0m [32m INFO[0m [2mmoshi_server::batched_asr[0m[2m:[0m [2m/root/.cargo/registry/src/index.crates.io-1949cf8c6b5b557f/moshi-server-0.6.4/src/batched_asr.rs[0m[2m:[0m[2m268:[0m 11.73ms [3mstep_idx[0m[2m=[0m200 [3mwith_data[0m[2m=[0m1
[2m2026-03-30T14:40:02.194447Z[0m [32m INFO[0m [2mmoshi_server::batched_asr[0m[2m:[0m [2m/root/.cargo/registry/src/index.crates.io-1949cf8c6b5b557f/moshi-server-0.6.4/src/batched_asr.rs[0m[2m:[0m[2m268:[0m 11.47ms [3mstep_idx[0m[2m=[0m201 [3mwith_data[0m[2m=[0m1
[2m2026-03-30T14:40:02.273801Z[0m [32m INFO[0m [2mmoshi_server::batched_asr[0m[2m:[0m [2m/root/.cargo/registry/src/index.crates.io-1949cf8c6b5b557f/moshi-server-0.6.4/src/batched_asr.rs[0m[2m:[0m[2m268:[0m 11.38ms [3mstep_idx[0m[2m=[0m202 [3mwith_data[0m[2m=[0m1
[2m2026-03-30T14:40:02.353212Z[0m [32m INFO[0m [2mmoshi_server::batched_asr[0m[2m:[0m [2m/root/.cargo/registry/src/index.crates.io-1949cf8c6b5b557f/moshi-server-0.6.4/src/batched_asr.rs[0m[2m:[0m[2m268:[0m 11.42ms [3mstep_idx[0m[2m=[0m203 [3mwith_data[0m[2m=[0m1
[2m2026-03-30T14:40:02.395542Z[0m [32m INFO[0m [2mmoshi_server::batched_asr[0m[2m:[0m [2m/root/.cargo/registry/src/index.crates.io-1949cf8c6b5b557f/moshi-server-0.6.4/src/batched_asr.rs[0m[2m:[0m[2m268:[0m 11.38ms [3mstep_idx[0m[2m=[0m204 [3mwith_data[0m[2m=[0m1
[2m2026-03-30T14:40:02.406822Z[0m [32m INFO[0m [2mmoshi_server::batched_asr[0m[2m:[0m [2m/root/.cargo/registry/src/index.crates.io-1949cf8c6b5b557f/moshi-server-0.6.4/src/batched_asr.rs[0m[2m:[0m[2m268:[0m 11.20ms [3mstep_idx[0m[2m=[0m205 [3mwith_data[0m[2m=[0m1
[2m2026-03-30T14:40:02.419498Z[0m [32m INFO[0m [2mmoshi_server::batched_asr[0m[2m:[0m [2m/root/.cargo/registry/src/index.crates.io-1949cf8c6b5b557f/moshi-server-0.6.4/src/batched_asr.rs[0m[2m:[0m[2m268:[0m 12.62ms [3mstep_idx[0m[2m=[0m206 [3mwith_data[0m[2m=[0m1
[2m2026-03-30T14:40:02.431574Z[0m [32m INFO[0m [2mmoshi_server::batched_asr[0m[2m:[0m [2m/root/.cargo/registry/src/index.crates.io-1949cf8c6b5b557f/moshi-server-0.6.4/src/batched_asr.rs[0m[2m:[0m[2m268:[0m 12.02ms [3mstep_idx[0m[2m=[0m207 [3mwith_data[0m[2m=[0m1
[2m2026-03-30T14:40:02.441672Z[0m [32m INFO[0m [2mmoshi_server::batched_asr[0m[2m:[0m [2m/root/.cargo/registry/src/index.crates.io-1949cf8c6b5b557f/moshi-server-0.6.4/src/batched_asr.rs[0m[2m:[0m[2m268:[0m 10.06ms [3mstep_idx[0m[2m=[0m208 [3mwith_data[0m[2m=[0m1
[2m2026-03-30T14:40:02.451822Z[0m [32m INFO[0m [2mmoshi_server::batched_asr[0m[2m:[0m [2m/root/.cargo/registry/src/index.crates.io-1949cf8c6b5b557f/moshi-server-0.6.4/src/batched_asr.rs[0m[2m:[0m[2m268:[0m 10.11ms [3mstep_idx[0m[2m=[0m209 [3mwith_data[0m[2m=[0m1
[2m2026-03-30T14:40:02.461927Z[0m [32m INFO[0m [2mmoshi_server::batched_asr[0m[2m:[0m [2m/root/.cargo/registry/src/index.crates.io-1949cf8c6b5b557f/moshi-server-0.6.4/src/batched_asr.rs[0m[2m:[0m[2m268:[0m 10.07ms [3mstep_idx[0m[2m=[0m210 [3mwith_data[0m[2m=[0m1
[2m2026-03-30T14:40:02.471932Z[0m [32m INFO[0m [2mmoshi_server::batched_asr[0m[2m:[0m [2m/root/.cargo/registry/src/index.crates.io-1949cf8c6b5b557f/moshi-server-0.6.4/src/batched_asr.rs[0m[2m:[0m[2m268:[0m 9.97ms [3mstep_idx[0m[2m=[0m211 [3mwith_data[0m[2m=[0m1
[2m2026-03-30T14:40:02.481920Z[0m [32m INFO[0m [2mmoshi_server::batched_asr[0m[2m:[0m [2m/root/.cargo/registry/src/index.crates.io-1949cf8c6b5b557f/moshi-server-0.6.4/src/batched_asr.rs[0m[2m:[0m[2m268:[0m 9.95ms [3mstep_idx[0m[2m=[0m212 [3mwith_data[0m[2m=[0m1
[2m2026-03-30T14:40:02.529585Z[0m [32m INFO[0m [2mmoshi_server::batched_asr[0m[2m:[0m [2m/root/.cargo/registry/src/index.crates.io-1949cf8c6b5b557f/moshi-server-0.6.4/src/batched_asr.rs[0m[2m:[0m[2m268:[0m 24.98ms [3mstep_idx[0m[2m=[0m213 [3mwith_data[0m[2m=[0m1
[2m2026-03-30T14:40:02.574104Z[0m [32m INFO[0m [2mmoshi_server::utils[0m[2m:[0m [2m/root/.cargo/registry/src/index.crates.io-1949cf8c6b5b557f/moshi-server-0.6.4/src/utils.rs[0m[2m:[0m[2m188:[0m task completed successfully [3mname[0m[2m=[0m"recv_loop"
[2m2026-03-30T14:40:02.574890Z[0m [32m INFO[0m [2mmoshi_server::utils[0m[2m:[0m [2m/root/.cargo/registry/src/index.crates.io-1949cf8c6b5b557f/moshi-server-0.6.4/src/utils.rs[0m[2m:[0m[2m188:[0m task completed successfully [3mname[0m[2m=[0m"send_loop"
