nohup: ignoring input
--- Démarrage de la procédure TTS ---
Nettoyage du port 8089...
Lancement du worker TTS sur le port 8089...
[2m2026-03-30T10:22:52.704836Z[0m [32m INFO[0m [2mmoshi_server[0m[2m:[0m [2m/root/.cargo/registry/src/index.crates.io-1949cf8c6b5b557f/moshi-server-0.6.4/src/main.rs[0m[2m:[0m[2m475:[0m [3mbuild_info[0m[2m=[0mBuildInfo { build_timestamp: "2026-03-30T10:16:10.186070131Z", build_date: "2026-03-30", git_branch: "VERGEN_IDEMPOTENT_OUTPUT", git_timestamp: "VERGEN_IDEMPOTENT_OUTPUT", git_date: "VERGEN_IDEMPOTENT_OUTPUT", git_hash: "VERGEN_IDEMPOTENT_OUTPUT", git_describe: "VERGEN_IDEMPOTENT_OUTPUT", rustc_host_triple: "x86_64-unknown-linux-gnu", rustc_version: "1.94.1", cargo_target_triple: "x86_64-unknown-linux-gnu" }
[2m2026-03-30T10:22:52.704857Z[0m [32m INFO[0m [2mmoshi_server[0m[2m:[0m [2m/root/.cargo/registry/src/index.crates.io-1949cf8c6b5b557f/moshi-server-0.6.4/src/main.rs[0m[2m:[0m[2m549:[0m starting worker [3mnum_workers[0m[2m=[0m5
retrieving checkpoint
loading voices from hf-snapshot://kyutai/tts-voices/**/*.safetensors, with suffix .1e68beda@240.safetensors.
retrieving voices from kyutai/tts-voices
Fetching 901 files:   0%|                                                                                                                                    | 0/901 [00:00<?, ?it/s]Fetching 901 files: 100%|███████████████████████████████████████████████████████████████████████████████████████████████████████████████████████| 901/901 [00:00<00:00, 17147.34it/s]
Filling cross attention cache.
warming up.
ready to roll.
[2m2026-03-30T10:23:04.343437Z[0m [32m INFO[0m [2mmoshi_server::py_module[0m[2m:[0m [2m/root/.cargo/registry/src/index.crates.io-1949cf8c6b5b557f/moshi-server-0.6.4/src/py_module.rs[0m[2m:[0m[2m272:[0m starting-up the py model loop
[2m2026-03-30T10:23:04.367842Z[0m [32m INFO[0m [2mmoshi_server[0m[2m:[0m [2m/root/.cargo/registry/src/index.crates.io-1949cf8c6b5b557f/moshi-server-0.6.4/src/main.rs[0m[2m:[0m[2m576:[0m listening on http://0.0.0.0:8089
[2m2026-03-30T10:23:42.504152Z[0m [32m INFO[0m [2mmoshi_server[0m[2m:[0m [2m/root/.cargo/registry/src/index.crates.io-1949cf8c6b5b557f/moshi-server-0.6.4/src/main.rs[0m[2m:[0m[2m974:[0m handling py streaming query
[2m2026-03-30T10:23:42.504297Z[0m [32m INFO[0m [2mmoshi_server::py_module[0m[2m:[0m [2m/root/.cargo/registry/src/index.crates.io-1949cf8c6b5b557f/moshi-server-0.6.4/src/py_module.rs[0m[2m:[0m[2m543:[0m py query [3mquery[0m[2m=[0mPyStreamingQuery { auth_id: None, format: PcmMessagePack, voice: Some("unmute-prod-website/fabieng-enhanced-v2.wav") }
[2m2026-03-30T10:23:42.504377Z[0m [32m INFO[0m [2mmoshi_server::py_module[0m[2m:[0m [2m/root/.cargo/registry/src/index.crates.io-1949cf8c6b5b557f/moshi-server-0.6.4/src/py_module.rs[0m[2m:[0m[2m560:[0m batched-py channel [3mbidx[0m[2m=[0m0
[2m2026-03-30T10:23:45.123888Z[0m [32m INFO[0m [2mmoshi_server::py_module[0m[2m:[0m [2m/root/.cargo/registry/src/index.crates.io-1949cf8c6b5b557f/moshi-server-0.6.4/src/py_module.rs[0m[2m:[0m[2m350:[0m tts finished [3mbatch_idx[0m[2m=[0m0
[2m2026-03-30T10:23:45.124083Z[0m [32m INFO[0m [2mmoshi_server::utils[0m[2m:[0m [2m/root/.cargo/registry/src/index.crates.io-1949cf8c6b5b557f/moshi-server-0.6.4/src/utils.rs[0m[2m:[0m[2m188:[0m task completed successfully [3mname[0m[2m=[0m"send_loop"
[2m2026-03-30T10:23:45.124380Z[0m [32m INFO[0m [2mmoshi_server::utils[0m[2m:[0m [2m/root/.cargo/registry/src/index.crates.io-1949cf8c6b5b557f/moshi-server-0.6.4/src/utils.rs[0m[2m:[0m[2m188:[0m task completed successfully [3mname[0m[2m=[0m"recv_loop"
[2m2026-03-30T10:25:07.755417Z[0m [32m INFO[0m [2mmoshi_server[0m[2m:[0m [2m/root/.cargo/registry/src/index.crates.io-1949cf8c6b5b557f/moshi-server-0.6.4/src/main.rs[0m[2m:[0m[2m974:[0m handling py streaming query
[2m2026-03-30T10:25:07.755545Z[0m [32m INFO[0m [2mmoshi_server::py_module[0m[2m:[0m [2m/root/.cargo/registry/src/index.crates.io-1949cf8c6b5b557f/moshi-server-0.6.4/src/py_module.rs[0m[2m:[0m[2m543:[0m py query [3mquery[0m[2m=[0mPyStreamingQuery { auth_id: None, format: PcmMessagePack, voice: Some("unmute-prod-website/fabieng-enhanced-v2.wav") }
[2m2026-03-30T10:25:07.755577Z[0m [32m INFO[0m [2mmoshi_server::py_module[0m[2m:[0m [2m/root/.cargo/registry/src/index.crates.io-1949cf8c6b5b557f/moshi-server-0.6.4/src/py_module.rs[0m[2m:[0m[2m560:[0m batched-py channel [3mbidx[0m[2m=[0m0
[2m2026-03-30T10:25:10.342228Z[0m [32m INFO[0m [2mmoshi_server::py_module[0m[2m:[0m [2m/root/.cargo/registry/src/index.crates.io-1949cf8c6b5b557f/moshi-server-0.6.4/src/py_module.rs[0m[2m:[0m[2m350:[0m tts finished [3mbatch_idx[0m[2m=[0m0
[2m2026-03-30T10:25:10.342277Z[0m [32m INFO[0m [2mmoshi_server::utils[0m[2m:[0m [2m/root/.cargo/registry/src/index.crates.io-1949cf8c6b5b557f/moshi-server-0.6.4/src/utils.rs[0m[2m:[0m[2m188:[0m task completed successfully [3mname[0m[2m=[0m"send_loop"
[2m2026-03-30T10:25:10.342534Z[0m [32m INFO[0m [2mmoshi_server::utils[0m[2m:[0m [2m/root/.cargo/registry/src/index.crates.io-1949cf8c6b5b557f/moshi-server-0.6.4/src/utils.rs[0m[2m:[0m[2m188:[0m task completed successfully [3mname[0m[2m=[0m"recv_loop"
[2m2026-03-30T11:14:49.026987Z[0m [32m INFO[0m [2mmoshi_server[0m[2m:[0m [2m/root/.cargo/registry/src/index.crates.io-1949cf8c6b5b557f/moshi-server-0.6.4/src/main.rs[0m[2m:[0m[2m974:[0m handling py streaming query
[2m2026-03-30T11:14:49.027047Z[0m [32m INFO[0m [2mmoshi_server::py_module[0m[2m:[0m [2m/root/.cargo/registry/src/index.crates.io-1949cf8c6b5b557f/moshi-server-0.6.4/src/py_module.rs[0m[2m:[0m[2m543:[0m py query [3mquery[0m[2m=[0mPyStreamingQuery { auth_id: None, format: PcmMessagePack, voice: Some("unmute-prod-website/fabieng-enhanced-v2.wav") }
[2m2026-03-30T11:14:49.027061Z[0m [32m INFO[0m [2mmoshi_server::py_module[0m[2m:[0m [2m/root/.cargo/registry/src/index.crates.io-1949cf8c6b5b557f/moshi-server-0.6.4/src/py_module.rs[0m[2m:[0m[2m560:[0m batched-py channel [3mbidx[0m[2m=[0m0
[2m2026-03-30T11:14:54.974770Z[0m [32m INFO[0m [2mmoshi_server::py_module[0m[2m:[0m [2m/root/.cargo/registry/src/index.crates.io-1949cf8c6b5b557f/moshi-server-0.6.4/src/py_module.rs[0m[2m:[0m[2m350:[0m tts finished [3mbatch_idx[0m[2m=[0m0
[2m2026-03-30T11:14:54.974978Z[0m [32m INFO[0m [2mmoshi_server::utils[0m[2m:[0m [2m/root/.cargo/registry/src/index.crates.io-1949cf8c6b5b557f/moshi-server-0.6.4/src/utils.rs[0m[2m:[0m[2m188:[0m task completed successfully [3mname[0m[2m=[0m"send_loop"
[2m2026-03-30T11:14:54.975326Z[0m [32m INFO[0m [2mmoshi_server::utils[0m[2m:[0m [2m/root/.cargo/registry/src/index.crates.io-1949cf8c6b5b557f/moshi-server-0.6.4/src/utils.rs[0m[2m:[0m[2m188:[0m task completed successfully [3mname[0m[2m=[0m"recv_loop"
[2m2026-03-30T11:15:13.328009Z[0m [32m INFO[0m [2mmoshi_server[0m[2m:[0m [2m/root/.cargo/registry/src/index.crates.io-1949cf8c6b5b557f/moshi-server-0.6.4/src/main.rs[0m[2m:[0m[2m974:[0m handling py streaming query
[2m2026-03-30T11:15:13.328078Z[0m [32m INFO[0m [2mmoshi_server::py_module[0m[2m:[0m [2m/root/.cargo/registry/src/index.crates.io-1949cf8c6b5b557f/moshi-server-0.6.4/src/py_module.rs[0m[2m:[0m[2m543:[0m py query [3mquery[0m[2m=[0mPyStreamingQuery { auth_id: None, format: PcmMessagePack, voice: Some("unmute-prod-website/fabieng-enhanced-v2.wav") }
[2m2026-03-30T11:15:13.328090Z[0m [32m INFO[0m [2mmoshi_server::py_module[0m[2m:[0m [2m/root/.cargo/registry/src/index.crates.io-1949cf8c6b5b557f/moshi-server-0.6.4/src/py_module.rs[0m[2m:[0m[2m560:[0m batched-py channel [3mbidx[0m[2m=[0m0
[2m2026-03-30T11:15:13.370920Z[0m [32m INFO[0m [2mmoshi_server::utils[0m[2m:[0m [2m/root/.cargo/registry/src/index.crates.io-1949cf8c6b5b557f/moshi-server-0.6.4/src/utils.rs[0m[2m:[0m[2m188:[0m task completed successfully [3mname[0m[2m=[0m"recv_loop"
[2m2026-03-30T11:15:13.372105Z[0m [32m INFO[0m [2mmoshi_server::utils[0m[2m:[0m [2m/root/.cargo/registry/src/index.crates.io-1949cf8c6b5b557f/moshi-server-0.6.4/src/utils.rs[0m[2m:[0m[2m188:[0m task completed successfully [3mname[0m[2m=[0m"send_loop"
[2m2026-03-30T11:15:13.577416Z[0m [32m INFO[0m [2mmoshi_server[0m[2m:[0m [2m/root/.cargo/registry/src/index.crates.io-1949cf8c6b5b557f/moshi-server-0.6.4/src/main.rs[0m[2m:[0m[2m974:[0m handling py streaming query
[2m2026-03-30T11:15:13.577477Z[0m [32m INFO[0m [2mmoshi_server::py_module[0m[2m:[0m [2m/root/.cargo/registry/src/index.crates.io-1949cf8c6b5b557f/moshi-server-0.6.4/src/py_module.rs[0m[2m:[0m[2m543:[0m py query [3mquery[0m[2m=[0mPyStreamingQuery { auth_id: None, format: PcmMessagePack, voice: Some("unmute-prod-website/fabieng-enhanced-v2.wav") }
[2m2026-03-30T11:15:13.577490Z[0m [32m INFO[0m [2mmoshi_server::py_module[0m[2m:[0m [2m/root/.cargo/registry/src/index.crates.io-1949cf8c6b5b557f/moshi-server-0.6.4/src/py_module.rs[0m[2m:[0m[2m560:[0m batched-py channel [3mbidx[0m[2m=[0m0
[2m2026-03-30T11:15:20.696957Z[0m [32m INFO[0m [2mmoshi_server::py_module[0m[2m:[0m [2m/root/.cargo/registry/src/index.crates.io-1949cf8c6b5b557f/moshi-server-0.6.4/src/py_module.rs[0m[2m:[0m[2m350:[0m tts finished [3mbatch_idx[0m[2m=[0m0
[2m2026-03-30T11:15:20.696997Z[0m [32m INFO[0m [2mmoshi_server::utils[0m[2m:[0m [2m/root/.cargo/registry/src/index.crates.io-1949cf8c6b5b557f/moshi-server-0.6.4/src/utils.rs[0m[2m:[0m[2m188:[0m task completed successfully [3mname[0m[2m=[0m"send_loop"
[2m2026-03-30T11:15:20.697425Z[0m [32m INFO[0m [2mmoshi_server::utils[0m[2m:[0m [2m/root/.cargo/registry/src/index.crates.io-1949cf8c6b5b557f/moshi-server-0.6.4/src/utils.rs[0m[2m:[0m[2m188:[0m task completed successfully [3mname[0m[2m=[0m"recv_loop"
[2m2026-03-30T11:15:33.240054Z[0m [32m INFO[0m [2mmoshi_server[0m[2m:[0m [2m/root/.cargo/registry/src/index.crates.io-1949cf8c6b5b557f/moshi-server-0.6.4/src/main.rs[0m[2m:[0m[2m974:[0m handling py streaming query
[2m2026-03-30T11:15:33.240113Z[0m [32m INFO[0m [2mmoshi_server::py_module[0m[2m:[0m [2m/root/.cargo/registry/src/index.crates.io-1949cf8c6b5b557f/moshi-server-0.6.4/src/py_module.rs[0m[2m:[0m[2m543:[0m py query [3mquery[0m[2m=[0mPyStreamingQuery { auth_id: None, format: PcmMessagePack, voice: Some("unmute-prod-website/fabieng-enhanced-v2.wav") }
[2m2026-03-30T11:15:33.240126Z[0m [32m INFO[0m [2mmoshi_server::py_module[0m[2m:[0m [2m/root/.cargo/registry/src/index.crates.io-1949cf8c6b5b557f/moshi-server-0.6.4/src/py_module.rs[0m[2m:[0m[2m560:[0m batched-py channel [3mbidx[0m[2m=[0m0
[2m2026-03-30T11:15:33.320308Z[0m [32m INFO[0m [2mmoshi_server::utils[0m[2m:[0m [2m/root/.cargo/registry/src/index.crates.io-1949cf8c6b5b557f/moshi-server-0.6.4/src/utils.rs[0m[2m:[0m[2m188:[0m task completed successfully [3mname[0m[2m=[0m"recv_loop"
[2m2026-03-30T11:15:33.321578Z[0m [32m INFO[0m [2mmoshi_server::utils[0m[2m:[0m [2m/root/.cargo/registry/src/index.crates.io-1949cf8c6b5b557f/moshi-server-0.6.4/src/utils.rs[0m[2m:[0m[2m188:[0m task completed successfully [3mname[0m[2m=[0m"send_loop"
[2m2026-03-30T11:15:38.281085Z[0m [32m INFO[0m [2mmoshi_server[0m[2m:[0m [2m/root/.cargo/registry/src/index.crates.io-1949cf8c6b5b557f/moshi-server-0.6.4/src/main.rs[0m[2m:[0m[2m974:[0m handling py streaming query
[2m2026-03-30T11:15:38.281144Z[0m [32m INFO[0m [2mmoshi_server::py_module[0m[2m:[0m [2m/root/.cargo/registry/src/index.crates.io-1949cf8c6b5b557f/moshi-server-0.6.4/src/py_module.rs[0m[2m:[0m[2m543:[0m py query [3mquery[0m[2m=[0mPyStreamingQuery { auth_id: None, format: PcmMessagePack, voice: Some("unmute-prod-website/fabieng-enhanced-v2.wav") }
[2m2026-03-30T11:15:38.281164Z[0m [32m INFO[0m [2mmoshi_server::py_module[0m[2m:[0m [2m/root/.cargo/registry/src/index.crates.io-1949cf8c6b5b557f/moshi-server-0.6.4/src/py_module.rs[0m[2m:[0m[2m560:[0m batched-py channel [3mbidx[0m[2m=[0m0
[2m2026-03-30T11:15:38.360287Z[0m [32m INFO[0m [2mmoshi_server::utils[0m[2m:[0m [2m/root/.cargo/registry/src/index.crates.io-1949cf8c6b5b557f/moshi-server-0.6.4/src/utils.rs[0m[2m:[0m[2m188:[0m task completed successfully [3mname[0m[2m=[0m"recv_loop"
[2m2026-03-30T11:15:38.360850Z[0m [32m INFO[0m [2mmoshi_server::utils[0m[2m:[0m [2m/root/.cargo/registry/src/index.crates.io-1949cf8c6b5b557f/moshi-server-0.6.4/src/utils.rs[0m[2m:[0m[2m188:[0m task completed successfully [3mname[0m[2m=[0m"send_loop"
[2m2026-03-30T11:15:39.604964Z[0m [32m INFO[0m [2mmoshi_server[0m[2m:[0m [2m/root/.cargo/registry/src/index.crates.io-1949cf8c6b5b557f/moshi-server-0.6.4/src/main.rs[0m[2m:[0m[2m974:[0m handling py streaming query
[2m2026-03-30T11:15:39.605048Z[0m [32m INFO[0m [2mmoshi_server::py_module[0m[2m:[0m [2m/root/.cargo/registry/src/index.crates.io-1949cf8c6b5b557f/moshi-server-0.6.4/src/py_module.rs[0m[2m:[0m[2m543:[0m py query [3mquery[0m[2m=[0mPyStreamingQuery { auth_id: None, format: PcmMessagePack, voice: Some("unmute-prod-website/fabieng-enhanced-v2.wav") }
[2m2026-03-30T11:15:39.605067Z[0m [32m INFO[0m [2mmoshi_server::py_module[0m[2m:[0m [2m/root/.cargo/registry/src/index.crates.io-1949cf8c6b5b557f/moshi-server-0.6.4/src/py_module.rs[0m[2m:[0m[2m560:[0m batched-py channel [3mbidx[0m[2m=[0m0
[2m2026-03-30T11:15:39.637253Z[0m [32m INFO[0m [2mmoshi_server::utils[0m[2m:[0m [2m/root/.cargo/registry/src/index.crates.io-1949cf8c6b5b557f/moshi-server-0.6.4/src/utils.rs[0m[2m:[0m[2m188:[0m task completed successfully [3mname[0m[2m=[0m"recv_loop"
[2m2026-03-30T11:15:39.637804Z[0m [32m INFO[0m [2mmoshi_server::utils[0m[2m:[0m [2m/root/.cargo/registry/src/index.crates.io-1949cf8c6b5b557f/moshi-server-0.6.4/src/utils.rs[0m[2m:[0m[2m188:[0m task completed successfully [3mname[0m[2m=[0m"send_loop"
[2m2026-03-30T11:15:40.326277Z[0m [32m INFO[0m [2mmoshi_server[0m[2m:[0m [2m/root/.cargo/registry/src/index.crates.io-1949cf8c6b5b557f/moshi-server-0.6.4/src/main.rs[0m[2m:[0m[2m974:[0m handling py streaming query
[2m2026-03-30T11:15:40.326334Z[0m [32m INFO[0m [2mmoshi_server::py_module[0m[2m:[0m [2m/root/.cargo/registry/src/index.crates.io-1949cf8c6b5b557f/moshi-server-0.6.4/src/py_module.rs[0m[2m:[0m[2m543:[0m py query [3mquery[0m[2m=[0mPyStreamingQuery { auth_id: None, format: PcmMessagePack, voice: Some("unmute-prod-website/fabieng-enhanced-v2.wav") }
[2m2026-03-30T11:15:40.326346Z[0m [32m INFO[0m [2mmoshi_server::py_module[0m[2m:[0m [2m/root/.cargo/registry/src/index.crates.io-1949cf8c6b5b557f/moshi-server-0.6.4/src/py_module.rs[0m[2m:[0m[2m560:[0m batched-py channel [3mbidx[0m[2m=[0m0
[2m2026-03-30T11:15:48.558087Z[0m [32m INFO[0m [2mmoshi_server::py_module[0m[2m:[0m [2m/root/.cargo/registry/src/index.crates.io-1949cf8c6b5b557f/moshi-server-0.6.4/src/py_module.rs[0m[2m:[0m[2m350:[0m tts finished [3mbatch_idx[0m[2m=[0m0
[2m2026-03-30T11:15:48.558146Z[0m [32m INFO[0m [2mmoshi_server::utils[0m[2m:[0m [2m/root/.cargo/registry/src/index.crates.io-1949cf8c6b5b557f/moshi-server-0.6.4/src/utils.rs[0m[2m:[0m[2m188:[0m task completed successfully [3mname[0m[2m=[0m"send_loop"
[2m2026-03-30T11:15:48.559864Z[0m [32m INFO[0m [2mmoshi_server::utils[0m[2m:[0m [2m/root/.cargo/registry/src/index.crates.io-1949cf8c6b5b557f/moshi-server-0.6.4/src/utils.rs[0m[2m:[0m[2m188:[0m task completed successfully [3mname[0m[2m=[0m"recv_loop"
[2m2026-03-30T11:15:59.721356Z[0m [32m INFO[0m [2mmoshi_server[0m[2m:[0m [2m/root/.cargo/registry/src/index.crates.io-1949cf8c6b5b557f/moshi-server-0.6.4/src/main.rs[0m[2m:[0m[2m974:[0m handling py streaming query
[2m2026-03-30T11:15:59.721416Z[0m [32m INFO[0m [2mmoshi_server::py_module[0m[2m:[0m [2m/root/.cargo/registry/src/index.crates.io-1949cf8c6b5b557f/moshi-server-0.6.4/src/py_module.rs[0m[2m:[0m[2m543:[0m py query [3mquery[0m[2m=[0mPyStreamingQuery { auth_id: None, format: PcmMessagePack, voice: Some("unmute-prod-website/fabieng-enhanced-v2.wav") }
[2m2026-03-30T11:15:59.721439Z[0m [32m INFO[0m [2mmoshi_server::py_module[0m[2m:[0m [2m/root/.cargo/registry/src/index.crates.io-1949cf8c6b5b557f/moshi-server-0.6.4/src/py_module.rs[0m[2m:[0m[2m560:[0m batched-py channel [3mbidx[0m[2m=[0m0
[2m2026-03-30T11:16:00.079049Z[0m [32m INFO[0m [2mmoshi_server::utils[0m[2m:[0m [2m/root/.cargo/registry/src/index.crates.io-1949cf8c6b5b557f/moshi-server-0.6.4/src/utils.rs[0m[2m:[0m[2m188:[0m task completed successfully [3mname[0m[2m=[0m"recv_loop"
[2m2026-03-30T11:16:00.079287Z[0m [32m INFO[0m [2mmoshi_server::utils[0m[2m:[0m [2m/root/.cargo/registry/src/index.crates.io-1949cf8c6b5b557f/moshi-server-0.6.4/src/utils.rs[0m[2m:[0m[2m188:[0m task completed successfully [3mname[0m[2m=[0m"send_loop"
[2m2026-03-30T11:16:01.400955Z[0m [32m INFO[0m [2mmoshi_server[0m[2m:[0m [2m/root/.cargo/registry/src/index.crates.io-1949cf8c6b5b557f/moshi-server-0.6.4/src/main.rs[0m[2m:[0m[2m974:[0m handling py streaming query
[2m2026-03-30T11:16:01.401021Z[0m [32m INFO[0m [2mmoshi_server::py_module[0m[2m:[0m [2m/root/.cargo/registry/src/index.crates.io-1949cf8c6b5b557f/moshi-server-0.6.4/src/py_module.rs[0m[2m:[0m[2m543:[0m py query [3mquery[0m[2m=[0mPyStreamingQuery { auth_id: None, format: PcmMessagePack, voice: Some("unmute-prod-website/fabieng-enhanced-v2.wav") }
[2m2026-03-30T11:16:01.401038Z[0m [32m INFO[0m [2mmoshi_server::py_module[0m[2m:[0m [2m/root/.cargo/registry/src/index.crates.io-1949cf8c6b5b557f/moshi-server-0.6.4/src/py_module.rs[0m[2m:[0m[2m560:[0m batched-py channel [3mbidx[0m[2m=[0m0
[2m2026-03-30T11:16:09.020355Z[0m [32m INFO[0m [2mmoshi_server::py_module[0m[2m:[0m [2m/root/.cargo/registry/src/index.crates.io-1949cf8c6b5b557f/moshi-server-0.6.4/src/py_module.rs[0m[2m:[0m[2m350:[0m tts finished [3mbatch_idx[0m[2m=[0m0
[2m2026-03-30T11:16:09.020616Z[0m [32m INFO[0m [2mmoshi_server::utils[0m[2m:[0m [2m/root/.cargo/registry/src/index.crates.io-1949cf8c6b5b557f/moshi-server-0.6.4/src/utils.rs[0m[2m:[0m[2m188:[0m task completed successfully [3mname[0m[2m=[0m"send_loop"
[2m2026-03-30T11:16:09.021480Z[0m [32m INFO[0m [2mmoshi_server::utils[0m[2m:[0m [2m/root/.cargo/registry/src/index.crates.io-1949cf8c6b5b557f/moshi-server-0.6.4/src/utils.rs[0m[2m:[0m[2m188:[0m task completed successfully [3mname[0m[2m=[0m"recv_loop"
[2m2026-03-30T11:16:21.372365Z[0m [32m INFO[0m [2mmoshi_server[0m[2m:[0m [2m/root/.cargo/registry/src/index.crates.io-1949cf8c6b5b557f/moshi-server-0.6.4/src/main.rs[0m[2m:[0m[2m974:[0m handling py streaming query
[2m2026-03-30T11:16:21.372424Z[0m [32m INFO[0m [2mmoshi_server::py_module[0m[2m:[0m [2m/root/.cargo/registry/src/index.crates.io-1949cf8c6b5b557f/moshi-server-0.6.4/src/py_module.rs[0m[2m:[0m[2m543:[0m py query [3mquery[0m[2m=[0mPyStreamingQuery { auth_id: None, format: PcmMessagePack, voice: Some("unmute-prod-website/fabieng-enhanced-v2.wav") }
[2m2026-03-30T11:16:21.372435Z[0m [32m INFO[0m [2mmoshi_server::py_module[0m[2m:[0m [2m/root/.cargo/registry/src/index.crates.io-1949cf8c6b5b557f/moshi-server-0.6.4/src/py_module.rs[0m[2m:[0m[2m560:[0m batched-py channel [3mbidx[0m[2m=[0m0
[2m2026-03-30T11:16:21.401460Z[0m [32m INFO[0m [2mmoshi_server::utils[0m[2m:[0m [2m/root/.cargo/registry/src/index.crates.io-1949cf8c6b5b557f/moshi-server-0.6.4/src/utils.rs[0m[2m:[0m[2m188:[0m task completed successfully [3mname[0m[2m=[0m"recv_loop"
[2m2026-03-30T11:16:21.401671Z[0m [32m INFO[0m [2mmoshi_server::utils[0m[2m:[0m [2m/root/.cargo/registry/src/index.crates.io-1949cf8c6b5b557f/moshi-server-0.6.4/src/utils.rs[0m[2m:[0m[2m188:[0m task completed successfully [3mname[0m[2m=[0m"send_loop"
[2m2026-03-30T11:16:22.041792Z[0m [32m INFO[0m [2mmoshi_server[0m[2m:[0m [2m/root/.cargo/registry/src/index.crates.io-1949cf8c6b5b557f/moshi-server-0.6.4/src/main.rs[0m[2m:[0m[2m974:[0m handling py streaming query
[2m2026-03-30T11:16:22.041867Z[0m [32m INFO[0m [2mmoshi_server::py_module[0m[2m:[0m [2m/root/.cargo/registry/src/index.crates.io-1949cf8c6b5b557f/moshi-server-0.6.4/src/py_module.rs[0m[2m:[0m[2m543:[0m py query [3mquery[0m[2m=[0mPyStreamingQuery { auth_id: None, format: PcmMessagePack, voice: Some("unmute-prod-website/fabieng-enhanced-v2.wav") }
[2m2026-03-30T11:16:22.041882Z[0m [32m INFO[0m [2mmoshi_server::py_module[0m[2m:[0m [2m/root/.cargo/registry/src/index.crates.io-1949cf8c6b5b557f/moshi-server-0.6.4/src/py_module.rs[0m[2m:[0m[2m560:[0m batched-py channel [3mbidx[0m[2m=[0m0
[2m2026-03-30T11:16:28.865198Z[0m [32m INFO[0m [2mmoshi_server::py_module[0m[2m:[0m [2m/root/.cargo/registry/src/index.crates.io-1949cf8c6b5b557f/moshi-server-0.6.4/src/py_module.rs[0m[2m:[0m[2m350:[0m tts finished [3mbatch_idx[0m[2m=[0m0
[2m2026-03-30T11:16:28.865244Z[0m [32m INFO[0m [2mmoshi_server::utils[0m[2m:[0m [2m/root/.cargo/registry/src/index.crates.io-1949cf8c6b5b557f/moshi-server-0.6.4/src/utils.rs[0m[2m:[0m[2m188:[0m task completed successfully [3mname[0m[2m=[0m"send_loop"
[2m2026-03-30T11:16:28.865517Z[0m [32m INFO[0m [2mmoshi_server::utils[0m[2m:[0m [2m/root/.cargo/registry/src/index.crates.io-1949cf8c6b5b557f/moshi-server-0.6.4/src/utils.rs[0m[2m:[0m[2m188:[0m task completed successfully [3mname[0m[2m=[0m"recv_loop"
[2m2026-03-30T11:16:45.246853Z[0m [32m INFO[0m [2mmoshi_server[0m[2m:[0m [2m/root/.cargo/registry/src/index.crates.io-1949cf8c6b5b557f/moshi-server-0.6.4/src/main.rs[0m[2m:[0m[2m974:[0m handling py streaming query
[2m2026-03-30T11:16:45.246936Z[0m [32m INFO[0m [2mmoshi_server::py_module[0m[2m:[0m [2m/root/.cargo/registry/src/index.crates.io-1949cf8c6b5b557f/moshi-server-0.6.4/src/py_module.rs[0m[2m:[0m[2m543:[0m py query [3mquery[0m[2m=[0mPyStreamingQuery { auth_id: None, format: PcmMessagePack, voice: Some("unmute-prod-website/fabieng-enhanced-v2.wav") }
[2m2026-03-30T11:16:45.246953Z[0m [32m INFO[0m [2mmoshi_server::py_module[0m[2m:[0m [2m/root/.cargo/registry/src/index.crates.io-1949cf8c6b5b557f/moshi-server-0.6.4/src/py_module.rs[0m[2m:[0m[2m560:[0m batched-py channel [3mbidx[0m[2m=[0m0
[2m2026-03-30T11:16:54.787442Z[0m [32m INFO[0m [2mmoshi_server::py_module[0m[2m:[0m [2m/root/.cargo/registry/src/index.crates.io-1949cf8c6b5b557f/moshi-server-0.6.4/src/py_module.rs[0m[2m:[0m[2m350:[0m tts finished [3mbatch_idx[0m[2m=[0m0
[2m2026-03-30T11:16:54.787654Z[0m [32m INFO[0m [2mmoshi_server::utils[0m[2m:[0m [2m/root/.cargo/registry/src/index.crates.io-1949cf8c6b5b557f/moshi-server-0.6.4/src/utils.rs[0m[2m:[0m[2m188:[0m task completed successfully [3mname[0m[2m=[0m"send_loop"
[2m2026-03-30T11:16:54.787939Z[0m [32m INFO[0m [2mmoshi_server::utils[0m[2m:[0m [2m/root/.cargo/registry/src/index.crates.io-1949cf8c6b5b557f/moshi-server-0.6.4/src/utils.rs[0m[2m:[0m[2m188:[0m task completed successfully [3mname[0m[2m=[0m"recv_loop"
[2m2026-03-30T11:17:09.210821Z[0m [32m INFO[0m [2mmoshi_server[0m[2m:[0m [2m/root/.cargo/registry/src/index.crates.io-1949cf8c6b5b557f/moshi-server-0.6.4/src/main.rs[0m[2m:[0m[2m974:[0m handling py streaming query
[2m2026-03-30T11:17:09.210884Z[0m [32m INFO[0m [2mmoshi_server::py_module[0m[2m:[0m [2m/root/.cargo/registry/src/index.crates.io-1949cf8c6b5b557f/moshi-server-0.6.4/src/py_module.rs[0m[2m:[0m[2m543:[0m py query [3mquery[0m[2m=[0mPyStreamingQuery { auth_id: None, format: PcmMessagePack, voice: Some("unmute-prod-website/fabieng-enhanced-v2.wav") }
[2m2026-03-30T11:17:09.210897Z[0m [32m INFO[0m [2mmoshi_server::py_module[0m[2m:[0m [2m/root/.cargo/registry/src/index.crates.io-1949cf8c6b5b557f/moshi-server-0.6.4/src/py_module.rs[0m[2m:[0m[2m560:[0m batched-py channel [3mbidx[0m[2m=[0m0
[2m2026-03-30T11:17:19.317128Z[0m [32m INFO[0m [2mmoshi_server::py_module[0m[2m:[0m [2m/root/.cargo/registry/src/index.crates.io-1949cf8c6b5b557f/moshi-server-0.6.4/src/py_module.rs[0m[2m:[0m[2m350:[0m tts finished [3mbatch_idx[0m[2m=[0m0
[2m2026-03-30T11:17:19.317172Z[0m [32m INFO[0m [2mmoshi_server::utils[0m[2m:[0m [2m/root/.cargo/registry/src/index.crates.io-1949cf8c6b5b557f/moshi-server-0.6.4/src/utils.rs[0m[2m:[0m[2m188:[0m task completed successfully [3mname[0m[2m=[0m"send_loop"
[2m2026-03-30T11:17:19.325760Z[0m [32m INFO[0m [2mmoshi_server::utils[0m[2m:[0m [2m/root/.cargo/registry/src/index.crates.io-1949cf8c6b5b557f/moshi-server-0.6.4/src/utils.rs[0m[2m:[0m[2m188:[0m task completed successfully [3mname[0m[2m=[0m"recv_loop"
[2m2026-03-30T11:17:50.115282Z[0m [32m INFO[0m [2mmoshi_server[0m[2m:[0m [2m/root/.cargo/registry/src/index.crates.io-1949cf8c6b5b557f/moshi-server-0.6.4/src/main.rs[0m[2m:[0m[2m974:[0m handling py streaming query
[2m2026-03-30T11:17:50.115346Z[0m [32m INFO[0m [2mmoshi_server::py_module[0m[2m:[0m [2m/root/.cargo/registry/src/index.crates.io-1949cf8c6b5b557f/moshi-server-0.6.4/src/py_module.rs[0m[2m:[0m[2m543:[0m py query [3mquery[0m[2m=[0mPyStreamingQuery { auth_id: None, format: PcmMessagePack, voice: Some("unmute-prod-website/developpeuse-3.wav") }
[2m2026-03-30T11:17:50.115359Z[0m [32m INFO[0m [2mmoshi_server::py_module[0m[2m:[0m [2m/root/.cargo/registry/src/index.crates.io-1949cf8c6b5b557f/moshi-server-0.6.4/src/py_module.rs[0m[2m:[0m[2m560:[0m batched-py channel [3mbidx[0m[2m=[0m0
[2m2026-03-30T11:17:50.554182Z[0m [32m INFO[0m [2mmoshi_server::utils[0m[2m:[0m [2m/root/.cargo/registry/src/index.crates.io-1949cf8c6b5b557f/moshi-server-0.6.4/src/utils.rs[0m[2m:[0m[2m188:[0m task completed successfully [3mname[0m[2m=[0m"recv_loop"
[2m2026-03-30T11:17:50.594385Z[0m [32m INFO[0m [2mmoshi_server::utils[0m[2m:[0m [2m/root/.cargo/registry/src/index.crates.io-1949cf8c6b5b557f/moshi-server-0.6.4/src/utils.rs[0m[2m:[0m[2m188:[0m task completed successfully [3mname[0m[2m=[0m"send_loop"
[2m2026-03-30T11:17:50.716464Z[0m [32m INFO[0m [2mmoshi_server[0m[2m:[0m [2m/root/.cargo/registry/src/index.crates.io-1949cf8c6b5b557f/moshi-server-0.6.4/src/main.rs[0m[2m:[0m[2m974:[0m handling py streaming query
[2m2026-03-30T11:17:50.716515Z[0m [32m INFO[0m [2mmoshi_server::py_module[0m[2m:[0m [2m/root/.cargo/registry/src/index.crates.io-1949cf8c6b5b557f/moshi-server-0.6.4/src/py_module.rs[0m[2m:[0m[2m543:[0m py query [3mquery[0m[2m=[0mPyStreamingQuery { auth_id: None, format: PcmMessagePack, voice: Some("unmute-prod-website/developpeuse-3.wav") }
[2m2026-03-30T11:17:50.716525Z[0m [32m INFO[0m [2mmoshi_server::py_module[0m[2m:[0m [2m/root/.cargo/registry/src/index.crates.io-1949cf8c6b5b557f/moshi-server-0.6.4/src/py_module.rs[0m[2m:[0m[2m560:[0m batched-py channel [3mbidx[0m[2m=[0m0
[2m2026-03-30T11:17:55.498286Z[0m [32m INFO[0m [2mmoshi_server::py_module[0m[2m:[0m [2m/root/.cargo/registry/src/index.crates.io-1949cf8c6b5b557f/moshi-server-0.6.4/src/py_module.rs[0m[2m:[0m[2m350:[0m tts finished [3mbatch_idx[0m[2m=[0m0
[2m2026-03-30T11:17:55.498435Z[0m [32m INFO[0m [2mmoshi_server::utils[0m[2m:[0m [2m/root/.cargo/registry/src/index.crates.io-1949cf8c6b5b557f/moshi-server-0.6.4/src/utils.rs[0m[2m:[0m[2m188:[0m task completed successfully [3mname[0m[2m=[0m"send_loop"
[2m2026-03-30T11:17:55.498658Z[0m [32m INFO[0m [2mmoshi_server::utils[0m[2m:[0m [2m/root/.cargo/registry/src/index.crates.io-1949cf8c6b5b557f/moshi-server-0.6.4/src/utils.rs[0m[2m:[0m[2m188:[0m task completed successfully [3mname[0m[2m=[0m"recv_loop"
[2m2026-03-30T11:18:04.916134Z[0m [32m INFO[0m [2mmoshi_server[0m[2m:[0m [2m/root/.cargo/registry/src/index.crates.io-1949cf8c6b5b557f/moshi-server-0.6.4/src/main.rs[0m[2m:[0m[2m974:[0m handling py streaming query
[2m2026-03-30T11:18:04.916200Z[0m [32m INFO[0m [2mmoshi_server::py_module[0m[2m:[0m [2m/root/.cargo/registry/src/index.crates.io-1949cf8c6b5b557f/moshi-server-0.6.4/src/py_module.rs[0m[2m:[0m[2m543:[0m py query [3mquery[0m[2m=[0mPyStreamingQuery { auth_id: None, format: PcmMessagePack, voice: Some("unmute-prod-website/developpeuse-3.wav") }
[2m2026-03-30T11:18:04.916212Z[0m [32m INFO[0m [2mmoshi_server::py_module[0m[2m:[0m [2m/root/.cargo/registry/src/index.crates.io-1949cf8c6b5b557f/moshi-server-0.6.4/src/py_module.rs[0m[2m:[0m[2m560:[0m batched-py channel [3mbidx[0m[2m=[0m0
[2m2026-03-30T11:18:05.436565Z[0m [32m INFO[0m [2mmoshi_server::utils[0m[2m:[0m [2m/root/.cargo/registry/src/index.crates.io-1949cf8c6b5b557f/moshi-server-0.6.4/src/utils.rs[0m[2m:[0m[2m188:[0m task completed successfully [3mname[0m[2m=[0m"recv_loop"
[2m2026-03-30T11:18:05.485731Z[0m [31mERROR[0m [2mmoshi_server::utils[0m[2m:[0m [2m/root/.cargo/registry/src/index.crates.io-1949cf8c6b5b557f/moshi-server-0.6.4/src/utils.rs[0m[2m:[0m[2m189:[0m task failed [3mname[0m[2m=[0m"send_loop" [3merr[0m[2m=[0mWebSocket protocol error: Sending after closing is not allowed

Caused by:
    0: WebSocket protocol error: Sending after closing is not allowed
    1: Sending after closing is not allowed
[2m2026-03-30T11:18:05.676519Z[0m [32m INFO[0m [2mmoshi_server[0m[2m:[0m [2m/root/.cargo/registry/src/index.crates.io-1949cf8c6b5b557f/moshi-server-0.6.4/src/main.rs[0m[2m:[0m[2m974:[0m handling py streaming query
[2m2026-03-30T11:18:05.676590Z[0m [32m INFO[0m [2mmoshi_server::py_module[0m[2m:[0m [2m/root/.cargo/registry/src/index.crates.io-1949cf8c6b5b557f/moshi-server-0.6.4/src/py_module.rs[0m[2m:[0m[2m543:[0m py query [3mquery[0m[2m=[0mPyStreamingQuery { auth_id: None, format: PcmMessagePack, voice: Some("unmute-prod-website/developpeuse-3.wav") }
[2m2026-03-30T11:18:05.676608Z[0m [32m INFO[0m [2mmoshi_server::py_module[0m[2m:[0m [2m/root/.cargo/registry/src/index.crates.io-1949cf8c6b5b557f/moshi-server-0.6.4/src/py_module.rs[0m[2m:[0m[2m560:[0m batched-py channel [3mbidx[0m[2m=[0m0
[2m2026-03-30T11:18:10.804901Z[0m [32m INFO[0m [2mmoshi_server::py_module[0m[2m:[0m [2m/root/.cargo/registry/src/index.crates.io-1949cf8c6b5b557f/moshi-server-0.6.4/src/py_module.rs[0m[2m:[0m[2m350:[0m tts finished [3mbatch_idx[0m[2m=[0m0
[2m2026-03-30T11:18:10.805053Z[0m [32m INFO[0m [2mmoshi_server::utils[0m[2m:[0m [2m/root/.cargo/registry/src/index.crates.io-1949cf8c6b5b557f/moshi-server-0.6.4/src/utils.rs[0m[2m:[0m[2m188:[0m task completed successfully [3mname[0m[2m=[0m"send_loop"
[2m2026-03-30T11:18:10.805336Z[0m [32m INFO[0m [2mmoshi_server::utils[0m[2m:[0m [2m/root/.cargo/registry/src/index.crates.io-1949cf8c6b5b557f/moshi-server-0.6.4/src/utils.rs[0m[2m:[0m[2m188:[0m task completed successfully [3mname[0m[2m=[0m"recv_loop"
[2m2026-03-30T11:18:22.837490Z[0m [32m INFO[0m [2mmoshi_server[0m[2m:[0m [2m/root/.cargo/registry/src/index.crates.io-1949cf8c6b5b557f/moshi-server-0.6.4/src/main.rs[0m[2m:[0m[2m974:[0m handling py streaming query
[2m2026-03-30T11:18:22.837548Z[0m [32m INFO[0m [2mmoshi_server::py_module[0m[2m:[0m [2m/root/.cargo/registry/src/index.crates.io-1949cf8c6b5b557f/moshi-server-0.6.4/src/py_module.rs[0m[2m:[0m[2m543:[0m py query [3mquery[0m[2m=[0mPyStreamingQuery { auth_id: None, format: PcmMessagePack, voice: Some("unmute-prod-website/developpeuse-3.wav") }
[2m2026-03-30T11:18:22.837572Z[0m [32m INFO[0m [2mmoshi_server::py_module[0m[2m:[0m [2m/root/.cargo/registry/src/index.crates.io-1949cf8c6b5b557f/moshi-server-0.6.4/src/py_module.rs[0m[2m:[0m[2m560:[0m batched-py channel [3mbidx[0m[2m=[0m0
[2m2026-03-30T11:18:23.034647Z[0m [32m INFO[0m [2mmoshi_server::utils[0m[2m:[0m [2m/root/.cargo/registry/src/index.crates.io-1949cf8c6b5b557f/moshi-server-0.6.4/src/utils.rs[0m[2m:[0m[2m188:[0m task completed successfully [3mname[0m[2m=[0m"recv_loop"
[2m2026-03-30T11:18:23.035270Z[0m [32m INFO[0m [2mmoshi_server::utils[0m[2m:[0m [2m/root/.cargo/registry/src/index.crates.io-1949cf8c6b5b557f/moshi-server-0.6.4/src/utils.rs[0m[2m:[0m[2m188:[0m task completed successfully [3mname[0m[2m=[0m"send_loop"
[2m2026-03-30T11:18:23.238726Z[0m [32m INFO[0m [2mmoshi_server[0m[2m:[0m [2m/root/.cargo/registry/src/index.crates.io-1949cf8c6b5b557f/moshi-server-0.6.4/src/main.rs[0m[2m:[0m[2m974:[0m handling py streaming query
[2m2026-03-30T11:18:23.238797Z[0m [32m INFO[0m [2mmoshi_server::py_module[0m[2m:[0m [2m/root/.cargo/registry/src/index.crates.io-1949cf8c6b5b557f/moshi-server-0.6.4/src/py_module.rs[0m[2m:[0m[2m543:[0m py query [3mquery[0m[2m=[0mPyStreamingQuery { auth_id: None, format: PcmMessagePack, voice: Some("unmute-prod-website/developpeuse-3.wav") }
[2m2026-03-30T11:18:23.238813Z[0m [32m INFO[0m [2mmoshi_server::py_module[0m[2m:[0m [2m/root/.cargo/registry/src/index.crates.io-1949cf8c6b5b557f/moshi-server-0.6.4/src/py_module.rs[0m[2m:[0m[2m560:[0m batched-py channel [3mbidx[0m[2m=[0m0
[2m2026-03-30T11:18:29.840111Z[0m [32m INFO[0m [2mmoshi_server::py_module[0m[2m:[0m [2m/root/.cargo/registry/src/index.crates.io-1949cf8c6b5b557f/moshi-server-0.6.4/src/py_module.rs[0m[2m:[0m[2m350:[0m tts finished [3mbatch_idx[0m[2m=[0m0
[2m2026-03-30T11:18:29.840153Z[0m [32m INFO[0m [2mmoshi_server::utils[0m[2m:[0m [2m/root/.cargo/registry/src/index.crates.io-1949cf8c6b5b557f/moshi-server-0.6.4/src/utils.rs[0m[2m:[0m[2m188:[0m task completed successfully [3mname[0m[2m=[0m"send_loop"
[2m2026-03-30T11:18:29.840621Z[0m [32m INFO[0m [2mmoshi_server::utils[0m[2m:[0m [2m/root/.cargo/registry/src/index.crates.io-1949cf8c6b5b557f/moshi-server-0.6.4/src/utils.rs[0m[2m:[0m[2m188:[0m task completed successfully [3mname[0m[2m=[0m"recv_loop"
[2m2026-03-30T11:23:10.802003Z[0m [32m INFO[0m [2mmoshi_server[0m[2m:[0m [2m/root/.cargo/registry/src/index.crates.io-1949cf8c6b5b557f/moshi-server-0.6.4/src/main.rs[0m[2m:[0m[2m974:[0m handling py streaming query
[2m2026-03-30T11:23:10.802108Z[0m [32m INFO[0m [2mmoshi_server::py_module[0m[2m:[0m [2m/root/.cargo/registry/src/index.crates.io-1949cf8c6b5b557f/moshi-server-0.6.4/src/py_module.rs[0m[2m:[0m[2m543:[0m py query [3mquery[0m[2m=[0mPyStreamingQuery { auth_id: None, format: PcmMessagePack, voice: Some("unmute-prod-website/developpeuse-3.wav") }
[2m2026-03-30T11:23:10.802132Z[0m [32m INFO[0m [2mmoshi_server::py_module[0m[2m:[0m [2m/root/.cargo/registry/src/index.crates.io-1949cf8c6b5b557f/moshi-server-0.6.4/src/py_module.rs[0m[2m:[0m[2m560:[0m batched-py channel [3mbidx[0m[2m=[0m0
[2m2026-03-30T11:23:12.990662Z[0m [32m INFO[0m [2mmoshi_server::py_module[0m[2m:[0m [2m/root/.cargo/registry/src/index.crates.io-1949cf8c6b5b557f/moshi-server-0.6.4/src/py_module.rs[0m[2m:[0m[2m350:[0m tts finished [3mbatch_idx[0m[2m=[0m0
[2m2026-03-30T11:23:12.990709Z[0m [32m INFO[0m [2mmoshi_server::utils[0m[2m:[0m [2m/root/.cargo/registry/src/index.crates.io-1949cf8c6b5b557f/moshi-server-0.6.4/src/utils.rs[0m[2m:[0m[2m188:[0m task completed successfully [3mname[0m[2m=[0m"send_loop"
[2m2026-03-30T11:23:12.990913Z[0m [32m INFO[0m [2mmoshi_server::utils[0m[2m:[0m [2m/root/.cargo/registry/src/index.crates.io-1949cf8c6b5b557f/moshi-server-0.6.4/src/utils.rs[0m[2m:[0m[2m188:[0m task completed successfully [3mname[0m[2m=[0m"recv_loop"
[2m2026-03-30T11:23:22.645049Z[0m [32m INFO[0m [2mmoshi_server[0m[2m:[0m [2m/root/.cargo/registry/src/index.crates.io-1949cf8c6b5b557f/moshi-server-0.6.4/src/main.rs[0m[2m:[0m[2m974:[0m handling py streaming query
[2m2026-03-30T11:23:22.645138Z[0m [32m INFO[0m [2mmoshi_server::py_module[0m[2m:[0m [2m/root/.cargo/registry/src/index.crates.io-1949cf8c6b5b557f/moshi-server-0.6.4/src/py_module.rs[0m[2m:[0m[2m543:[0m py query [3mquery[0m[2m=[0mPyStreamingQuery { auth_id: None, format: PcmMessagePack, voice: Some("unmute-prod-website/developpeuse-3.wav") }
[2m2026-03-30T11:23:22.645172Z[0m [32m INFO[0m [2mmoshi_server::py_module[0m[2m:[0m [2m/root/.cargo/registry/src/index.crates.io-1949cf8c6b5b557f/moshi-server-0.6.4/src/py_module.rs[0m[2m:[0m[2m560:[0m batched-py channel [3mbidx[0m[2m=[0m0
[2m2026-03-30T11:23:25.161593Z[0m [32m INFO[0m [2mmoshi_server::py_module[0m[2m:[0m [2m/root/.cargo/registry/src/index.crates.io-1949cf8c6b5b557f/moshi-server-0.6.4/src/py_module.rs[0m[2m:[0m[2m350:[0m tts finished [3mbatch_idx[0m[2m=[0m0
[2m2026-03-30T11:23:25.161623Z[0m [32m INFO[0m [2mmoshi_server::utils[0m[2m:[0m [2m/root/.cargo/registry/src/index.crates.io-1949cf8c6b5b557f/moshi-server-0.6.4/src/utils.rs[0m[2m:[0m[2m188:[0m task completed successfully [3mname[0m[2m=[0m"send_loop"
[2m2026-03-30T11:23:25.161816Z[0m [32m INFO[0m [2mmoshi_server::utils[0m[2m:[0m [2m/root/.cargo/registry/src/index.crates.io-1949cf8c6b5b557f/moshi-server-0.6.4/src/utils.rs[0m[2m:[0m[2m188:[0m task completed successfully [3mname[0m[2m=[0m"recv_loop"
[2m2026-03-30T11:26:19.325267Z[0m [32m INFO[0m [2mmoshi_server[0m[2m:[0m [2m/root/.cargo/registry/src/index.crates.io-1949cf8c6b5b557f/moshi-server-0.6.4/src/main.rs[0m[2m:[0m[2m974:[0m handling py streaming query
[2m2026-03-30T11:26:19.325358Z[0m [32m INFO[0m [2mmoshi_server::py_module[0m[2m:[0m [2m/root/.cargo/registry/src/index.crates.io-1949cf8c6b5b557f/moshi-server-0.6.4/src/py_module.rs[0m[2m:[0m[2m543:[0m py query [3mquery[0m[2m=[0mPyStreamingQuery { auth_id: None, format: PcmMessagePack, voice: Some("unmute-prod-website/fabieng-enhanced-v2.wav") }
[2m2026-03-30T11:26:19.325377Z[0m [32m INFO[0m [2mmoshi_server::py_module[0m[2m:[0m [2m/root/.cargo/registry/src/index.crates.io-1949cf8c6b5b557f/moshi-server-0.6.4/src/py_module.rs[0m[2m:[0m[2m560:[0m batched-py channel [3mbidx[0m[2m=[0m0
[2m2026-03-30T11:26:19.678360Z[0m [32m INFO[0m [2mmoshi_server::utils[0m[2m:[0m [2m/root/.cargo/registry/src/index.crates.io-1949cf8c6b5b557f/moshi-server-0.6.4/src/utils.rs[0m[2m:[0m[2m188:[0m task completed successfully [3mname[0m[2m=[0m"recv_loop"
[2m2026-03-30T11:26:19.718260Z[0m [32m INFO[0m [2mmoshi_server::utils[0m[2m:[0m [2m/root/.cargo/registry/src/index.crates.io-1949cf8c6b5b557f/moshi-server-0.6.4/src/utils.rs[0m[2m:[0m[2m188:[0m task completed successfully [3mname[0m[2m=[0m"send_loop"
[2m2026-03-30T11:26:19.879588Z[0m [32m INFO[0m [2mmoshi_server[0m[2m:[0m [2m/root/.cargo/registry/src/index.crates.io-1949cf8c6b5b557f/moshi-server-0.6.4/src/main.rs[0m[2m:[0m[2m974:[0m handling py streaming query
[2m2026-03-30T11:26:19.879643Z[0m [32m INFO[0m [2mmoshi_server::py_module[0m[2m:[0m [2m/root/.cargo/registry/src/index.crates.io-1949cf8c6b5b557f/moshi-server-0.6.4/src/py_module.rs[0m[2m:[0m[2m543:[0m py query [3mquery[0m[2m=[0mPyStreamingQuery { auth_id: None, format: PcmMessagePack, voice: Some("unmute-prod-website/fabieng-enhanced-v2.wav") }
[2m2026-03-30T11:26:19.879654Z[0m [32m INFO[0m [2mmoshi_server::py_module[0m[2m:[0m [2m/root/.cargo/registry/src/index.crates.io-1949cf8c6b5b557f/moshi-server-0.6.4/src/py_module.rs[0m[2m:[0m[2m560:[0m batched-py channel [3mbidx[0m[2m=[0m0
[2m2026-03-30T11:26:26.882196Z[0m [32m INFO[0m [2mmoshi_server::py_module[0m[2m:[0m [2m/root/.cargo/registry/src/index.crates.io-1949cf8c6b5b557f/moshi-server-0.6.4/src/py_module.rs[0m[2m:[0m[2m350:[0m tts finished [3mbatch_idx[0m[2m=[0m0
[2m2026-03-30T11:26:26.882241Z[0m [32m INFO[0m [2mmoshi_server::utils[0m[2m:[0m [2m/root/.cargo/registry/src/index.crates.io-1949cf8c6b5b557f/moshi-server-0.6.4/src/utils.rs[0m[2m:[0m[2m188:[0m task completed successfully [3mname[0m[2m=[0m"send_loop"
[2m2026-03-30T11:26:26.882518Z[0m [32m INFO[0m [2mmoshi_server::utils[0m[2m:[0m [2m/root/.cargo/registry/src/index.crates.io-1949cf8c6b5b557f/moshi-server-0.6.4/src/utils.rs[0m[2m:[0m[2m188:[0m task completed successfully [3mname[0m[2m=[0m"recv_loop"
[2m2026-03-30T11:26:47.622922Z[0m [32m INFO[0m [2mmoshi_server[0m[2m:[0m [2m/root/.cargo/registry/src/index.crates.io-1949cf8c6b5b557f/moshi-server-0.6.4/src/main.rs[0m[2m:[0m[2m974:[0m handling py streaming query
[2m2026-03-30T11:26:47.622983Z[0m [32m INFO[0m [2mmoshi_server::py_module[0m[2m:[0m [2m/root/.cargo/registry/src/index.crates.io-1949cf8c6b5b557f/moshi-server-0.6.4/src/py_module.rs[0m[2m:[0m[2m543:[0m py query [3mquery[0m[2m=[0mPyStreamingQuery { auth_id: None, format: PcmMessagePack, voice: Some("unmute-prod-website/fabieng-enhanced-v2.wav") }
[2m2026-03-30T11:26:47.622997Z[0m [32m INFO[0m [2mmoshi_server::py_module[0m[2m:[0m [2m/root/.cargo/registry/src/index.crates.io-1949cf8c6b5b557f/moshi-server-0.6.4/src/py_module.rs[0m[2m:[0m[2m560:[0m batched-py channel [3mbidx[0m[2m=[0m0
[2m2026-03-30T11:26:48.261556Z[0m [32m INFO[0m [2mmoshi_server::utils[0m[2m:[0m [2m/root/.cargo/registry/src/index.crates.io-1949cf8c6b5b557f/moshi-server-0.6.4/src/utils.rs[0m[2m:[0m[2m188:[0m task completed successfully [3mname[0m[2m=[0m"recv_loop"
[2m2026-03-30T11:26:48.300221Z[0m [31mERROR[0m [2mmoshi_server::utils[0m[2m:[0m [2m/root/.cargo/registry/src/index.crates.io-1949cf8c6b5b557f/moshi-server-0.6.4/src/utils.rs[0m[2m:[0m[2m189:[0m task failed [3mname[0m[2m=[0m"send_loop" [3merr[0m[2m=[0mWebSocket protocol error: Sending after closing is not allowed

Caused by:
    0: WebSocket protocol error: Sending after closing is not allowed
    1: Sending after closing is not allowed
[2m2026-03-30T11:26:48.504690Z[0m [32m INFO[0m [2mmoshi_server[0m[2m:[0m [2m/root/.cargo/registry/src/index.crates.io-1949cf8c6b5b557f/moshi-server-0.6.4/src/main.rs[0m[2m:[0m[2m974:[0m handling py streaming query
[2m2026-03-30T11:26:48.504756Z[0m [32m INFO[0m [2mmoshi_server::py_module[0m[2m:[0m [2m/root/.cargo/registry/src/index.crates.io-1949cf8c6b5b557f/moshi-server-0.6.4/src/py_module.rs[0m[2m:[0m[2m543:[0m py query [3mquery[0m[2m=[0mPyStreamingQuery { auth_id: None, format: PcmMessagePack, voice: Some("unmute-prod-website/fabieng-enhanced-v2.wav") }
[2m2026-03-30T11:26:48.504771Z[0m [32m INFO[0m [2mmoshi_server::py_module[0m[2m:[0m [2m/root/.cargo/registry/src/index.crates.io-1949cf8c6b5b557f/moshi-server-0.6.4/src/py_module.rs[0m[2m:[0m[2m560:[0m batched-py channel [3mbidx[0m[2m=[0m0
[2m2026-03-30T11:26:50.750023Z[0m [32m INFO[0m [2mmoshi_server::utils[0m[2m:[0m [2m/root/.cargo/registry/src/index.crates.io-1949cf8c6b5b557f/moshi-server-0.6.4/src/utils.rs[0m[2m:[0m[2m188:[0m task completed successfully [3mname[0m[2m=[0m"recv_loop"
[2m2026-03-30T11:26:50.758876Z[0m [31mERROR[0m [2mmoshi_server::utils[0m[2m:[0m [2m/root/.cargo/registry/src/index.crates.io-1949cf8c6b5b557f/moshi-server-0.6.4/src/utils.rs[0m[2m:[0m[2m189:[0m task failed [3mname[0m[2m=[0m"send_loop" [3merr[0m[2m=[0mWebSocket protocol error: Sending after closing is not allowed

Caused by:
    0: WebSocket protocol error: Sending after closing is not allowed
    1: Sending after closing is not allowed
[2m2026-03-30T11:26:51.747637Z[0m [32m INFO[0m [2mmoshi_server[0m[2m:[0m [2m/root/.cargo/registry/src/index.crates.io-1949cf8c6b5b557f/moshi-server-0.6.4/src/main.rs[0m[2m:[0m[2m974:[0m handling py streaming query
[2m2026-03-30T11:26:51.747723Z[0m [32m INFO[0m [2mmoshi_server::py_module[0m[2m:[0m [2m/root/.cargo/registry/src/index.crates.io-1949cf8c6b5b557f/moshi-server-0.6.4/src/py_module.rs[0m[2m:[0m[2m543:[0m py query [3mquery[0m[2m=[0mPyStreamingQuery { auth_id: None, format: PcmMessagePack, voice: Some("unmute-prod-website/fabieng-enhanced-v2.wav") }
[2m2026-03-30T11:26:51.747742Z[0m [32m INFO[0m [2mmoshi_server::py_module[0m[2m:[0m [2m/root/.cargo/registry/src/index.crates.io-1949cf8c6b5b557f/moshi-server-0.6.4/src/py_module.rs[0m[2m:[0m[2m560:[0m batched-py channel [3mbidx[0m[2m=[0m0
[2m2026-03-30T11:26:55.878783Z[0m [32m INFO[0m [2mmoshi_server::py_module[0m[2m:[0m [2m/root/.cargo/registry/src/index.crates.io-1949cf8c6b5b557f/moshi-server-0.6.4/src/py_module.rs[0m[2m:[0m[2m350:[0m tts finished [3mbatch_idx[0m[2m=[0m0
[2m2026-03-30T11:26:55.878823Z[0m [32m INFO[0m [2mmoshi_server::utils[0m[2m:[0m [2m/root/.cargo/registry/src/index.crates.io-1949cf8c6b5b557f/moshi-server-0.6.4/src/utils.rs[0m[2m:[0m[2m188:[0m task completed successfully [3mname[0m[2m=[0m"send_loop"
[2m2026-03-30T11:26:55.879071Z[0m [32m INFO[0m [2mmoshi_server::utils[0m[2m:[0m [2m/root/.cargo/registry/src/index.crates.io-1949cf8c6b5b557f/moshi-server-0.6.4/src/utils.rs[0m[2m:[0m[2m188:[0m task completed successfully [3mname[0m[2m=[0m"recv_loop"
[2m2026-03-30T11:28:46.054482Z[0m [32m INFO[0m [2mmoshi_server[0m[2m:[0m [2m/root/.cargo/registry/src/index.crates.io-1949cf8c6b5b557f/moshi-server-0.6.4/src/main.rs[0m[2m:[0m[2m974:[0m handling py streaming query
[2m2026-03-30T11:28:46.054557Z[0m [32m INFO[0m [2mmoshi_server::py_module[0m[2m:[0m [2m/root/.cargo/registry/src/index.crates.io-1949cf8c6b5b557f/moshi-server-0.6.4/src/py_module.rs[0m[2m:[0m[2m543:[0m py query [3mquery[0m[2m=[0mPyStreamingQuery { auth_id: None, format: PcmMessagePack, voice: Some("unmute-prod-website/developpeuse-3.wav") }
[2m2026-03-30T11:28:46.054584Z[0m [32m INFO[0m [2mmoshi_server::py_module[0m[2m:[0m [2m/root/.cargo/registry/src/index.crates.io-1949cf8c6b5b557f/moshi-server-0.6.4/src/py_module.rs[0m[2m:[0m[2m560:[0m batched-py channel [3mbidx[0m[2m=[0m0
[2m2026-03-30T11:28:46.248325Z[0m [32m INFO[0m [2mmoshi_server::utils[0m[2m:[0m [2m/root/.cargo/registry/src/index.crates.io-1949cf8c6b5b557f/moshi-server-0.6.4/src/utils.rs[0m[2m:[0m[2m188:[0m task completed successfully [3mname[0m[2m=[0m"recv_loop"
[2m2026-03-30T11:28:46.249330Z[0m [32m INFO[0m [2mmoshi_server::utils[0m[2m:[0m [2m/root/.cargo/registry/src/index.crates.io-1949cf8c6b5b557f/moshi-server-0.6.4/src/utils.rs[0m[2m:[0m[2m188:[0m task completed successfully [3mname[0m[2m=[0m"send_loop"
[2m2026-03-30T11:28:46.456316Z[0m [32m INFO[0m [2mmoshi_server[0m[2m:[0m [2m/root/.cargo/registry/src/index.crates.io-1949cf8c6b5b557f/moshi-server-0.6.4/src/main.rs[0m[2m:[0m[2m974:[0m handling py streaming query
[2m2026-03-30T11:28:46.456373Z[0m [32m INFO[0m [2mmoshi_server::py_module[0m[2m:[0m [2m/root/.cargo/registry/src/index.crates.io-1949cf8c6b5b557f/moshi-server-0.6.4/src/py_module.rs[0m[2m:[0m[2m543:[0m py query [3mquery[0m[2m=[0mPyStreamingQuery { auth_id: None, format: PcmMessagePack, voice: Some("unmute-prod-website/developpeuse-3.wav") }
[2m2026-03-30T11:28:46.456385Z[0m [32m INFO[0m [2mmoshi_server::py_module[0m[2m:[0m [2m/root/.cargo/registry/src/index.crates.io-1949cf8c6b5b557f/moshi-server-0.6.4/src/py_module.rs[0m[2m:[0m[2m560:[0m batched-py channel [3mbidx[0m[2m=[0m0
[2m2026-03-30T11:28:52.925939Z[0m [32m INFO[0m [2mmoshi_server::py_module[0m[2m:[0m [2m/root/.cargo/registry/src/index.crates.io-1949cf8c6b5b557f/moshi-server-0.6.4/src/py_module.rs[0m[2m:[0m[2m350:[0m tts finished [3mbatch_idx[0m[2m=[0m0
[2m2026-03-30T11:28:52.925975Z[0m [32m INFO[0m [2mmoshi_server::utils[0m[2m:[0m [2m/root/.cargo/registry/src/index.crates.io-1949cf8c6b5b557f/moshi-server-0.6.4/src/utils.rs[0m[2m:[0m[2m188:[0m task completed successfully [3mname[0m[2m=[0m"send_loop"
[2m2026-03-30T11:28:52.926276Z[0m [32m INFO[0m [2mmoshi_server::utils[0m[2m:[0m [2m/root/.cargo/registry/src/index.crates.io-1949cf8c6b5b557f/moshi-server-0.6.4/src/utils.rs[0m[2m:[0m[2m188:[0m task completed successfully [3mname[0m[2m=[0m"recv_loop"
[2m2026-03-30T11:29:04.013395Z[0m [32m INFO[0m [2mmoshi_server[0m[2m:[0m [2m/root/.cargo/registry/src/index.crates.io-1949cf8c6b5b557f/moshi-server-0.6.4/src/main.rs[0m[2m:[0m[2m974:[0m handling py streaming query
[2m2026-03-30T11:29:04.013501Z[0m [32m INFO[0m [2mmoshi_server::py_module[0m[2m:[0m [2m/root/.cargo/registry/src/index.crates.io-1949cf8c6b5b557f/moshi-server-0.6.4/src/py_module.rs[0m[2m:[0m[2m543:[0m py query [3mquery[0m[2m=[0mPyStreamingQuery { auth_id: None, format: PcmMessagePack, voice: Some("unmute-prod-website/developpeuse-3.wav") }
[2m2026-03-30T11:29:04.013533Z[0m [32m INFO[0m [2mmoshi_server::py_module[0m[2m:[0m [2m/root/.cargo/registry/src/index.crates.io-1949cf8c6b5b557f/moshi-server-0.6.4/src/py_module.rs[0m[2m:[0m[2m560:[0m batched-py channel [3mbidx[0m[2m=[0m0
[2m2026-03-30T11:29:04.333186Z[0m [32m INFO[0m [2mmoshi_server::utils[0m[2m:[0m [2m/root/.cargo/registry/src/index.crates.io-1949cf8c6b5b557f/moshi-server-0.6.4/src/utils.rs[0m[2m:[0m[2m188:[0m task completed successfully [3mname[0m[2m=[0m"recv_loop"
[2m2026-03-30T11:29:04.388048Z[0m [31mERROR[0m [2mmoshi_server::utils[0m[2m:[0m [2m/root/.cargo/registry/src/index.crates.io-1949cf8c6b5b557f/moshi-server-0.6.4/src/utils.rs[0m[2m:[0m[2m189:[0m task failed [3mname[0m[2m=[0m"send_loop" [3merr[0m[2m=[0mWebSocket protocol error: Sending after closing is not allowed

Caused by:
    0: WebSocket protocol error: Sending after closing is not allowed
    1: Sending after closing is not allowed
[2m2026-03-30T11:29:06.972980Z[0m [32m INFO[0m [2mmoshi_server[0m[2m:[0m [2m/root/.cargo/registry/src/index.crates.io-1949cf8c6b5b557f/moshi-server-0.6.4/src/main.rs[0m[2m:[0m[2m974:[0m handling py streaming query
[2m2026-03-30T11:29:06.973068Z[0m [32m INFO[0m [2mmoshi_server::py_module[0m[2m:[0m [2m/root/.cargo/registry/src/index.crates.io-1949cf8c6b5b557f/moshi-server-0.6.4/src/py_module.rs[0m[2m:[0m[2m543:[0m py query [3mquery[0m[2m=[0mPyStreamingQuery { auth_id: None, format: PcmMessagePack, voice: Some("unmute-prod-website/developpeuse-3.wav") }
[2m2026-03-30T11:29:06.973086Z[0m [32m INFO[0m [2mmoshi_server::py_module[0m[2m:[0m [2m/root/.cargo/registry/src/index.crates.io-1949cf8c6b5b557f/moshi-server-0.6.4/src/py_module.rs[0m[2m:[0m[2m560:[0m batched-py channel [3mbidx[0m[2m=[0m0
[2m2026-03-30T11:29:07.038402Z[0m [32m INFO[0m [2mmoshi_server::utils[0m[2m:[0m [2m/root/.cargo/registry/src/index.crates.io-1949cf8c6b5b557f/moshi-server-0.6.4/src/utils.rs[0m[2m:[0m[2m188:[0m task completed successfully [3mname[0m[2m=[0m"recv_loop"
[2m2026-03-30T11:29:07.069994Z[0m [32m INFO[0m [2mmoshi_server::utils[0m[2m:[0m [2m/root/.cargo/registry/src/index.crates.io-1949cf8c6b5b557f/moshi-server-0.6.4/src/utils.rs[0m[2m:[0m[2m188:[0m task completed successfully [3mname[0m[2m=[0m"send_loop"
[2m2026-03-30T11:29:07.211053Z[0m [32m INFO[0m [2mmoshi_server[0m[2m:[0m [2m/root/.cargo/registry/src/index.crates.io-1949cf8c6b5b557f/moshi-server-0.6.4/src/main.rs[0m[2m:[0m[2m974:[0m handling py streaming query
[2m2026-03-30T11:29:07.211128Z[0m [32m INFO[0m [2mmoshi_server::py_module[0m[2m:[0m [2m/root/.cargo/registry/src/index.crates.io-1949cf8c6b5b557f/moshi-server-0.6.4/src/py_module.rs[0m[2m:[0m[2m543:[0m py query [3mquery[0m[2m=[0mPyStreamingQuery { auth_id: None, format: PcmMessagePack, voice: Some("unmute-prod-website/developpeuse-3.wav") }
[2m2026-03-30T11:29:07.211143Z[0m [32m INFO[0m [2mmoshi_server::py_module[0m[2m:[0m [2m/root/.cargo/registry/src/index.crates.io-1949cf8c6b5b557f/moshi-server-0.6.4/src/py_module.rs[0m[2m:[0m[2m560:[0m batched-py channel [3mbidx[0m[2m=[0m0
[2m2026-03-30T11:29:18.488902Z[0m [32m INFO[0m [2mmoshi_server::py_module[0m[2m:[0m [2m/root/.cargo/registry/src/index.crates.io-1949cf8c6b5b557f/moshi-server-0.6.4/src/py_module.rs[0m[2m:[0m[2m350:[0m tts finished [3mbatch_idx[0m[2m=[0m0
[2m2026-03-30T11:29:18.489108Z[0m [32m INFO[0m [2mmoshi_server::utils[0m[2m:[0m [2m/root/.cargo/registry/src/index.crates.io-1949cf8c6b5b557f/moshi-server-0.6.4/src/utils.rs[0m[2m:[0m[2m188:[0m task completed successfully [3mname[0m[2m=[0m"send_loop"
[2m2026-03-30T11:29:18.489338Z[0m [32m INFO[0m [2mmoshi_server::utils[0m[2m:[0m [2m/root/.cargo/registry/src/index.crates.io-1949cf8c6b5b557f/moshi-server-0.6.4/src/utils.rs[0m[2m:[0m[2m188:[0m task completed successfully [3mname[0m[2m=[0m"recv_loop"
[2m2026-03-30T11:29:35.420145Z[0m [32m INFO[0m [2mmoshi_server[0m[2m:[0m [2m/root/.cargo/registry/src/index.crates.io-1949cf8c6b5b557f/moshi-server-0.6.4/src/main.rs[0m[2m:[0m[2m974:[0m handling py streaming query
[2m2026-03-30T11:29:35.420241Z[0m [32m INFO[0m [2mmoshi_server::py_module[0m[2m:[0m [2m/root/.cargo/registry/src/index.crates.io-1949cf8c6b5b557f/moshi-server-0.6.4/src/py_module.rs[0m[2m:[0m[2m543:[0m py query [3mquery[0m[2m=[0mPyStreamingQuery { auth_id: None, format: PcmMessagePack, voice: Some("unmute-prod-website/developpeuse-3.wav") }
[2m2026-03-30T11:29:35.420262Z[0m [32m INFO[0m [2mmoshi_server::py_module[0m[2m:[0m [2m/root/.cargo/registry/src/index.crates.io-1949cf8c6b5b557f/moshi-server-0.6.4/src/py_module.rs[0m[2m:[0m[2m560:[0m batched-py channel [3mbidx[0m[2m=[0m0
[2m2026-03-30T11:29:35.609752Z[0m [32m INFO[0m [2mmoshi_server::utils[0m[2m:[0m [2m/root/.cargo/registry/src/index.crates.io-1949cf8c6b5b557f/moshi-server-0.6.4/src/utils.rs[0m[2m:[0m[2m188:[0m task completed successfully [3mname[0m[2m=[0m"recv_loop"
[2m2026-03-30T11:29:35.610439Z[0m [32m INFO[0m [2mmoshi_server::utils[0m[2m:[0m [2m/root/.cargo/registry/src/index.crates.io-1949cf8c6b5b557f/moshi-server-0.6.4/src/utils.rs[0m[2m:[0m[2m188:[0m task completed successfully [3mname[0m[2m=[0m"send_loop"
[2m2026-03-30T11:29:35.812683Z[0m [32m INFO[0m [2mmoshi_server[0m[2m:[0m [2m/root/.cargo/registry/src/index.crates.io-1949cf8c6b5b557f/moshi-server-0.6.4/src/main.rs[0m[2m:[0m[2m974:[0m handling py streaming query
[2m2026-03-30T11:29:35.812768Z[0m [32m INFO[0m [2mmoshi_server::py_module[0m[2m:[0m [2m/root/.cargo/registry/src/index.crates.io-1949cf8c6b5b557f/moshi-server-0.6.4/src/py_module.rs[0m[2m:[0m[2m543:[0m py query [3mquery[0m[2m=[0mPyStreamingQuery { auth_id: None, format: PcmMessagePack, voice: Some("unmute-prod-website/developpeuse-3.wav") }
[2m2026-03-30T11:29:35.812785Z[0m [32m INFO[0m [2mmoshi_server::py_module[0m[2m:[0m [2m/root/.cargo/registry/src/index.crates.io-1949cf8c6b5b557f/moshi-server-0.6.4/src/py_module.rs[0m[2m:[0m[2m560:[0m batched-py channel [3mbidx[0m[2m=[0m0
[2m2026-03-30T11:29:44.787032Z[0m [32m INFO[0m [2mmoshi_server::py_module[0m[2m:[0m [2m/root/.cargo/registry/src/index.crates.io-1949cf8c6b5b557f/moshi-server-0.6.4/src/py_module.rs[0m[2m:[0m[2m350:[0m tts finished [3mbatch_idx[0m[2m=[0m0
[2m2026-03-30T11:29:44.787181Z[0m [32m INFO[0m [2mmoshi_server::utils[0m[2m:[0m [2m/root/.cargo/registry/src/index.crates.io-1949cf8c6b5b557f/moshi-server-0.6.4/src/utils.rs[0m[2m:[0m[2m188:[0m task completed successfully [3mname[0m[2m=[0m"send_loop"
[2m2026-03-30T11:29:44.787587Z[0m [32m INFO[0m [2mmoshi_server::utils[0m[2m:[0m [2m/root/.cargo/registry/src/index.crates.io-1949cf8c6b5b557f/moshi-server-0.6.4/src/utils.rs[0m[2m:[0m[2m188:[0m task completed successfully [3mname[0m[2m=[0m"recv_loop"
[2m2026-03-30T11:29:59.017574Z[0m [32m INFO[0m [2mmoshi_server[0m[2m:[0m [2m/root/.cargo/registry/src/index.crates.io-1949cf8c6b5b557f/moshi-server-0.6.4/src/main.rs[0m[2m:[0m[2m974:[0m handling py streaming query
[2m2026-03-30T11:29:59.017671Z[0m [32m INFO[0m [2mmoshi_server::py_module[0m[2m:[0m [2m/root/.cargo/registry/src/index.crates.io-1949cf8c6b5b557f/moshi-server-0.6.4/src/py_module.rs[0m[2m:[0m[2m543:[0m py query [3mquery[0m[2m=[0mPyStreamingQuery { auth_id: None, format: PcmMessagePack, voice: Some("unmute-prod-website/developpeuse-3.wav") }
[2m2026-03-30T11:29:59.017700Z[0m [32m INFO[0m [2mmoshi_server::py_module[0m[2m:[0m [2m/root/.cargo/registry/src/index.crates.io-1949cf8c6b5b557f/moshi-server-0.6.4/src/py_module.rs[0m[2m:[0m[2m560:[0m batched-py channel [3mbidx[0m[2m=[0m0
[2m2026-03-30T11:29:59.130173Z[0m [32m INFO[0m [2mmoshi_server::utils[0m[2m:[0m [2m/root/.cargo/registry/src/index.crates.io-1949cf8c6b5b557f/moshi-server-0.6.4/src/utils.rs[0m[2m:[0m[2m188:[0m task completed successfully [3mname[0m[2m=[0m"recv_loop"
[2m2026-03-30T11:29:59.130378Z[0m [32m INFO[0m [2mmoshi_server::utils[0m[2m:[0m [2m/root/.cargo/registry/src/index.crates.io-1949cf8c6b5b557f/moshi-server-0.6.4/src/utils.rs[0m[2m:[0m[2m188:[0m task completed successfully [3mname[0m[2m=[0m"send_loop"
[2m2026-03-30T11:30:07.822243Z[0m [32m INFO[0m [2mmoshi_server[0m[2m:[0m [2m/root/.cargo/registry/src/index.crates.io-1949cf8c6b5b557f/moshi-server-0.6.4/src/main.rs[0m[2m:[0m[2m974:[0m handling py streaming query
[2m2026-03-30T11:30:07.822330Z[0m [32m INFO[0m [2mmoshi_server::py_module[0m[2m:[0m [2m/root/.cargo/registry/src/index.crates.io-1949cf8c6b5b557f/moshi-server-0.6.4/src/py_module.rs[0m[2m:[0m[2m543:[0m py query [3mquery[0m[2m=[0mPyStreamingQuery { auth_id: None, format: PcmMessagePack, voice: Some("unmute-prod-website/developpeuse-3.wav") }
[2m2026-03-30T11:30:07.822348Z[0m [32m INFO[0m [2mmoshi_server::py_module[0m[2m:[0m [2m/root/.cargo/registry/src/index.crates.io-1949cf8c6b5b557f/moshi-server-0.6.4/src/py_module.rs[0m[2m:[0m[2m560:[0m batched-py channel [3mbidx[0m[2m=[0m0
[2m2026-03-30T11:30:14.029074Z[0m [32m INFO[0m [2mmoshi_server::py_module[0m[2m:[0m [2m/root/.cargo/registry/src/index.crates.io-1949cf8c6b5b557f/moshi-server-0.6.4/src/py_module.rs[0m[2m:[0m[2m350:[0m tts finished [3mbatch_idx[0m[2m=[0m0
[2m2026-03-30T11:30:14.029257Z[0m [32m INFO[0m [2mmoshi_server::utils[0m[2m:[0m [2m/root/.cargo/registry/src/index.crates.io-1949cf8c6b5b557f/moshi-server-0.6.4/src/utils.rs[0m[2m:[0m[2m188:[0m task completed successfully [3mname[0m[2m=[0m"send_loop"
[2m2026-03-30T11:30:14.029590Z[0m [32m INFO[0m [2mmoshi_server::utils[0m[2m:[0m [2m/root/.cargo/registry/src/index.crates.io-1949cf8c6b5b557f/moshi-server-0.6.4/src/utils.rs[0m[2m:[0m[2m188:[0m task completed successfully [3mname[0m[2m=[0m"recv_loop"
[2m2026-03-30T11:30:22.859153Z[0m [32m INFO[0m [2mmoshi_server[0m[2m:[0m [2m/root/.cargo/registry/src/index.crates.io-1949cf8c6b5b557f/moshi-server-0.6.4/src/main.rs[0m[2m:[0m[2m974:[0m handling py streaming query
[2m2026-03-30T11:30:22.859252Z[0m [32m INFO[0m [2mmoshi_server::py_module[0m[2m:[0m [2m/root/.cargo/registry/src/index.crates.io-1949cf8c6b5b557f/moshi-server-0.6.4/src/py_module.rs[0m[2m:[0m[2m543:[0m py query [3mquery[0m[2m=[0mPyStreamingQuery { auth_id: None, format: PcmMessagePack, voice: Some("unmute-prod-website/developpeuse-3.wav") }
[2m2026-03-30T11:30:22.859279Z[0m [32m INFO[0m [2mmoshi_server::py_module[0m[2m:[0m [2m/root/.cargo/registry/src/index.crates.io-1949cf8c6b5b557f/moshi-server-0.6.4/src/py_module.rs[0m[2m:[0m[2m560:[0m batched-py channel [3mbidx[0m[2m=[0m0
[2m2026-03-30T11:30:28.974844Z[0m [32m INFO[0m [2mmoshi_server::py_module[0m[2m:[0m [2m/root/.cargo/registry/src/index.crates.io-1949cf8c6b5b557f/moshi-server-0.6.4/src/py_module.rs[0m[2m:[0m[2m350:[0m tts finished [3mbatch_idx[0m[2m=[0m0
[2m2026-03-30T11:30:28.975070Z[0m [32m INFO[0m [2mmoshi_server::utils[0m[2m:[0m [2m/root/.cargo/registry/src/index.crates.io-1949cf8c6b5b557f/moshi-server-0.6.4/src/utils.rs[0m[2m:[0m[2m188:[0m task completed successfully [3mname[0m[2m=[0m"send_loop"
[2m2026-03-30T11:30:28.975264Z[0m [32m INFO[0m [2mmoshi_server::utils[0m[2m:[0m [2m/root/.cargo/registry/src/index.crates.io-1949cf8c6b5b557f/moshi-server-0.6.4/src/utils.rs[0m[2m:[0m[2m188:[0m task completed successfully [3mname[0m[2m=[0m"recv_loop"
[2m2026-03-30T11:32:34.158284Z[0m [32m INFO[0m [2mmoshi_server[0m[2m:[0m [2m/root/.cargo/registry/src/index.crates.io-1949cf8c6b5b557f/moshi-server-0.6.4/src/main.rs[0m[2m:[0m[2m974:[0m handling py streaming query
[2m2026-03-30T11:32:34.158394Z[0m [32m INFO[0m [2mmoshi_server::py_module[0m[2m:[0m [2m/root/.cargo/registry/src/index.crates.io-1949cf8c6b5b557f/moshi-server-0.6.4/src/py_module.rs[0m[2m:[0m[2m543:[0m py query [3mquery[0m[2m=[0mPyStreamingQuery { auth_id: None, format: PcmMessagePack, voice: Some("unmute-prod-website/developpeuse-3.wav") }
[2m2026-03-30T11:32:34.158426Z[0m [32m INFO[0m [2mmoshi_server::py_module[0m[2m:[0m [2m/root/.cargo/registry/src/index.crates.io-1949cf8c6b5b557f/moshi-server-0.6.4/src/py_module.rs[0m[2m:[0m[2m560:[0m batched-py channel [3mbidx[0m[2m=[0m0
[2m2026-03-30T11:32:34.502966Z[0m [32m INFO[0m [2mmoshi_server::utils[0m[2m:[0m [2m/root/.cargo/registry/src/index.crates.io-1949cf8c6b5b557f/moshi-server-0.6.4/src/utils.rs[0m[2m:[0m[2m188:[0m task completed successfully [3mname[0m[2m=[0m"recv_loop"
[2m2026-03-30T11:32:34.591793Z[0m [32m INFO[0m [2mmoshi_server::utils[0m[2m:[0m [2m/root/.cargo/registry/src/index.crates.io-1949cf8c6b5b557f/moshi-server-0.6.4/src/utils.rs[0m[2m:[0m[2m188:[0m task completed successfully [3mname[0m[2m=[0m"send_loop"
[2m2026-03-30T11:32:34.715974Z[0m [32m INFO[0m [2mmoshi_server[0m[2m:[0m [2m/root/.cargo/registry/src/index.crates.io-1949cf8c6b5b557f/moshi-server-0.6.4/src/main.rs[0m[2m:[0m[2m974:[0m handling py streaming query
[2m2026-03-30T11:32:34.716023Z[0m [32m INFO[0m [2mmoshi_server::py_module[0m[2m:[0m [2m/root/.cargo/registry/src/index.crates.io-1949cf8c6b5b557f/moshi-server-0.6.4/src/py_module.rs[0m[2m:[0m[2m543:[0m py query [3mquery[0m[2m=[0mPyStreamingQuery { auth_id: None, format: PcmMessagePack, voice: Some("unmute-prod-website/developpeuse-3.wav") }
[2m2026-03-30T11:32:34.716033Z[0m [32m INFO[0m [2mmoshi_server::py_module[0m[2m:[0m [2m/root/.cargo/registry/src/index.crates.io-1949cf8c6b5b557f/moshi-server-0.6.4/src/py_module.rs[0m[2m:[0m[2m560:[0m batched-py channel [3mbidx[0m[2m=[0m0
[2m2026-03-30T11:32:37.073735Z[0m [32m INFO[0m [2mmoshi_server::utils[0m[2m:[0m [2m/root/.cargo/registry/src/index.crates.io-1949cf8c6b5b557f/moshi-server-0.6.4/src/utils.rs[0m[2m:[0m[2m188:[0m task completed successfully [3mname[0m[2m=[0m"recv_loop"
[2m2026-03-30T11:32:37.092656Z[0m [31mERROR[0m [2mmoshi_server::utils[0m[2m:[0m [2m/root/.cargo/registry/src/index.crates.io-1949cf8c6b5b557f/moshi-server-0.6.4/src/utils.rs[0m[2m:[0m[2m189:[0m task failed [3mname[0m[2m=[0m"send_loop" [3merr[0m[2m=[0mWebSocket protocol error: Sending after closing is not allowed

Caused by:
    0: WebSocket protocol error: Sending after closing is not allowed
    1: Sending after closing is not allowed
[2m2026-03-30T11:32:43.277097Z[0m [32m INFO[0m [2mmoshi_server[0m[2m:[0m [2m/root/.cargo/registry/src/index.crates.io-1949cf8c6b5b557f/moshi-server-0.6.4/src/main.rs[0m[2m:[0m[2m974:[0m handling py streaming query
[2m2026-03-30T11:32:43.277160Z[0m [32m INFO[0m [2mmoshi_server::py_module[0m[2m:[0m [2m/root/.cargo/registry/src/index.crates.io-1949cf8c6b5b557f/moshi-server-0.6.4/src/py_module.rs[0m[2m:[0m[2m543:[0m py query [3mquery[0m[2m=[0mPyStreamingQuery { auth_id: None, format: PcmMessagePack, voice: Some("unmute-prod-website/developpeuse-3.wav") }
[2m2026-03-30T11:32:43.277180Z[0m [32m INFO[0m [2mmoshi_server::py_module[0m[2m:[0m [2m/root/.cargo/registry/src/index.crates.io-1949cf8c6b5b557f/moshi-server-0.6.4/src/py_module.rs[0m[2m:[0m[2m560:[0m batched-py channel [3mbidx[0m[2m=[0m0
[2m2026-03-30T11:32:49.044626Z[0m [32m INFO[0m [2mmoshi_server::py_module[0m[2m:[0m [2m/root/.cargo/registry/src/index.crates.io-1949cf8c6b5b557f/moshi-server-0.6.4/src/py_module.rs[0m[2m:[0m[2m350:[0m tts finished [3mbatch_idx[0m[2m=[0m0
[2m2026-03-30T11:32:49.044821Z[0m [32m INFO[0m [2mmoshi_server::utils[0m[2m:[0m [2m/root/.cargo/registry/src/index.crates.io-1949cf8c6b5b557f/moshi-server-0.6.4/src/utils.rs[0m[2m:[0m[2m188:[0m task completed successfully [3mname[0m[2m=[0m"send_loop"
[2m2026-03-30T11:32:49.045083Z[0m [32m INFO[0m [2mmoshi_server::utils[0m[2m:[0m [2m/root/.cargo/registry/src/index.crates.io-1949cf8c6b5b557f/moshi-server-0.6.4/src/utils.rs[0m[2m:[0m[2m188:[0m task completed successfully [3mname[0m[2m=[0m"recv_loop"
[2m2026-03-30T11:35:07.681214Z[0m [32m INFO[0m [2mmoshi_server[0m[2m:[0m [2m/root/.cargo/registry/src/index.crates.io-1949cf8c6b5b557f/moshi-server-0.6.4/src/main.rs[0m[2m:[0m[2m974:[0m handling py streaming query
[2m2026-03-30T11:35:07.681288Z[0m [32m INFO[0m [2mmoshi_server::py_module[0m[2m:[0m [2m/root/.cargo/registry/src/index.crates.io-1949cf8c6b5b557f/moshi-server-0.6.4/src/py_module.rs[0m[2m:[0m[2m543:[0m py query [3mquery[0m[2m=[0mPyStreamingQuery { auth_id: None, format: PcmMessagePack, voice: Some("unmute-prod-website/developpeuse-3.wav") }
[2m2026-03-30T11:35:07.681304Z[0m [32m INFO[0m [2mmoshi_server::py_module[0m[2m:[0m [2m/root/.cargo/registry/src/index.crates.io-1949cf8c6b5b557f/moshi-server-0.6.4/src/py_module.rs[0m[2m:[0m[2m560:[0m batched-py channel [3mbidx[0m[2m=[0m0
[2m2026-03-30T11:35:07.715113Z[0m [32m INFO[0m [2mmoshi_server::utils[0m[2m:[0m [2m/root/.cargo/registry/src/index.crates.io-1949cf8c6b5b557f/moshi-server-0.6.4/src/utils.rs[0m[2m:[0m[2m188:[0m task completed successfully [3mname[0m[2m=[0m"recv_loop"
[2m2026-03-30T11:35:07.715446Z[0m [32m INFO[0m [2mmoshi_server::utils[0m[2m:[0m [2m/root/.cargo/registry/src/index.crates.io-1949cf8c6b5b557f/moshi-server-0.6.4/src/utils.rs[0m[2m:[0m[2m188:[0m task completed successfully [3mname[0m[2m=[0m"send_loop"
[2m2026-03-30T11:35:08.082041Z[0m [32m INFO[0m [2mmoshi_server[0m[2m:[0m [2m/root/.cargo/registry/src/index.crates.io-1949cf8c6b5b557f/moshi-server-0.6.4/src/main.rs[0m[2m:[0m[2m974:[0m handling py streaming query
[2m2026-03-30T11:35:08.082204Z[0m [32m INFO[0m [2mmoshi_server::py_module[0m[2m:[0m [2m/root/.cargo/registry/src/index.crates.io-1949cf8c6b5b557f/moshi-server-0.6.4/src/py_module.rs[0m[2m:[0m[2m543:[0m py query [3mquery[0m[2m=[0mPyStreamingQuery { auth_id: None, format: PcmMessagePack, voice: Some("unmute-prod-website/developpeuse-3.wav") }
[2m2026-03-30T11:35:08.082221Z[0m [32m INFO[0m [2mmoshi_server::py_module[0m[2m:[0m [2m/root/.cargo/registry/src/index.crates.io-1949cf8c6b5b557f/moshi-server-0.6.4/src/py_module.rs[0m[2m:[0m[2m560:[0m batched-py channel [3mbidx[0m[2m=[0m0
[2m2026-03-30T11:35:15.000299Z[0m [32m INFO[0m [2mmoshi_server::py_module[0m[2m:[0m [2m/root/.cargo/registry/src/index.crates.io-1949cf8c6b5b557f/moshi-server-0.6.4/src/py_module.rs[0m[2m:[0m[2m350:[0m tts finished [3mbatch_idx[0m[2m=[0m0
[2m2026-03-30T11:35:15.000340Z[0m [32m INFO[0m [2mmoshi_server::utils[0m[2m:[0m [2m/root/.cargo/registry/src/index.crates.io-1949cf8c6b5b557f/moshi-server-0.6.4/src/utils.rs[0m[2m:[0m[2m188:[0m task completed successfully [3mname[0m[2m=[0m"send_loop"
[2m2026-03-30T11:35:15.000532Z[0m [32m INFO[0m [2mmoshi_server::utils[0m[2m:[0m [2m/root/.cargo/registry/src/index.crates.io-1949cf8c6b5b557f/moshi-server-0.6.4/src/utils.rs[0m[2m:[0m[2m188:[0m task completed successfully [3mname[0m[2m=[0m"recv_loop"
[2m2026-03-30T11:35:25.039945Z[0m [32m INFO[0m [2mmoshi_server[0m[2m:[0m [2m/root/.cargo/registry/src/index.crates.io-1949cf8c6b5b557f/moshi-server-0.6.4/src/main.rs[0m[2m:[0m[2m974:[0m handling py streaming query
[2m2026-03-30T11:35:25.040013Z[0m [32m INFO[0m [2mmoshi_server::py_module[0m[2m:[0m [2m/root/.cargo/registry/src/index.crates.io-1949cf8c6b5b557f/moshi-server-0.6.4/src/py_module.rs[0m[2m:[0m[2m543:[0m py query [3mquery[0m[2m=[0mPyStreamingQuery { auth_id: None, format: PcmMessagePack, voice: Some("unmute-prod-website/developpeuse-3.wav") }
[2m2026-03-30T11:35:25.040026Z[0m [32m INFO[0m [2mmoshi_server::py_module[0m[2m:[0m [2m/root/.cargo/registry/src/index.crates.io-1949cf8c6b5b557f/moshi-server-0.6.4/src/py_module.rs[0m[2m:[0m[2m560:[0m batched-py channel [3mbidx[0m[2m=[0m0
[2m2026-03-30T11:35:25.238071Z[0m [32m INFO[0m [2mmoshi_server::utils[0m[2m:[0m [2m/root/.cargo/registry/src/index.crates.io-1949cf8c6b5b557f/moshi-server-0.6.4/src/utils.rs[0m[2m:[0m[2m188:[0m task completed successfully [3mname[0m[2m=[0m"recv_loop"
[2m2026-03-30T11:35:25.239102Z[0m [32m INFO[0m [2mmoshi_server::utils[0m[2m:[0m [2m/root/.cargo/registry/src/index.crates.io-1949cf8c6b5b557f/moshi-server-0.6.4/src/utils.rs[0m[2m:[0m[2m188:[0m task completed successfully [3mname[0m[2m=[0m"send_loop"
[2m2026-03-30T11:35:25.518937Z[0m [32m INFO[0m [2mmoshi_server[0m[2m:[0m [2m/root/.cargo/registry/src/index.crates.io-1949cf8c6b5b557f/moshi-server-0.6.4/src/main.rs[0m[2m:[0m[2m974:[0m handling py streaming query
[2m2026-03-30T11:35:25.519000Z[0m [32m INFO[0m [2mmoshi_server::py_module[0m[2m:[0m [2m/root/.cargo/registry/src/index.crates.io-1949cf8c6b5b557f/moshi-server-0.6.4/src/py_module.rs[0m[2m:[0m[2m543:[0m py query [3mquery[0m[2m=[0mPyStreamingQuery { auth_id: None, format: PcmMessagePack, voice: Some("unmute-prod-website/developpeuse-3.wav") }
[2m2026-03-30T11:35:25.519012Z[0m [32m INFO[0m [2mmoshi_server::py_module[0m[2m:[0m [2m/root/.cargo/registry/src/index.crates.io-1949cf8c6b5b557f/moshi-server-0.6.4/src/py_module.rs[0m[2m:[0m[2m560:[0m batched-py channel [3mbidx[0m[2m=[0m0
[2m2026-03-30T11:35:35.643472Z[0m [32m INFO[0m [2mmoshi_server::py_module[0m[2m:[0m [2m/root/.cargo/registry/src/index.crates.io-1949cf8c6b5b557f/moshi-server-0.6.4/src/py_module.rs[0m[2m:[0m[2m350:[0m tts finished [3mbatch_idx[0m[2m=[0m0
[2m2026-03-30T11:35:35.643681Z[0m [32m INFO[0m [2mmoshi_server::utils[0m[2m:[0m [2m/root/.cargo/registry/src/index.crates.io-1949cf8c6b5b557f/moshi-server-0.6.4/src/utils.rs[0m[2m:[0m[2m188:[0m task completed successfully [3mname[0m[2m=[0m"send_loop"
[2m2026-03-30T11:35:35.643976Z[0m [32m INFO[0m [2mmoshi_server::utils[0m[2m:[0m [2m/root/.cargo/registry/src/index.crates.io-1949cf8c6b5b557f/moshi-server-0.6.4/src/utils.rs[0m[2m:[0m[2m188:[0m task completed successfully [3mname[0m[2m=[0m"recv_loop"
[2m2026-03-30T11:35:50.000607Z[0m [32m INFO[0m [2mmoshi_server[0m[2m:[0m [2m/root/.cargo/registry/src/index.crates.io-1949cf8c6b5b557f/moshi-server-0.6.4/src/main.rs[0m[2m:[0m[2m974:[0m handling py streaming query
[2m2026-03-30T11:35:50.000676Z[0m [32m INFO[0m [2mmoshi_server::py_module[0m[2m:[0m [2m/root/.cargo/registry/src/index.crates.io-1949cf8c6b5b557f/moshi-server-0.6.4/src/py_module.rs[0m[2m:[0m[2m543:[0m py query [3mquery[0m[2m=[0mPyStreamingQuery { auth_id: None, format: PcmMessagePack, voice: Some("unmute-prod-website/developpeuse-3.wav") }
[2m2026-03-30T11:35:50.000694Z[0m [32m INFO[0m [2mmoshi_server::py_module[0m[2m:[0m [2m/root/.cargo/registry/src/index.crates.io-1949cf8c6b5b557f/moshi-server-0.6.4/src/py_module.rs[0m[2m:[0m[2m560:[0m batched-py channel [3mbidx[0m[2m=[0m0
[2m2026-03-30T11:35:50.276525Z[0m [32m INFO[0m [2mmoshi_server::utils[0m[2m:[0m [2m/root/.cargo/registry/src/index.crates.io-1949cf8c6b5b557f/moshi-server-0.6.4/src/utils.rs[0m[2m:[0m[2m188:[0m task completed successfully [3mname[0m[2m=[0m"recv_loop"
[2m2026-03-30T11:35:50.277173Z[0m [32m INFO[0m [2mmoshi_server::utils[0m[2m:[0m [2m/root/.cargo/registry/src/index.crates.io-1949cf8c6b5b557f/moshi-server-0.6.4/src/utils.rs[0m[2m:[0m[2m188:[0m task completed successfully [3mname[0m[2m=[0m"send_loop"
[2m2026-03-30T11:35:50.518774Z[0m [32m INFO[0m [2mmoshi_server[0m[2m:[0m [2m/root/.cargo/registry/src/index.crates.io-1949cf8c6b5b557f/moshi-server-0.6.4/src/main.rs[0m[2m:[0m[2m974:[0m handling py streaming query
[2m2026-03-30T11:35:50.518851Z[0m [32m INFO[0m [2mmoshi_server::py_module[0m[2m:[0m [2m/root/.cargo/registry/src/index.crates.io-1949cf8c6b5b557f/moshi-server-0.6.4/src/py_module.rs[0m[2m:[0m[2m543:[0m py query [3mquery[0m[2m=[0mPyStreamingQuery { auth_id: None, format: PcmMessagePack, voice: Some("unmute-prod-website/developpeuse-3.wav") }
[2m2026-03-30T11:35:50.518883Z[0m [32m INFO[0m [2mmoshi_server::py_module[0m[2m:[0m [2m/root/.cargo/registry/src/index.crates.io-1949cf8c6b5b557f/moshi-server-0.6.4/src/py_module.rs[0m[2m:[0m[2m560:[0m batched-py channel [3mbidx[0m[2m=[0m0
[2m2026-03-30T11:35:58.428004Z[0m [32m INFO[0m [2mmoshi_server::utils[0m[2m:[0m [2m/root/.cargo/registry/src/index.crates.io-1949cf8c6b5b557f/moshi-server-0.6.4/src/utils.rs[0m[2m:[0m[2m188:[0m task completed successfully [3mname[0m[2m=[0m"recv_loop"
[2m2026-03-30T11:35:58.440885Z[0m [31mERROR[0m [2mmoshi_server::utils[0m[2m:[0m [2m/root/.cargo/registry/src/index.crates.io-1949cf8c6b5b557f/moshi-server-0.6.4/src/utils.rs[0m[2m:[0m[2m189:[0m task failed [3mname[0m[2m=[0m"send_loop" [3merr[0m[2m=[0mWebSocket protocol error: Sending after closing is not allowed

Caused by:
    0: WebSocket protocol error: Sending after closing is not allowed
    1: Sending after closing is not allowed
[2m2026-03-30T12:42:10.814592Z[0m [32m INFO[0m [2mmoshi_server[0m[2m:[0m [2m/root/.cargo/registry/src/index.crates.io-1949cf8c6b5b557f/moshi-server-0.6.4/src/main.rs[0m[2m:[0m[2m974:[0m handling py streaming query
[2m2026-03-30T12:42:10.814652Z[0m [32m INFO[0m [2mmoshi_server::py_module[0m[2m:[0m [2m/root/.cargo/registry/src/index.crates.io-1949cf8c6b5b557f/moshi-server-0.6.4/src/py_module.rs[0m[2m:[0m[2m543:[0m py query [3mquery[0m[2m=[0mPyStreamingQuery { auth_id: None, format: PcmMessagePack, voice: Some("voix/therese.wav") }
[2m2026-03-30T12:42:10.814665Z[0m [32m INFO[0m [2mmoshi_server::py_module[0m[2m:[0m [2m/root/.cargo/registry/src/index.crates.io-1949cf8c6b5b557f/moshi-server-0.6.4/src/py_module.rs[0m[2m:[0m[2m560:[0m batched-py channel [3mbidx[0m[2m=[0m0
[2m2026-03-30T12:42:13.571719Z[0m [32m INFO[0m [2mmoshi_server::utils[0m[2m:[0m [2m/root/.cargo/registry/src/index.crates.io-1949cf8c6b5b557f/moshi-server-0.6.4/src/utils.rs[0m[2m:[0m[2m188:[0m task completed successfully [3mname[0m[2m=[0m"recv_loop"
[2m2026-03-30T12:42:13.584103Z[0m [31mERROR[0m [2mmoshi_server::utils[0m[2m:[0m [2m/root/.cargo/registry/src/index.crates.io-1949cf8c6b5b557f/moshi-server-0.6.4/src/utils.rs[0m[2m:[0m[2m189:[0m task failed [3mname[0m[2m=[0m"send_loop" [3merr[0m[2m=[0mWebSocket protocol error: Sending after closing is not allowed

Caused by:
    0: WebSocket protocol error: Sending after closing is not allowed
    1: Sending after closing is not allowed
[2m2026-03-30T12:42:33.177080Z[0m [32m INFO[0m [2mmoshi_server[0m[2m:[0m [2m/root/.cargo/registry/src/index.crates.io-1949cf8c6b5b557f/moshi-server-0.6.4/src/main.rs[0m[2m:[0m[2m974:[0m handling py streaming query
[2m2026-03-30T12:42:33.177138Z[0m [32m INFO[0m [2mmoshi_server::py_module[0m[2m:[0m [2m/root/.cargo/registry/src/index.crates.io-1949cf8c6b5b557f/moshi-server-0.6.4/src/py_module.rs[0m[2m:[0m[2m543:[0m py query [3mquery[0m[2m=[0mPyStreamingQuery { auth_id: None, format: PcmMessagePack, voice: Some("voix/therese.wav") }
[2m2026-03-30T12:42:33.177152Z[0m [32m INFO[0m [2mmoshi_server::py_module[0m[2m:[0m [2m/root/.cargo/registry/src/index.crates.io-1949cf8c6b5b557f/moshi-server-0.6.4/src/py_module.rs[0m[2m:[0m[2m560:[0m batched-py channel [3mbidx[0m[2m=[0m0
[2m2026-03-30T12:42:37.019889Z[0m [32m INFO[0m [2mmoshi_server::py_module[0m[2m:[0m [2m/root/.cargo/registry/src/index.crates.io-1949cf8c6b5b557f/moshi-server-0.6.4/src/py_module.rs[0m[2m:[0m[2m350:[0m tts finished [3mbatch_idx[0m[2m=[0m0
[2m2026-03-30T12:42:37.020104Z[0m [32m INFO[0m [2mmoshi_server::utils[0m[2m:[0m [2m/root/.cargo/registry/src/index.crates.io-1949cf8c6b5b557f/moshi-server-0.6.4/src/utils.rs[0m[2m:[0m[2m188:[0m task completed successfully [3mname[0m[2m=[0m"send_loop"
[2m2026-03-30T12:42:37.020304Z[0m [32m INFO[0m [2mmoshi_server::utils[0m[2m:[0m [2m/root/.cargo/registry/src/index.crates.io-1949cf8c6b5b557f/moshi-server-0.6.4/src/utils.rs[0m[2m:[0m[2m188:[0m task completed successfully [3mname[0m[2m=[0m"recv_loop"
[2m2026-03-30T12:44:31.019541Z[0m [32m INFO[0m [2mmoshi_server[0m[2m:[0m [2m/root/.cargo/registry/src/index.crates.io-1949cf8c6b5b557f/moshi-server-0.6.4/src/main.rs[0m[2m:[0m[2m974:[0m handling py streaming query
[2m2026-03-30T12:44:31.019608Z[0m [32m INFO[0m [2mmoshi_server::py_module[0m[2m:[0m [2m/root/.cargo/registry/src/index.crates.io-1949cf8c6b5b557f/moshi-server-0.6.4/src/py_module.rs[0m[2m:[0m[2m543:[0m py query [3mquery[0m[2m=[0mPyStreamingQuery { auth_id: None, format: PcmMessagePack, voice: Some("unmute-prod-website/fabieng-enhanced-v2.wav") }
[2m2026-03-30T12:44:31.019624Z[0m [32m INFO[0m [2mmoshi_server::py_module[0m[2m:[0m [2m/root/.cargo/registry/src/index.crates.io-1949cf8c6b5b557f/moshi-server-0.6.4/src/py_module.rs[0m[2m:[0m[2m560:[0m batched-py channel [3mbidx[0m[2m=[0m0
[2m2026-03-30T12:44:33.885124Z[0m [32m INFO[0m [2mmoshi_server::utils[0m[2m:[0m [2m/root/.cargo/registry/src/index.crates.io-1949cf8c6b5b557f/moshi-server-0.6.4/src/utils.rs[0m[2m:[0m[2m188:[0m task completed successfully [3mname[0m[2m=[0m"recv_loop"
[2m2026-03-30T12:44:33.887583Z[0m [31mERROR[0m [2mmoshi_server::utils[0m[2m:[0m [2m/root/.cargo/registry/src/index.crates.io-1949cf8c6b5b557f/moshi-server-0.6.4/src/utils.rs[0m[2m:[0m[2m189:[0m task failed [3mname[0m[2m=[0m"send_loop" [3merr[0m[2m=[0mWebSocket protocol error: Sending after closing is not allowed

Caused by:
    0: WebSocket protocol error: Sending after closing is not allowed
    1: Sending after closing is not allowed
